#
# A fatal error has been detected by the Java Runtime Environment:
#
#  EXCEPTION_ACCESS_VIOLATION (0xc0000005) at pc=0x00007fff88cc725f, pid=11732, tid=14816
#
# JRE version: OpenJDK Runtime Environment (11.0.10) (build 11.0.10+0-b96-7249189)
# Java VM: OpenJDK 64-Bit Server VM (11.0.10+0-b96-7249189, mixed mode, tiered, compressed oops, g1 gc, windows-amd64)
# Problematic frame:
# V  [jvm.dll+0x50725f]
#
# No core dump will be written. Minidumps are not enabled by default on client versions of Windows
#
# If you would like to submit a bug report, please visit:
#   https://bugreport.java.com/bugreport/crash.jsp
#

---------------  S U M M A R Y ------------

Command Line: --add-opens=java.base/java.util=ALL-UNNAMED --add-opens=java.base/java.lang=ALL-UNNAMED --add-opens=java.base/java.lang.invoke=ALL-UNNAMED --add-opens=java.base/java.util=ALL-UNNAMED --add-opens=java.prefs/java.util.prefs=ALL-UNNAMED --add-opens=java.prefs/java.util.prefs=ALL-UNNAMED --add-opens=java.base/java.nio.charset=ALL-UNNAMED --add-opens=java.base/java.net=ALL-UNNAMED --add-opens=java.base/java.util.concurrent.atomic=ALL-UNNAMED -Xmx2048m -Dfile.encoding=UTF-8 -Duser.country=ID -Duser.language=en -Duser.variant org.gradle.launcher.daemon.bootstrap.GradleDaemon 7.0.2

Host: Intel(R) Celeron(R) N4000 CPU @ 1.10GHz, 2 cores, 7G,  Windows 10 , 64 bit Build 18362 (10.0.18362.86)
Time: Tue Dec  7 16:44:39 2021 SE Asia Standard Time elapsed time: 148.564460 seconds (0d 0h 2m 28s)

---------------  T H R E A D  ---------------

Current thread (0x0000025f19e98000):  JavaThread "C2 CompilerThread0" daemon [_thread_in_native, id=14816, stack(0x000000bba8500000,0x000000bba8600000)]


Current CompileTask:
C2: 148564 17298   !   4       java.io.ObjectOutputStream::writeObject0 (619 bytes)

Stack: [0x000000bba8500000,0x000000bba8600000],  sp=0x000000bba85fa930,  free space=1002k
Native frames: (J=compiled Java code, j=interpreted, Vv=VM code, C=native code)
V  [jvm.dll+0x50725f]
V  [jvm.dll+0x506e28]
V  [jvm.dll+0x506347]
V  [jvm.dll+0x203253]
V  [jvm.dll+0x1fd07c]
V  [jvm.dll+0x1fa77f]
V  [jvm.dll+0x18354c]
V  [jvm.dll+0x208ee7]
V  [jvm.dll+0x207731]
V  [jvm.dll+0x6eb1cf]
V  [jvm.dll+0x6e3d45]
V  [jvm.dll+0x5ebe96]
C  [ucrtbase.dll+0x1d912]
C  [KERNEL32.DLL+0x17bd4]
C  [ntdll.dll+0x6ce71]


siginfo: EXCEPTION_ACCESS_VIOLATION (0xc0000005), reading address 0x0000000000000009


Register to memory mapping:

RIP=0x00007fff88cc725f jvm.dll
RAX=0x0000025f1d07eef0 points into unknown readable memory: 0x0000000000000000 | 00 00 00 00 00 00 00 00
RBX=0x0000025f237f4c98 points into unknown readable memory: 0x00007fff88fd9b00 | 00 9b fd 88 ff 7f 00 00
RCX=0x0 is NULL
RDX=0x0000025f1d07eef0 points into unknown readable memory: 0x0000000000000000 | 00 00 00 00 00 00 00 00
RSP=0x000000bba85fa930 is pointing into the stack for thread: 0x0000025f19e98000
RBP=0x0000000000000009 is an unknown value
RSI=0x000000000000098e is an unknown value
RDI=0x000000bba85fae60 is pointing into the stack for thread: 0x0000025f19e98000
R8 =0x0000025f231281d0 points into unknown readable memory: 0x0000025f1e929070 | 70 90 92 1e 5f 02 00 00
R9 =0x000000bba85fae60 is pointing into the stack for thread: 0x0000025f19e98000
R10=0x0000025f234eb450 points into unknown readable memory: 0x0000025f1ef107a8 | a8 07 f1 1e 5f 02 00 00
R11=0x0000025f1d335350 points into unknown readable memory: 0x0000025f1ef10908 | 08 09 f1 1e 5f 02 00 00
R12=0x000000bba85faa28 is pointing into the stack for thread: 0x0000025f19e98000
R13=0x000000bba85faa00 is pointing into the stack for thread: 0x0000025f19e98000
R14=0x0000025f1e7b1198 points into unknown readable memory: 0x00007fff88fcbf10 | 10 bf fc 88 ff 7f 00 00
R15=0x0000025f1e7b1198 points into unknown readable memory: 0x00007fff88fcbf10 | 10 bf fc 88 ff 7f 00 00


Registers:
RAX=0x0000025f1d07eef0, RBX=0x0000025f237f4c98, RCX=0x0000000000000000, RDX=0x0000025f1d07eef0
RSP=0x000000bba85fa930, RBP=0x0000000000000009, RSI=0x000000000000098e, RDI=0x000000bba85fae60
R8 =0x0000025f231281d0, R9 =0x000000bba85fae60, R10=0x0000025f234eb450, R11=0x0000025f1d335350
R12=0x000000bba85faa28, R13=0x000000bba85faa00, R14=0x0000025f1e7b1198, R15=0x0000025f1e7b1198
RIP=0x00007fff88cc725f, EFLAGS=0x0000000000010202

Top of Stack: (sp=0x000000bba85fa930)
0x000000bba85fa930:   0000025f237f4c98 000000000000098e
0x000000bba85fa940:   0000025f237f53b0 0000000000000008
0x000000bba85fa950:   0000025f237f4c08 0000000000000008
0x000000bba85fa960:   000000bba85faa90 00007fff88cc6e28
0x000000bba85fa970:   0000025f237f4c98 0000000000000009
0x000000bba85fa980:   000000000000098e 000000bba85faa28
0x000000bba85fa990:   000000bba85fb838 00007fff88d8c470
0x000000bba85fa9a0:   0000025f1a813100 0000000000000002
0x000000bba85fa9b0:   0000025f1b6b3460 000000bba85faae0
0x000000bba85fa9c0:   0000000000000000 0000000000000002
0x000000bba85fa9d0:   000000bba85fae60 00007fff88cc6347
0x000000bba85fa9e0:   000000bba85fae60 0000000000000001
0x000000bba85fa9f0:   0000000000000008 000000bba85faa90
0x000000bba85faa00:   0000025f1a813100 0000025f00001000
0x000000bba85faa10:   0000025f23193ad0 000000000000098f
0x000000bba85faa20:   0000000100000002 00007fff8902de48 

Instructions: (pc=0x00007fff88cc725f)
0x00007fff88cc715f:   75 65 33 d2 48 8b ce e8 65 4e 0b 00 48 85 c0 74
0x00007fff88cc716f:   56 48 8b c8 e8 e8 36 c8 ff 85 c0 79 4a f7 d0 c1
0x00007fff88cc717f:   f8 03 83 e0 1f 8d 48 f8 f7 c1 f6 ff ff ff 75 37
0x00007fff88cc718f:   83 f8 09 74 32 48 8b 46 08 4d 8b c4 48 8b 08 48
0x00007fff88cc719f:   8b 41 08 48 8b cf 48 8b 18 48 8b 07 48 8b d3 ff
0x00007fff88cc71af:   50 20 84 c0 74 05 49 3b dc 75 0c 8b 43 2c 48 8b
0x00007fff88cc71bf:   f3 24 0f 3c 08 74 9b 48 85 f6 74 11 8b 46 2c 83
0x00007fff88cc71cf:   e0 07 3c 05 75 07 48 8b 46 08 48 8b 30 45 8b 7e
0x00007fff88cc71df:   28 44 3b 7f 28 72 0c 41 8b d7 48 8d 4f 20 e8 ce
0x00007fff88cc71ef:   51 0c 00 48 8b 47 30 48 8d 56 01 48 8b cf 4a 89
0x00007fff88cc71ff:   14 f8 48 8b d6 e8 f7 ea da ff 4c 8b 7c 24 20 84
0x00007fff88cc720f:   c0 75 09 48 8b af 90 09 00 00 eb 12 8b 46 28 3b
0x00007fff88cc721f:   47 28 73 0a 8b c8 48 8b 47 30 48 8b 2c c8 48 83
0x00007fff88cc722f:   7d 10 00 75 21 8b 7d 50 8d 47 01 89 45 50 3b 7d
0x00007fff88cc723f:   40 72 0b 8b d7 48 8d 4d 38 e8 73 51 0c 00 48 8b
0x00007fff88cc724f:   45 48 4c 89 34 f8 48 8b 74 24 50 4c 8b 64 24 58
0x00007fff88cc725f:   48 8b 6c 24 48 48 8b 5c 24 40 48 83 c4 28 41 5e
0x00007fff88cc726f:   5f c3 0f 1f 00 b8 6f 50 00 2b 6f 50 00 00 01 01
0x00007fff88cc727f:   01 01 01 01 01 01 01 01 01 01 01 01 01 01 01 01
0x00007fff88cc728f:   01 01 01 01 01 01 01 01 01 01 01 01 01 01 01 01
0x00007fff88cc729f:   01 01 01 01 01 01 01 01 01 01 01 01 01 01 01 01
0x00007fff88cc72af:   01 01 01 01 01 01 01 01 01 01 01 01 01 01 01 01
0x00007fff88cc72bf:   01 01 01 01 01 01 01 01 01 01 01 01 01 01 01 01
0x00007fff88cc72cf:   01 01 01 01 01 01 01 01 01 01 01 01 01 01 01 01
0x00007fff88cc72df:   01 01 01 01 01 01 00 00 00 01 01 01 01 01 01 01
0x00007fff88cc72ef:   01 01 01 01 01 01 00 01 01 01 01 01 01 01 01 01
0x00007fff88cc72ff:   01 00 00 00 00 00 00 00 00 00 00 00 01 00 00 00
0x00007fff88cc730f:   00 01 00 00 01 01 01 01 01 01 01 01 01 01 01 01
0x00007fff88cc731f:   01 01 01 01 01 01 00 00 00 01 01 01 01 01 01 01
0x00007fff88cc732f:   01 01 01 01 01 01 01 01 01 01 01 01 01 01 01 01
0x00007fff88cc733f:   01 01 01 01 01 01 01 01 01 01 01 01 01 01 01 01
0x00007fff88cc734f:   01 01 01 01 01 01 01 01 01 01 01 01 01 01 01 01 


Stack slot to memory mapping:
stack at sp + 0 slots: 0x0000025f237f4c98 points into unknown readable memory: 0x00007fff88fd9b00 | 00 9b fd 88 ff 7f 00 00
stack at sp + 1 slots: 0x000000000000098e is an unknown value
stack at sp + 2 slots: 0x0000025f237f53b0 points into unknown readable memory: 0x00007fff88fa4350 | 50 43 fa 88 ff 7f 00 00
stack at sp + 3 slots: 0x0000000000000008 is an unknown value
stack at sp + 4 slots: 0x0000025f237f4c08 points into unknown readable memory: 0x00007fff88fd9a40 | 40 9a fd 88 ff 7f 00 00
stack at sp + 5 slots: 0x0000000000000008 is an unknown value
stack at sp + 6 slots: 0x000000bba85faa90 is pointing into the stack for thread: 0x0000025f19e98000
stack at sp + 7 slots: 0x00007fff88cc6e28 jvm.dll


---------------  P R O C E S S  ---------------

Threads class SMR info:
_java_thread_list=0x0000025f1f2bc8a0, length=50, elements={
0x0000025f7cd9b800, 0x0000025f19e74800, 0x0000025f19e78800, 0x0000025f19e8e000,
0x0000025f19e90000, 0x0000025f19e91000, 0x0000025f19e98000, 0x0000025f19e9b800,
0x0000025f19eaa800, 0x0000025f1a94b000, 0x0000025f1c177800, 0x0000025f1c39e800,
0x0000025f1b468800, 0x0000025f1beac800, 0x0000025f1c090800, 0x0000025f1c193800,
0x0000025f1c194000, 0x0000025f1bb72000, 0x0000025f1cece800, 0x0000025f1cecf000,
0x0000025f1cecd800, 0x0000025f1ced3800, 0x0000025f1ced0000, 0x0000025f1ced2800,
0x0000025f1ced1000, 0x0000025f1ced1800, 0x0000025f1cbd9000, 0x0000025f1cbd8000,
0x0000025f1cbd9800, 0x0000025f1cbd4000, 0x0000025f1cbda800, 0x0000025f1cbd4800,
0x0000025f1cbd6800, 0x0000025f1cbdc000, 0x0000025f1cbdd000, 0x0000025f1cbd7000,
0x0000025f1cbe2000, 0x0000025f1cbdd800, 0x0000025f1cbde800, 0x0000025f1cbdf800,
0x0000025f1cbe0000, 0x0000025f1cbe1000, 0x0000025f1cecc800, 0x0000025f206a4000,
0x0000025f206a8000, 0x0000025f206a9000, 0x0000025f206a6800, 0x0000025f206aa000,
0x0000025f206aa800, 0x0000025f206a5000
}

Java Threads: ( => current thread )
  0x0000025f7cd9b800 JavaThread "main" [_thread_blocked, id=11980, stack(0x000000bba7900000,0x000000bba7a00000)]
  0x0000025f19e74800 JavaThread "Reference Handler" daemon [_thread_blocked, id=6608, stack(0x000000bba8000000,0x000000bba8100000)]
  0x0000025f19e78800 JavaThread "Finalizer" daemon [_thread_blocked, id=7696, stack(0x000000bba8100000,0x000000bba8200000)]
  0x0000025f19e8e000 JavaThread "Signal Dispatcher" daemon [_thread_blocked, id=13276, stack(0x000000bba8200000,0x000000bba8300000)]
  0x0000025f19e90000 JavaThread "Attach Listener" daemon [_thread_blocked, id=13308, stack(0x000000bba8300000,0x000000bba8400000)]
  0x0000025f19e91000 JavaThread "Service Thread" daemon [_thread_blocked, id=8160, stack(0x000000bba8400000,0x000000bba8500000)]
=>0x0000025f19e98000 JavaThread "C2 CompilerThread0" daemon [_thread_in_native, id=14816, stack(0x000000bba8500000,0x000000bba8600000)]
  0x0000025f19e9b800 JavaThread "C1 CompilerThread0" daemon [_thread_blocked, id=14644, stack(0x000000bba8600000,0x000000bba8700000)]
  0x0000025f19eaa800 JavaThread "Sweeper thread" daemon [_thread_blocked, id=13848, stack(0x000000bba8700000,0x000000bba8800000)]
  0x0000025f1a94b000 JavaThread "Common-Cleaner" daemon [_thread_blocked, id=12468, stack(0x000000bba8800000,0x000000bba8900000)]
  0x0000025f1c177800 JavaThread "Daemon health stats" [_thread_blocked, id=6424, stack(0x000000bba8c00000,0x000000bba8d00000)]
  0x0000025f1c39e800 JavaThread "Incoming local TCP Connector on port 64391" [_thread_in_native, id=11052, stack(0x000000bba8d00000,0x000000bba8e00000)]
  0x0000025f1b468800 JavaThread "Daemon periodic checks" [_thread_blocked, id=5200, stack(0x000000bba8e00000,0x000000bba8f00000)]
  0x0000025f1beac800 JavaThread "Daemon" [_thread_blocked, id=15256, stack(0x000000bba8f00000,0x000000bba9000000)]
  0x0000025f1c090800 JavaThread "Handler for socket connection from /127.0.0.1:64391 to /127.0.0.1:64392" [_thread_in_native, id=12572, stack(0x000000bba9000000,0x000000bba9100000)]
  0x0000025f1c193800 JavaThread "Cancel handler" [_thread_blocked, id=3044, stack(0x000000bba9100000,0x000000bba9200000)]
  0x0000025f1c194000 JavaThread "Daemon worker" [_thread_blocked, id=14260, stack(0x000000bba9200000,0x000000bba9300000)]
  0x0000025f1bb72000 JavaThread "Asynchronous log dispatcher for DefaultDaemonConnection: socket connection from /127.0.0.1:64391 to /127.0.0.1:64392" [_thread_blocked, id=10792, stack(0x000000bba9300000,0x000000bba9400000)]
  0x0000025f1cece800 JavaThread "Daemon client event forwarder" [_thread_blocked, id=8552, stack(0x000000bba9500000,0x000000bba9600000)]
  0x0000025f1cecf000 JavaThread "Cache worker for file hash cache (C:\Users\ACER\.gradle\caches\7.0.2\fileHashes)" [_thread_blocked, id=7888, stack(0x000000bba9600000,0x000000bba9700000)]
  0x0000025f1cecd800 JavaThread "File lock request listener" [_thread_in_native, id=8616, stack(0x000000bba9700000,0x000000bba9800000)]
  0x0000025f1ced3800 JavaThread "Cache worker for journal cache (C:\Users\ACER\.gradle\caches\journal-1)" [_thread_blocked, id=14940, stack(0x000000bba9800000,0x000000bba9900000)]
  0x0000025f1ced0000 JavaThread "Cache worker for file hash cache (C:\Users\ACER\AndroidStudioProjects\SIBOSS\.gradle\7.0.2\fileHashes)" [_thread_blocked, id=11840, stack(0x000000bba9900000,0x000000bba9a00000)]
  0x0000025f1ced2800 JavaThread "File watcher server" daemon [_thread_in_native, id=1956, stack(0x000000bba9a00000,0x000000bba9b00000)]
  0x0000025f1ced1000 JavaThread "File watcher consumer" daemon [_thread_blocked, id=6556, stack(0x000000bba9b00000,0x000000bba9c00000)]
  0x0000025f1ced1800 JavaThread "Cache worker for checksums cache (C:\Users\ACER\AndroidStudioProjects\SIBOSS\.gradle\checksums)" [_thread_blocked, id=12088, stack(0x000000bba9c00000,0x000000bba9d00000)]
  0x0000025f1cbd9000 JavaThread "Cache worker for cache directory md-supplier (C:\Users\ACER\.gradle\caches\7.0.2\md-supplier)" [_thread_blocked, id=11304, stack(0x000000bba9d00000,0x000000bba9e00000)]
  0x0000025f1cbd8000 JavaThread "Cache worker for cache directory md-rule (C:\Users\ACER\.gradle\caches\7.0.2\md-rule)" [_thread_blocked, id=4240, stack(0x000000bba9e00000,0x000000bba9f00000)]
  0x0000025f1cbd9800 JavaThread "Cache worker for execution history cache (C:\Users\ACER\.gradle\caches\7.0.2\executionHistory)" [_thread_blocked, id=224, stack(0x000000bba9f00000,0x000000bbaa000000)]
  0x0000025f1cbd4000 JavaThread "jar transforms" [_thread_blocked, id=14300, stack(0x000000bbaa000000,0x000000bbaa100000)]
  0x0000025f1cbda800 JavaThread "jar transforms Thread 2" [_thread_blocked, id=6728, stack(0x000000bbaa100000,0x000000bbaa200000)]
  0x0000025f1cbd4800 JavaThread "Cache worker for file content cache (C:\Users\ACER\.gradle\caches\7.0.2\fileContent)" [_thread_blocked, id=14564, stack(0x000000bbaa200000,0x000000bbaa300000)]
  0x0000025f1cbd6800 JavaThread "Cache worker for dependencies-accessors (C:\Users\ACER\AndroidStudioProjects\SIBOSS\.gradle\7.0.2\dependencies-accessors)" [_thread_blocked, id=5636, stack(0x000000bbaa300000,0x000000bbaa400000)]
  0x0000025f1cbdc000 JavaThread "Cache worker for Build Output Cleanup Cache (C:\Users\ACER\AndroidStudioProjects\SIBOSS\.gradle\buildOutputCleanup)" [_thread_blocked, id=2136, stack(0x000000bbaa400000,0x000000bbaa500000)]
  0x0000025f1cbdd000 JavaThread "Build operations" [_thread_blocked, id=14752, stack(0x000000bbaa500000,0x000000bbaa600000)]
  0x0000025f1cbd7000 JavaThread "Build operations Thread 2" [_thread_blocked, id=4316, stack(0x000000bbaa600000,0x000000bbaa700000)]
  0x0000025f1cbe2000 JavaThread "Memory manager" [_thread_blocked, id=14672, stack(0x000000bbaa900000,0x000000bbaaa00000)]
  0x0000025f1cbdd800 JavaThread "build event listener" [_thread_blocked, id=14844, stack(0x000000bbaaa00000,0x000000bbaab00000)]
  0x0000025f1cbde800 JavaThread "pool-3-thread-1" [_thread_blocked, id=14888, stack(0x000000bbaab00000,0x000000bbaac00000)]
  0x0000025f1cbdf800 JavaThread "build event listener" [_thread_blocked, id=6540, stack(0x000000bbaac00000,0x000000bbaad00000)]
  0x0000025f1cbe0000 JavaThread "Execution worker for ':'" [_thread_blocked, id=14092, stack(0x000000bbaad00000,0x000000bbaae00000)]
  0x0000025f1cbe1000 JavaThread "Cache worker for execution history cache (C:\Users\ACER\AndroidStudioProjects\SIBOSS\.gradle\7.0.2\executionHistory)" [_thread_blocked, id=12064, stack(0x000000bbaae00000,0x000000bbaaf00000)]
  0x0000025f1cecc800 JavaThread "WorkerExecutor Queue" [_thread_blocked, id=14812, stack(0x000000bba7700000,0x000000bba7800000)]
  0x0000025f206a4000 JavaThread "WorkerExecutor Queue Thread 2" [_thread_in_native, id=15004, stack(0x000000bba7800000,0x000000bba7900000)]
  0x0000025f206a8000 JavaThread "pool-4-thread-1" [_thread_blocked, id=7080, stack(0x000000bba9400000,0x000000bba9500000)]
  0x0000025f206a9000 JavaThread "stderr" [_thread_in_native, id=4468, stack(0x000000bbaaf00000,0x000000bbab000000)]
  0x0000025f206a6800 JavaThread "stdout" [_thread_in_native, id=11104, stack(0x000000bbab000000,0x000000bbab100000)]
  0x0000025f206aa000 JavaThread "Cache worker for Java compile cache (C:\Users\ACER\.gradle\caches\7.0.2\javaCompile)" [_thread_blocked, id=12776, stack(0x000000bbab100000,0x000000bbab200000)]
  0x0000025f206aa800 JavaThread "Cache worker for Java compile cache (C:\Users\ACER\AndroidStudioProjects\SIBOSS\.gradle\7.0.2\javaCompile)" [_thread_blocked, id=372, stack(0x000000bbab200000,0x000000bbab300000)]
  0x0000025f206a5000 JavaThread "WorkerExecutor Queue Thread 4" [_thread_blocked, id=13904, stack(0x000000bbaa700000,0x000000bbaa800000)]

Other Threads:
  0x0000025f19e71000 VMThread "VM Thread" [stack: 0x000000bba7f00000,0x000000bba8000000] [id=11960]
  0x0000025f1a975000 WatcherThread [stack: 0x000000bba8900000,0x000000bba8a00000] [id=7828]
  0x0000025f7cdb3000 GCTaskThread "GC Thread#0" [stack: 0x000000bba7a00000,0x000000bba7b00000] [id=15056]
  0x0000025f1aab9000 GCTaskThread "GC Thread#1" [stack: 0x000000bba8a00000,0x000000bba8b00000] [id=404]
  0x0000025f7cde6800 ConcurrentGCThread "G1 Main Marker" [stack: 0x000000bba7b00000,0x000000bba7c00000] [id=11420]
  0x0000025f7cde7800 ConcurrentGCThread "G1 Conc#0" [stack: 0x000000bba7c00000,0x000000bba7d00000] [id=13652]
  0x0000025f19cd0800 ConcurrentGCThread "G1 Refine#0" [stack: 0x000000bba7d00000,0x000000bba7e00000] [id=5008]
  0x0000025f1ac11800 ConcurrentGCThread "G1 Refine#1" [stack: 0x000000bba8b00000,0x000000bba8c00000] [id=14956]
  0x0000025f19cd1000 ConcurrentGCThread "G1 Young RemSet Sampling" [stack: 0x000000bba7e00000,0x000000bba7f00000] [id=7192]

Threads with active compile tasks:
C2 CompilerThread0 148634 17298   !   4       java.io.ObjectOutputStream::writeObject0 (619 bytes)

VM state:not at safepoint (normal execution)

VM Mutex/Monitor currently owned by a thread: None

Heap address: 0x0000000080000000, size: 2048 MB, Compressed Oops mode: 32-bit
Narrow klass base: 0x0000000000000000, Narrow klass shift: 3
Compressed class space size: 1073741824 Address: 0x0000000100000000

Heap:
 garbage-first heap   total 187392K, used 104779K [0x0000000080000000, 0x0000000100000000)
  region size 1024K, 4 young (4096K), 1 survivors (1024K)
 Metaspace       used 118438K, capacity 121349K, committed 121504K, reserved 1155072K
  class space    used 14884K, capacity 15925K, committed 16032K, reserved 1048576K
Heap Regions: E=young(eden), S=young(survivor), O=old, HS=humongous(starts), HC=humongous(continues), CS=collection set, F=free, A=archive, TAMS=top-at-mark-start (previous, next)
|   0|0x0000000080000000, 0x0000000080100000, 0x0000000080100000|100%| O|  |TAMS 0x0000000080100000, 0x0000000080000000| Untracked 
|   1|0x0000000080100000, 0x0000000080200000, 0x0000000080200000|100%| O|  |TAMS 0x0000000080200000, 0x0000000080100000| Untracked 
|   2|0x0000000080200000, 0x0000000080300000, 0x0000000080300000|100%| O|  |TAMS 0x0000000080300000, 0x0000000080200000| Untracked 
|   3|0x0000000080300000, 0x0000000080400000, 0x0000000080400000|100%| O|  |TAMS 0x0000000080400000, 0x0000000080300000| Untracked 
|   4|0x0000000080400000, 0x0000000080500000, 0x0000000080500000|100%|HS|  |TAMS 0x0000000080500000, 0x0000000080400000| Complete 
|   5|0x0000000080500000, 0x0000000080600000, 0x0000000080600000|100%|HC|  |TAMS 0x0000000080600000, 0x0000000080500000| Complete 
|   6|0x0000000080600000, 0x0000000080700000, 0x0000000080700000|100%|HC|  |TAMS 0x0000000080700000, 0x0000000080600000| Complete 
|   7|0x0000000080700000, 0x0000000080800000, 0x0000000080800000|100%| O|  |TAMS 0x0000000080800000, 0x0000000080700000| Untracked 
|   8|0x0000000080800000, 0x0000000080900000, 0x0000000080900000|100%| O|  |TAMS 0x0000000080900000, 0x0000000080800000| Untracked 
|   9|0x0000000080900000, 0x0000000080a00000, 0x0000000080a00000|100%| O|  |TAMS 0x0000000080a00000, 0x0000000080900000| Untracked 
|  10|0x0000000080a00000, 0x0000000080b00000, 0x0000000080b00000|100%| O|  |TAMS 0x0000000080b00000, 0x0000000080a00000| Untracked 
|  11|0x0000000080b00000, 0x0000000080c00000, 0x0000000080c00000|100%| O|  |TAMS 0x0000000080c00000, 0x0000000080b00000| Untracked 
|  12|0x0000000080c00000, 0x0000000080d00000, 0x0000000080d00000|100%| O|  |TAMS 0x0000000080d00000, 0x0000000080c00000| Untracked 
|  13|0x0000000080d00000, 0x0000000080e00000, 0x0000000080e00000|100%| O|  |TAMS 0x0000000080e00000, 0x0000000080d00000| Untracked 
|  14|0x0000000080e00000, 0x0000000080f00000, 0x0000000080f00000|100%| O|  |TAMS 0x0000000080f00000, 0x0000000080e00000| Untracked 
|  15|0x0000000080f00000, 0x0000000081000000, 0x0000000081000000|100%| O|  |TAMS 0x0000000081000000, 0x0000000080f00000| Untracked 
|  16|0x0000000081000000, 0x0000000081100000, 0x0000000081100000|100%| O|  |TAMS 0x0000000081100000, 0x0000000081000000| Untracked 
|  17|0x0000000081100000, 0x0000000081200000, 0x0000000081200000|100%|HS|  |TAMS 0x0000000081200000, 0x0000000081100000| Complete 
|  18|0x0000000081200000, 0x0000000081300000, 0x0000000081300000|100%| O|  |TAMS 0x0000000081300000, 0x0000000081200000| Untracked 
|  19|0x0000000081300000, 0x0000000081400000, 0x0000000081400000|100%| O|  |TAMS 0x0000000081400000, 0x0000000081300000| Untracked 
|  20|0x0000000081400000, 0x0000000081500000, 0x0000000081500000|100%| O|  |TAMS 0x0000000081500000, 0x0000000081400000| Untracked 
|  21|0x0000000081500000, 0x0000000081600000, 0x0000000081600000|100%| O|  |TAMS 0x0000000081600000, 0x0000000081500000| Untracked 
|  22|0x0000000081600000, 0x0000000081700000, 0x0000000081700000|100%| O|  |TAMS 0x0000000081700000, 0x0000000081600000| Untracked 
|  23|0x0000000081700000, 0x0000000081800000, 0x0000000081800000|100%|HS|  |TAMS 0x0000000081800000, 0x0000000081700000| Complete 
|  24|0x0000000081800000, 0x0000000081900000, 0x0000000081900000|100%|HS|  |TAMS 0x0000000081900000, 0x0000000081800000| Complete 
|  25|0x0000000081900000, 0x0000000081a00000, 0x0000000081a00000|100%|HC|  |TAMS 0x0000000081a00000, 0x0000000081900000| Complete 
|  26|0x0000000081a00000, 0x0000000081b00000, 0x0000000081b00000|100%| O|  |TAMS 0x0000000081b00000, 0x0000000081a00000| Untracked 
|  27|0x0000000081b00000, 0x0000000081c00000, 0x0000000081c00000|100%| O|  |TAMS 0x0000000081c00000, 0x0000000081b00000| Untracked 
|  28|0x0000000081c00000, 0x0000000081d00000, 0x0000000081d00000|100%| O|  |TAMS 0x0000000081d00000, 0x0000000081c00000| Untracked 
|  29|0x0000000081d00000, 0x0000000081e00000, 0x0000000081e00000|100%| O|  |TAMS 0x0000000081e00000, 0x0000000081d00000| Untracked 
|  30|0x0000000081e00000, 0x0000000081f00000, 0x0000000081f00000|100%| O|  |TAMS 0x0000000081f00000, 0x0000000081e00000| Untracked 
|  31|0x0000000081f00000, 0x0000000082000000, 0x0000000082000000|100%| O|  |TAMS 0x0000000082000000, 0x0000000081f00000| Untracked 
|  32|0x0000000082000000, 0x0000000082100000, 0x0000000082100000|100%| O|  |TAMS 0x0000000082100000, 0x0000000082000000| Untracked 
|  33|0x0000000082100000, 0x0000000082200000, 0x0000000082200000|100%| O|  |TAMS 0x0000000082200000, 0x0000000082100000| Untracked 
|  34|0x0000000082200000, 0x0000000082300000, 0x0000000082300000|100%| O|  |TAMS 0x0000000082300000, 0x0000000082200000| Untracked 
|  35|0x0000000082300000, 0x0000000082400000, 0x0000000082400000|100%| O|  |TAMS 0x0000000082400000, 0x0000000082300000| Untracked 
|  36|0x0000000082400000, 0x0000000082500000, 0x0000000082500000|100%| O|  |TAMS 0x0000000082500000, 0x0000000082400000| Untracked 
|  37|0x0000000082500000, 0x0000000082600000, 0x0000000082600000|100%| O|  |TAMS 0x0000000082600000, 0x0000000082500000| Untracked 
|  38|0x0000000082600000, 0x0000000082700000, 0x0000000082700000|100%| O|  |TAMS 0x0000000082700000, 0x0000000082600000| Untracked 
|  39|0x0000000082700000, 0x0000000082800000, 0x0000000082800000|100%| O|  |TAMS 0x0000000082800000, 0x0000000082700000| Untracked 
|  40|0x0000000082800000, 0x0000000082900000, 0x0000000082900000|100%| O|  |TAMS 0x0000000082900000, 0x0000000082800000| Untracked 
|  41|0x0000000082900000, 0x0000000082a00000, 0x0000000082a00000|100%| O|  |TAMS 0x0000000082a00000, 0x0000000082900000| Untracked 
|  42|0x0000000082a00000, 0x0000000082b00000, 0x0000000082b00000|100%| O|  |TAMS 0x0000000082b00000, 0x0000000082a00000| Untracked 
|  43|0x0000000082b00000, 0x0000000082c00000, 0x0000000082c00000|100%| O|  |TAMS 0x0000000082c00000, 0x0000000082b00000| Untracked 
|  44|0x0000000082c00000, 0x0000000082d00000, 0x0000000082d00000|100%| O|  |TAMS 0x0000000082d00000, 0x0000000082c00000| Untracked 
|  45|0x0000000082d00000, 0x0000000082e00000, 0x0000000082e00000|100%| O|  |TAMS 0x0000000082e00000, 0x0000000082d00000| Untracked 
|  46|0x0000000082e00000, 0x0000000082f00000, 0x0000000082f00000|100%| O|  |TAMS 0x0000000082f00000, 0x0000000082e00000| Untracked 
|  47|0x0000000082f00000, 0x0000000083000000, 0x0000000083000000|100%| O|  |TAMS 0x0000000083000000, 0x0000000082f00000| Untracked 
|  48|0x0000000083000000, 0x0000000083100000, 0x0000000083100000|100%| O|  |TAMS 0x0000000083100000, 0x0000000083000000| Untracked 
|  49|0x0000000083100000, 0x0000000083200000, 0x0000000083200000|100%| O|  |TAMS 0x0000000083200000, 0x0000000083100000| Untracked 
|  50|0x0000000083200000, 0x0000000083300000, 0x0000000083300000|100%| O|  |TAMS 0x0000000083300000, 0x0000000083200000| Untracked 
|  51|0x0000000083300000, 0x0000000083400000, 0x0000000083400000|100%| O|  |TAMS 0x0000000083400000, 0x0000000083300000| Untracked 
|  52|0x0000000083400000, 0x0000000083500000, 0x0000000083500000|100%| O|  |TAMS 0x0000000083500000, 0x0000000083400000| Untracked 
|  53|0x0000000083500000, 0x0000000083600000, 0x0000000083600000|100%| O|  |TAMS 0x0000000083600000, 0x0000000083500000| Untracked 
|  54|0x0000000083600000, 0x0000000083700000, 0x0000000083700000|100%| O|  |TAMS 0x0000000083700000, 0x0000000083600000| Untracked 
|  55|0x0000000083700000, 0x0000000083800000, 0x0000000083800000|100%| O|  |TAMS 0x0000000083800000, 0x0000000083700000| Untracked 
|  56|0x0000000083800000, 0x0000000083900000, 0x0000000083900000|100%| O|  |TAMS 0x0000000083900000, 0x0000000083800000| Untracked 
|  57|0x0000000083900000, 0x0000000083a00000, 0x0000000083a00000|100%| O|  |TAMS 0x0000000083a00000, 0x0000000083900000| Untracked 
|  58|0x0000000083a00000, 0x0000000083b00000, 0x0000000083b00000|100%| O|  |TAMS 0x0000000083b00000, 0x0000000083a00000| Untracked 
|  59|0x0000000083b00000, 0x0000000083c00000, 0x0000000083c00000|100%| O|  |TAMS 0x0000000083c00000, 0x0000000083b00000| Untracked 
|  60|0x0000000083c00000, 0x0000000083d00000, 0x0000000083d00000|100%| O|  |TAMS 0x0000000083d00000, 0x0000000083c00000| Untracked 
|  61|0x0000000083d00000, 0x0000000083e00000, 0x0000000083e00000|100%| O|  |TAMS 0x0000000083e00000, 0x0000000083d00000| Untracked 
|  62|0x0000000083e00000, 0x0000000083f00000, 0x0000000083f00000|100%| O|  |TAMS 0x0000000083f00000, 0x0000000083e00000| Untracked 
|  63|0x0000000083f00000, 0x0000000084000000, 0x0000000084000000|100%| O|  |TAMS 0x0000000084000000, 0x0000000083f00000| Untracked 
|  64|0x0000000084000000, 0x0000000084100000, 0x0000000084100000|100%| O|  |TAMS 0x0000000084100000, 0x0000000084000000| Untracked 
|  65|0x0000000084100000, 0x0000000084200000, 0x0000000084200000|100%| O|  |TAMS 0x0000000084200000, 0x0000000084100000| Untracked 
|  66|0x0000000084200000, 0x0000000084300000, 0x0000000084300000|100%| O|  |TAMS 0x0000000084300000, 0x0000000084200000| Untracked 
|  67|0x0000000084300000, 0x0000000084400000, 0x0000000084400000|100%| O|  |TAMS 0x0000000084400000, 0x0000000084300000| Untracked 
|  68|0x0000000084400000, 0x0000000084500000, 0x0000000084500000|100%| O|  |TAMS 0x0000000084500000, 0x0000000084400000| Untracked 
|  69|0x0000000084500000, 0x0000000084600000, 0x0000000084600000|100%| O|  |TAMS 0x0000000084600000, 0x0000000084500000| Untracked 
|  70|0x0000000084600000, 0x0000000084700000, 0x0000000084700000|100%| O|  |TAMS 0x0000000084700000, 0x0000000084600000| Untracked 
|  71|0x0000000084700000, 0x0000000084800000, 0x0000000084800000|100%| O|  |TAMS 0x0000000084800000, 0x0000000084700000| Untracked 
|  72|0x0000000084800000, 0x0000000084900000, 0x0000000084900000|100%| O|  |TAMS 0x0000000084900000, 0x0000000084800000| Untracked 
|  73|0x0000000084900000, 0x0000000084a00000, 0x0000000084a00000|100%| O|  |TAMS 0x0000000084a00000, 0x0000000084900000| Untracked 
|  74|0x0000000084a00000, 0x0000000084b00000, 0x0000000084b00000|100%| O|  |TAMS 0x0000000084b00000, 0x0000000084a00000| Untracked 
|  75|0x0000000084b00000, 0x0000000084c00000, 0x0000000084c00000|100%| O|  |TAMS 0x0000000084b00000, 0x0000000084b00000| Untracked 
|  76|0x0000000084c00000, 0x0000000084cfbe00, 0x0000000084d00000| 98%| O|  |TAMS 0x0000000084c00000, 0x0000000084c00000| Untracked 
|  77|0x0000000084d00000, 0x0000000084e00000, 0x0000000084e00000|100%| O|  |TAMS 0x0000000084e00000, 0x0000000084d00000| Untracked 
|  78|0x0000000084e00000, 0x0000000084e00000, 0x0000000084f00000|  0%| F|  |TAMS 0x0000000084e00000, 0x0000000084e00000| Untracked 
|  79|0x0000000084f00000, 0x0000000085000000, 0x0000000085000000|100%| O|  |TAMS 0x0000000085000000, 0x0000000084f00000| Untracked 
|  80|0x0000000085000000, 0x0000000085100000, 0x0000000085100000|100%| O|  |TAMS 0x0000000085100000, 0x0000000085000000| Untracked 
|  81|0x0000000085100000, 0x0000000085200000, 0x0000000085200000|100%| O|  |TAMS 0x0000000085200000, 0x0000000085100000| Untracked 
|  82|0x0000000085200000, 0x0000000085300000, 0x0000000085300000|100%| O|  |TAMS 0x0000000085300000, 0x0000000085200000| Untracked 
|  83|0x0000000085300000, 0x0000000085400000, 0x0000000085400000|100%| O|  |TAMS 0x0000000085400000, 0x0000000085300000| Untracked 
|  84|0x0000000085400000, 0x0000000085500000, 0x0000000085500000|100%| O|  |TAMS 0x0000000085500000, 0x0000000085400000| Untracked 
|  85|0x0000000085500000, 0x0000000085600000, 0x0000000085600000|100%| O|  |TAMS 0x0000000085600000, 0x0000000085500000| Untracked 
|  86|0x0000000085600000, 0x0000000085700000, 0x0000000085700000|100%| O|  |TAMS 0x0000000085700000, 0x0000000085600000| Untracked 
|  87|0x0000000085700000, 0x0000000085800000, 0x0000000085800000|100%|HS|  |TAMS 0x0000000085700000, 0x0000000085700000| Complete 
|  88|0x0000000085800000, 0x0000000085800000, 0x0000000085900000|  0%| F|  |TAMS 0x0000000085800000, 0x0000000085800000| Untracked 
|  89|0x0000000085900000, 0x0000000085900000, 0x0000000085a00000|  0%| F|  |TAMS 0x0000000085900000, 0x0000000085900000| Untracked 
|  90|0x0000000085a00000, 0x0000000085b00000, 0x0000000085b00000|100%| O|  |TAMS 0x0000000085b00000, 0x0000000085a00000| Untracked 
|  91|0x0000000085b00000, 0x0000000085c00000, 0x0000000085c00000|100%| O|  |TAMS 0x0000000085c00000, 0x0000000085b00000| Untracked 
|  92|0x0000000085c00000, 0x0000000085d00000, 0x0000000085d00000|100%| O|  |TAMS 0x0000000085d00000, 0x0000000085c00000| Untracked 
|  93|0x0000000085d00000, 0x0000000085e00000, 0x0000000085e00000|100%| O|  |TAMS 0x0000000085e00000, 0x0000000085d00000| Untracked 
|  94|0x0000000085e00000, 0x0000000085f00000, 0x0000000085f00000|100%| O|  |TAMS 0x0000000085f00000, 0x0000000085e00000| Untracked 
|  95|0x0000000085f00000, 0x0000000086000000, 0x0000000086000000|100%| O|  |TAMS 0x0000000086000000, 0x0000000085f00000| Untracked 
|  96|0x0000000086000000, 0x0000000086100000, 0x0000000086100000|100%| O|  |TAMS 0x0000000086100000, 0x0000000086000000| Untracked 
|  97|0x0000000086100000, 0x0000000086200000, 0x0000000086200000|100%| O|  |TAMS 0x0000000086200000, 0x0000000086100000| Untracked 
|  98|0x0000000086200000, 0x0000000086300000, 0x0000000086300000|100%| O|  |TAMS 0x0000000086300000, 0x0000000086200000| Untracked 
|  99|0x0000000086300000, 0x0000000086400000, 0x0000000086400000|100%| O|  |TAMS 0x0000000086400000, 0x0000000086300000| Untracked 
| 100|0x0000000086400000, 0x0000000086500000, 0x0000000086500000|100%| O|  |TAMS 0x0000000086500000, 0x0000000086400000| Untracked 
| 101|0x0000000086500000, 0x0000000086600000, 0x0000000086600000|100%| O|  |TAMS 0x0000000086600000, 0x0000000086500000| Untracked 
| 102|0x0000000086600000, 0x0000000086600000, 0x0000000086700000|  0%| F|  |TAMS 0x0000000086600000, 0x0000000086600000| Untracked 
| 103|0x0000000086700000, 0x0000000086700000, 0x0000000086800000|  0%| F|  |TAMS 0x0000000086700000, 0x0000000086700000| Untracked 
| 104|0x0000000086800000, 0x0000000086900000, 0x0000000086900000|100%|HS|  |TAMS 0x0000000086800000, 0x0000000086800000| Complete 
| 105|0x0000000086900000, 0x0000000086900000, 0x0000000086a00000|  0%| F|  |TAMS 0x0000000086900000, 0x0000000086900000| Untracked 
| 106|0x0000000086a00000, 0x0000000086a00000, 0x0000000086b00000|  0%| F|  |TAMS 0x0000000086a00000, 0x0000000086a00000| Untracked 
| 107|0x0000000086b00000, 0x0000000086b00000, 0x0000000086c00000|  0%| F|  |TAMS 0x0000000086b00000, 0x0000000086b00000| Untracked 
| 108|0x0000000086c00000, 0x0000000086c00000, 0x0000000086d00000|  0%| F|  |TAMS 0x0000000086c00000, 0x0000000086c00000| Untracked 
| 109|0x0000000086d00000, 0x0000000086d00000, 0x0000000086e00000|  0%| F|  |TAMS 0x0000000086d00000, 0x0000000086d00000| Untracked 
| 110|0x0000000086e00000, 0x0000000086e00000, 0x0000000086f00000|  0%| F|  |TAMS 0x0000000086e00000, 0x0000000086e00000| Untracked 
| 111|0x0000000086f00000, 0x0000000086f00000, 0x0000000087000000|  0%| F|  |TAMS 0x0000000086f00000, 0x0000000086f00000| Untracked 
| 112|0x0000000087000000, 0x0000000087000000, 0x0000000087100000|  0%| F|  |TAMS 0x0000000087000000, 0x0000000087000000| Untracked 
| 113|0x0000000087100000, 0x0000000087100000, 0x0000000087200000|  0%| F|  |TAMS 0x0000000087100000, 0x0000000087100000| Untracked 
| 114|0x0000000087200000, 0x0000000087200000, 0x0000000087300000|  0%| F|  |TAMS 0x0000000087200000, 0x0000000087200000| Untracked 
| 115|0x0000000087300000, 0x0000000087300000, 0x0000000087400000|  0%| F|  |TAMS 0x0000000087300000, 0x0000000087300000| Untracked 
| 116|0x0000000087400000, 0x0000000087400000, 0x0000000087500000|  0%| F|  |TAMS 0x0000000087400000, 0x0000000087400000| Untracked 
| 117|0x0000000087500000, 0x0000000087500000, 0x0000000087600000|  0%| F|  |TAMS 0x0000000087500000, 0x0000000087500000| Untracked 
| 118|0x0000000087600000, 0x0000000087600000, 0x0000000087700000|  0%| F|  |TAMS 0x0000000087600000, 0x0000000087600000| Untracked 
| 119|0x0000000087700000, 0x0000000087700000, 0x0000000087800000|  0%| F|  |TAMS 0x0000000087700000, 0x0000000087700000| Untracked 
| 120|0x0000000087800000, 0x0000000087800000, 0x0000000087900000|  0%| F|  |TAMS 0x0000000087800000, 0x0000000087800000| Untracked 
| 121|0x0000000087900000, 0x0000000087900000, 0x0000000087a00000|  0%| F|  |TAMS 0x0000000087900000, 0x0000000087900000| Untracked 
| 122|0x0000000087a00000, 0x0000000087a00000, 0x0000000087b00000|  0%| F|  |TAMS 0x0000000087a00000, 0x0000000087a00000| Untracked 
| 123|0x0000000087b00000, 0x0000000087b00000, 0x0000000087c00000|  0%| F|  |TAMS 0x0000000087b00000, 0x0000000087b00000| Untracked 
| 124|0x0000000087c00000, 0x0000000087c00000, 0x0000000087d00000|  0%| F|  |TAMS 0x0000000087c00000, 0x0000000087c00000| Untracked 
| 125|0x0000000087d00000, 0x0000000087d00000, 0x0000000087e00000|  0%| F|  |TAMS 0x0000000087d00000, 0x0000000087d00000| Untracked 
| 126|0x0000000087e00000, 0x0000000087e00000, 0x0000000087f00000|  0%| F|  |TAMS 0x0000000087e00000, 0x0000000087e00000| Untracked 
| 127|0x0000000087f00000, 0x0000000087f00000, 0x0000000088000000|  0%| F|  |TAMS 0x0000000087f00000, 0x0000000087f00000| Untracked 
| 128|0x0000000088000000, 0x0000000088000000, 0x0000000088100000|  0%| F|  |TAMS 0x0000000088000000, 0x0000000088000000| Untracked 
| 129|0x0000000088100000, 0x0000000088100000, 0x0000000088200000|  0%| F|  |TAMS 0x0000000088100000, 0x0000000088100000| Untracked 
| 130|0x0000000088200000, 0x0000000088200000, 0x0000000088300000|  0%| F|  |TAMS 0x0000000088200000, 0x0000000088200000| Untracked 
| 131|0x0000000088300000, 0x0000000088300000, 0x0000000088400000|  0%| F|  |TAMS 0x0000000088300000, 0x0000000088300000| Untracked 
| 132|0x0000000088400000, 0x0000000088400000, 0x0000000088500000|  0%| F|  |TAMS 0x0000000088400000, 0x0000000088400000| Untracked 
| 133|0x0000000088500000, 0x0000000088500000, 0x0000000088600000|  0%| F|  |TAMS 0x0000000088500000, 0x0000000088500000| Untracked 
| 134|0x0000000088600000, 0x0000000088600000, 0x0000000088700000|  0%| F|  |TAMS 0x0000000088600000, 0x0000000088600000| Untracked 
| 135|0x0000000088700000, 0x0000000088700000, 0x0000000088800000|  0%| F|  |TAMS 0x0000000088700000, 0x0000000088700000| Untracked 
| 136|0x0000000088800000, 0x0000000088800000, 0x0000000088900000|  0%| F|  |TAMS 0x0000000088800000, 0x0000000088800000| Untracked 
| 137|0x0000000088900000, 0x0000000088900000, 0x0000000088a00000|  0%| F|  |TAMS 0x0000000088900000, 0x0000000088900000| Untracked 
| 138|0x0000000088a00000, 0x0000000088a00000, 0x0000000088b00000|  0%| F|  |TAMS 0x0000000088a00000, 0x0000000088a00000| Untracked 
| 139|0x0000000088b00000, 0x0000000088b00000, 0x0000000088c00000|  0%| F|  |TAMS 0x0000000088b00000, 0x0000000088b00000| Untracked 
| 140|0x0000000088c00000, 0x0000000088c00000, 0x0000000088d00000|  0%| F|  |TAMS 0x0000000088c00000, 0x0000000088c00000| Untracked 
| 141|0x0000000088d00000, 0x0000000088d00000, 0x0000000088e00000|  0%| F|  |TAMS 0x0000000088d00000, 0x0000000088d00000| Untracked 
| 142|0x0000000088e00000, 0x0000000088e00000, 0x0000000088f00000|  0%| F|  |TAMS 0x0000000088e00000, 0x0000000088e00000| Untracked 
| 143|0x0000000088f00000, 0x0000000088f00000, 0x0000000089000000|  0%| F|  |TAMS 0x0000000088f00000, 0x0000000088f00000| Untracked 
| 144|0x0000000089000000, 0x0000000089000000, 0x0000000089100000|  0%| F|  |TAMS 0x0000000089000000, 0x0000000089000000| Untracked 
| 145|0x0000000089100000, 0x0000000089100000, 0x0000000089200000|  0%| F|  |TAMS 0x0000000089100000, 0x0000000089100000| Untracked 
| 146|0x0000000089200000, 0x0000000089200000, 0x0000000089300000|  0%| F|  |TAMS 0x0000000089200000, 0x0000000089200000| Untracked 
| 147|0x0000000089300000, 0x0000000089300000, 0x0000000089400000|  0%| F|  |TAMS 0x0000000089300000, 0x0000000089300000| Untracked 
| 148|0x0000000089400000, 0x0000000089400000, 0x0000000089500000|  0%| F|  |TAMS 0x0000000089400000, 0x0000000089400000| Untracked 
| 149|0x0000000089500000, 0x0000000089500000, 0x0000000089600000|  0%| F|  |TAMS 0x0000000089500000, 0x0000000089500000| Untracked 
| 150|0x0000000089600000, 0x0000000089600000, 0x0000000089700000|  0%| F|  |TAMS 0x0000000089600000, 0x0000000089600000| Untracked 
| 151|0x0000000089700000, 0x0000000089700000, 0x0000000089800000|  0%| F|  |TAMS 0x0000000089700000, 0x0000000089700000| Untracked 
| 152|0x0000000089800000, 0x0000000089800000, 0x0000000089900000|  0%| F|  |TAMS 0x0000000089800000, 0x0000000089800000| Untracked 
| 153|0x0000000089900000, 0x0000000089900000, 0x0000000089a00000|  0%| F|  |TAMS 0x0000000089900000, 0x0000000089900000| Untracked 
| 154|0x0000000089a00000, 0x0000000089a00000, 0x0000000089b00000|  0%| F|  |TAMS 0x0000000089a00000, 0x0000000089a00000| Untracked 
| 155|0x0000000089b00000, 0x0000000089b00000, 0x0000000089c00000|  0%| F|  |TAMS 0x0000000089b00000, 0x0000000089b00000| Untracked 
| 156|0x0000000089c00000, 0x0000000089c00000, 0x0000000089d00000|  0%| F|  |TAMS 0x0000000089c00000, 0x0000000089c00000| Untracked 
| 157|0x0000000089d00000, 0x0000000089d00000, 0x0000000089e00000|  0%| F|  |TAMS 0x0000000089d00000, 0x0000000089d00000| Untracked 
| 158|0x0000000089e00000, 0x0000000089e00000, 0x0000000089f00000|  0%| F|  |TAMS 0x0000000089e00000, 0x0000000089e00000| Untracked 
| 159|0x0000000089f00000, 0x0000000089f00000, 0x000000008a000000|  0%| F|  |TAMS 0x0000000089f00000, 0x0000000089f00000| Untracked 
| 160|0x000000008a000000, 0x000000008a000000, 0x000000008a100000|  0%| F|  |TAMS 0x000000008a000000, 0x000000008a000000| Untracked 
| 161|0x000000008a100000, 0x000000008a100000, 0x000000008a200000|  0%| F|  |TAMS 0x000000008a100000, 0x000000008a100000| Untracked 
| 162|0x000000008a200000, 0x000000008a200000, 0x000000008a300000|  0%| F|  |TAMS 0x000000008a200000, 0x000000008a200000| Untracked 
| 163|0x000000008a300000, 0x000000008a300000, 0x000000008a400000|  0%| F|  |TAMS 0x000000008a300000, 0x000000008a300000| Untracked 
| 164|0x000000008a400000, 0x000000008a400000, 0x000000008a500000|  0%| F|  |TAMS 0x000000008a400000, 0x000000008a400000| Untracked 
| 165|0x000000008a500000, 0x000000008a500000, 0x000000008a600000|  0%| F|  |TAMS 0x000000008a500000, 0x000000008a500000| Untracked 
| 166|0x000000008a600000, 0x000000008a600000, 0x000000008a700000|  0%| F|  |TAMS 0x000000008a600000, 0x000000008a600000| Untracked 
| 167|0x000000008a700000, 0x000000008a700000, 0x000000008a800000|  0%| F|  |TAMS 0x000000008a700000, 0x000000008a700000| Untracked 
| 168|0x000000008a800000, 0x000000008a800000, 0x000000008a900000|  0%| F|  |TAMS 0x000000008a800000, 0x000000008a800000| Untracked 
| 169|0x000000008a900000, 0x000000008a900000, 0x000000008aa00000|  0%| F|  |TAMS 0x000000008a900000, 0x000000008a900000| Untracked 
| 170|0x000000008aa00000, 0x000000008aa00000, 0x000000008ab00000|  0%| F|  |TAMS 0x000000008aa00000, 0x000000008aa00000| Untracked 
| 171|0x000000008ab00000, 0x000000008ab00000, 0x000000008ac00000|  0%| F|  |TAMS 0x000000008ab00000, 0x000000008ab00000| Untracked 
| 172|0x000000008ac00000, 0x000000008ac00000, 0x000000008ad00000|  0%| F|  |TAMS 0x000000008ac00000, 0x000000008ac00000| Untracked 
| 173|0x000000008ad00000, 0x000000008ad00000, 0x000000008ae00000|  0%| F|  |TAMS 0x000000008ad00000, 0x000000008ad00000| Untracked 
| 174|0x000000008ae00000, 0x000000008ae00000, 0x000000008af00000|  0%| F|  |TAMS 0x000000008ae00000, 0x000000008ae00000| Untracked 
| 175|0x000000008af00000, 0x000000008af00000, 0x000000008b000000|  0%| F|  |TAMS 0x000000008af00000, 0x000000008af00000| Untracked 
| 176|0x000000008b000000, 0x000000008b057030, 0x000000008b100000| 33%| S|CS|TAMS 0x000000008b000000, 0x000000008b000000| Complete 
| 177|0x000000008b100000, 0x000000008b100000, 0x000000008b200000|  0%| F|  |TAMS 0x000000008b100000, 0x000000008b100000| Untracked 
| 178|0x000000008b200000, 0x000000008b200000, 0x000000008b300000|  0%| F|  |TAMS 0x000000008b200000, 0x000000008b200000| Untracked 
| 179|0x000000008b300000, 0x000000008b300000, 0x000000008b400000|  0%| F|  |TAMS 0x000000008b300000, 0x000000008b300000| Untracked 
| 180|0x000000008b400000, 0x000000008b449608, 0x000000008b500000| 28%| E|  |TAMS 0x000000008b400000, 0x000000008b400000| Complete 
| 181|0x000000008b500000, 0x000000008b600000, 0x000000008b600000|100%| E|CS|TAMS 0x000000008b500000, 0x000000008b500000| Complete 
| 182|0x000000008b600000, 0x000000008b700000, 0x000000008b700000|100%| E|CS|TAMS 0x000000008b600000, 0x000000008b600000| Complete 

Card table byte_map: [0x0000025f13250000,0x0000025f13650000] _byte_map_base: 0x0000025f12e50000

Marking Bits (Prev, Next): (CMBitMap*) 0x0000025f7cddd718, (CMBitMap*) 0x0000025f7cddd750
 Prev Bits: [0x0000025f13a50000, 0x0000025f15a50000)
 Next Bits: [0x0000025f15a50000, 0x0000025f17a50000)

Polling page: 0x0000025f00000000

Metaspace:

Usage:
  Non-class:    102.95 MB capacity,   101.13 MB ( 98%) used,     1.47 MB (  1%) free+waste,   361.25 KB ( <1%) overhead. 
      Class:     15.55 MB capacity,    14.54 MB ( 93%) used,   883.77 KB (  6%) free+waste,   156.56 KB ( <1%) overhead. 
       Both:    118.50 MB capacity,   115.66 MB ( 98%) used,     2.34 MB (  2%) free+waste,   517.81 KB ( <1%) overhead. 

Virtual space:
  Non-class space:      104.00 MB reserved,     103.00 MB (>99%) committed 
      Class space:        1.00 GB reserved,      15.66 MB (  2%) committed 
             Both:        1.10 GB reserved,     118.66 MB ( 11%) committed 

Chunk freelists:
   Non-Class:  48.00 KB
       Class:  11.00 KB
        Both:  59.00 KB

MaxMetaspaceSize: 17179869184.00 GB
CompressedClassSpaceSize: 1.00 GB

CodeHeap 'non-profiled nmethods': size=120064Kb used=9884Kb max_used=10390Kb free=110179Kb
 bounds [0x0000025f0b4f0000, 0x0000025f0bf20000, 0x0000025f12a30000]
CodeHeap 'profiled nmethods': size=120000Kb used=38652Kb max_used=40707Kb free=81348Kb
 bounds [0x0000025f03fc0000, 0x0000025f06790000, 0x0000025f0b4f0000]
CodeHeap 'non-nmethods': size=5696Kb used=2336Kb max_used=2376Kb free=3359Kb
 bounds [0x0000025f03a30000, 0x0000025f03ca0000, 0x0000025f03fc0000]
 total_blobs=17357 nmethods=16391 adapters=877
 compilation: enabled
              stopped_count=0, restarted_count=0
 full_count=0

Compilation events (20 events):
Event: 148.403 Thread 0x0000025f19e9b800 17331       1       org.gradle.internal.snapshot.AbstractListChildMap$1::getChildMap (5 bytes)
Event: 148.403 Thread 0x0000025f19e9b800 nmethod 17331 0x0000025f0b532c90 code [0x0000025f0b532e40, 0x0000025f0b532ef8]
Event: 148.432 Thread 0x0000025f19e9b800 17332       3       com.google.gson.internal.$Gson$Preconditions::checkNotNull (14 bytes)
Event: 148.432 Thread 0x0000025f19e9b800 nmethod 17332 0x0000025f04021310 code [0x0000025f040214e0, 0x0000025f040216a8]
Event: 148.451 Thread 0x0000025f19e9b800 17333       2       com.google.common.collect.AbstractMultimap::entries (23 bytes)
Event: 148.452 Thread 0x0000025f19e9b800 nmethod 17333 0x0000025f04020f10 code [0x0000025f040210c0, 0x0000025f04021268]
Event: 148.456 Thread 0x0000025f19e9b800 17334   !   3       java.io.ObjectStreamClass::getPrivateMethod (56 bytes)
Event: 148.457 Thread 0x0000025f19e9b800 nmethod 17334 0x0000025f04024090 code [0x0000025f040242c0, 0x0000025f040249d8]
Event: 148.462 Thread 0x0000025f19e9b800 17335       3       java.lang.Throwable::<init> (34 bytes)
Event: 148.463 Thread 0x0000025f19e9b800 nmethod 17335 0x0000025f04022b10 code [0x0000025f04022ce0, 0x0000025f040230a8]
Event: 148.467 Thread 0x0000025f19e9b800 17337       3       jdk.internal.reflect.ClassFileAssembler::emitShort (38 bytes)
Event: 148.468 Thread 0x0000025f19e9b800 nmethod 17337 0x0000025f04029710 code [0x0000025f04029900, 0x0000025f04029d38]
Event: 148.487 Thread 0x0000025f19e9b800 17338       3       java.io.ObjectStreamClass$FieldReflectorKey::equals (78 bytes)
Event: 148.487 Thread 0x0000025f19e9b800 nmethod 17338 0x0000025f04028c90 code [0x0000025f04028e80, 0x0000025f040295e8]
Event: 148.489 Thread 0x0000025f19e9b800 17339       3       java.io.Bits::getLong (105 bytes)
Event: 148.489 Thread 0x0000025f19e9b800 nmethod 17339 0x0000025f04020910 code [0x0000025f04020ac0, 0x0000025f04020d58]
Event: 148.489 Thread 0x0000025f19e9b800 17341   !   3       java.io.ObjectStreamClass::readNonProxy (407 bytes)
Event: 148.494 Thread 0x0000025f19e9b800 nmethod 17341 0x0000025f040f0490 code [0x0000025f040f0a80, 0x0000025f040f3db8]
Event: 148.494 Thread 0x0000025f19e9b800 17340       3       java.io.ObjectInputStream::readClassDescriptor (15 bytes)
Event: 148.494 Thread 0x0000025f19e9b800 nmethod 17340 0x0000025f04028710 code [0x0000025f040288e0, 0x0000025f04028b48]

GC Heap History (20 events):
Event: 120.978 GC heap before
{Heap before GC invocations=24 (full 0):
 garbage-first heap   total 187392K, used 137919K [0x0000000080000000, 0x0000000100000000)
  region size 1024K, 66 young (67584K), 8 survivors (8192K)
 Metaspace       used 98628K, capacity 100774K, committed 100812K, reserved 1136640K
  class space    used 12459K, capacity 13243K, committed 13260K, reserved 1048576K
}
Event: 121.015 GC heap after
{Heap after GC invocations=25 (full 0):
 garbage-first heap   total 187392K, used 85504K [0x0000000080000000, 0x0000000100000000)
  region size 1024K, 9 young (9216K), 9 survivors (9216K)
 Metaspace       used 98628K, capacity 100774K, committed 100812K, reserved 1136640K
  class space    used 12459K, capacity 13243K, committed 13260K, reserved 1048576K
}
Event: 132.799 GC heap before
{Heap before GC invocations=26 (full 0):
 garbage-first heap   total 187392K, used 151040K [0x0000000080000000, 0x0000000100000000)
  region size 1024K, 71 young (72704K), 9 survivors (9216K)
 Metaspace       used 104471K, capacity 106789K, committed 106912K, reserved 1142784K
  class space    used 13036K, capacity 13894K, committed 13984K, reserved 1048576K
}
Event: 132.881 GC heap after
{Heap after GC invocations=27 (full 0):
 garbage-first heap   total 187392K, used 96774K [0x0000000080000000, 0x0000000100000000)
  region size 1024K, 9 young (9216K), 9 survivors (9216K)
 Metaspace       used 104471K, capacity 106789K, committed 106912K, reserved 1142784K
  class space    used 13036K, capacity 13894K, committed 13984K, reserved 1048576K
}
Event: 134.425 GC heap before
{Heap before GC invocations=28 (full 0):
 garbage-first heap   total 187392K, used 104966K [0x0000000080000000, 0x0000000100000000)
  region size 1024K, 19 young (19456K), 9 survivors (9216K)
 Metaspace       used 104755K, capacity 107168K, committed 107424K, reserved 1142784K
  class space    used 13057K, capacity 13931K, committed 13984K, reserved 1048576K
}
Event: 134.453 GC heap after
{Heap after GC invocations=29 (full 0):
 garbage-first heap   total 187392K, used 94720K [0x0000000080000000, 0x0000000100000000)
  region size 1024K, 1 young (1024K), 1 survivors (1024K)
 Metaspace       used 104755K, capacity 107168K, committed 107424K, reserved 1142784K
  class space    used 13057K, capacity 13931K, committed 13984K, reserved 1048576K
}
Event: 137.374 GC heap before
{Heap before GC invocations=30 (full 0):
 garbage-first heap   total 187392K, used 134656K [0x0000000080000000, 0x0000000100000000)
  region size 1024K, 37 young (37888K), 1 survivors (1024K)
 Metaspace       used 109239K, capacity 111708K, committed 111904K, reserved 1146880K
  class space    used 13676K, capacity 14564K, committed 14624K, reserved 1048576K
}
Event: 137.401 GC heap after
{Heap after GC invocations=31 (full 0):
 garbage-first heap   total 187392K, used 100864K [0x0000000080000000, 0x0000000100000000)
  region size 1024K, 5 young (5120K), 5 survivors (5120K)
 Metaspace       used 109239K, capacity 111708K, committed 111904K, reserved 1146880K
  class space    used 13676K, capacity 14564K, committed 14624K, reserved 1048576K
}
Event: 140.403 GC heap before
{Heap before GC invocations=31 (full 0):
 garbage-first heap   total 187392K, used 135680K [0x0000000080000000, 0x0000000100000000)
  region size 1024K, 40 young (40960K), 5 survivors (5120K)
 Metaspace       used 113810K, capacity 116425K, committed 116512K, reserved 1150976K
  class space    used 14354K, capacity 15325K, committed 15392K, reserved 1048576K
}
Event: 140.445 GC heap after
{Heap after GC invocations=32 (full 0):
 garbage-first heap   total 187392K, used 104130K [0x0000000080000000, 0x0000000100000000)
  region size 1024K, 3 young (3072K), 3 survivors (3072K)
 Metaspace       used 113810K, capacity 116425K, committed 116512K, reserved 1150976K
  class space    used 14354K, capacity 15325K, committed 15392K, reserved 1048576K
}
Event: 142.718 GC heap before
{Heap before GC invocations=33 (full 0):
 garbage-first heap   total 187392K, used 139970K [0x0000000080000000, 0x0000000100000000)
  region size 1024K, 38 young (38912K), 3 survivors (3072K)
 Metaspace       used 116031K, capacity 118770K, committed 119072K, reserved 1153024K
  class space    used 14554K, capacity 15585K, committed 15648K, reserved 1048576K
}
Event: 142.739 GC heap after
{Heap after GC invocations=34 (full 0):
 garbage-first heap   total 187392K, used 105214K [0x0000000080000000, 0x0000000100000000)
  region size 1024K, 1 young (1024K), 1 survivors (1024K)
 Metaspace       used 116031K, capacity 118770K, committed 119072K, reserved 1153024K
  class space    used 14554K, capacity 15585K, committed 15648K, reserved 1048576K
}
Event: 143.770 GC heap before
{Heap before GC invocations=34 (full 0):
 garbage-first heap   total 187392K, used 113406K [0x0000000080000000, 0x0000000100000000)
  region size 1024K, 9 young (9216K), 1 survivors (1024K)
 Metaspace       used 116224K, capacity 118996K, committed 119072K, reserved 1153024K
  class space    used 14559K, capacity 15587K, committed 15648K, reserved 1048576K
}
Event: 143.780 GC heap after
{Heap after GC invocations=35 (full 0):
 garbage-first heap   total 187392K, used 104098K [0x0000000080000000, 0x0000000100000000)
  region size 1024K, 2 young (2048K), 2 survivors (2048K)
 Metaspace       used 116224K, capacity 118996K, committed 119072K, reserved 1153024K
  class space    used 14559K, capacity 15587K, committed 15648K, reserved 1048576K
}
Event: 143.790 GC heap before
{Heap before GC invocations=35 (full 0):
 garbage-first heap   total 187392K, used 104098K [0x0000000080000000, 0x0000000100000000)
  region size 1024K, 3 young (3072K), 2 survivors (2048K)
 Metaspace       used 116224K, capacity 118996K, committed 119072K, reserved 1153024K
  class space    used 14559K, capacity 15587K, committed 15648K, reserved 1048576K
}
Event: 143.797 GC heap after
{Heap after GC invocations=36 (full 0):
 garbage-first heap   total 187392K, used 104085K [0x0000000080000000, 0x0000000100000000)
  region size 1024K, 2 young (2048K), 2 survivors (2048K)
 Metaspace       used 116224K, capacity 118996K, committed 119072K, reserved 1153024K
  class space    used 14559K, capacity 15587K, committed 15648K, reserved 1048576K
}
Event: 147.343 GC heap before
{Heap before GC invocations=37 (full 0):
 garbage-first heap   total 187392K, used 145045K [0x0000000080000000, 0x0000000100000000)
  region size 1024K, 37 young (37888K), 2 survivors (2048K)
 Metaspace       used 117955K, capacity 120736K, committed 120864K, reserved 1155072K
  class space    used 14838K, capacity 15866K, committed 15904K, reserved 1048576K
}
Event: 147.361 GC heap after
{Heap after GC invocations=38 (full 0):
 garbage-first heap   total 187392K, used 104557K [0x0000000080000000, 0x0000000100000000)
  region size 1024K, 3 young (3072K), 3 survivors (3072K)
 Metaspace       used 117955K, capacity 120736K, committed 120864K, reserved 1155072K
  class space    used 14838K, capacity 15866K, committed 15904K, reserved 1048576K
}
Event: 148.470 GC heap before
{Heap before GC invocations=38 (full 0):
 garbage-first heap   total 187392K, used 109677K [0x0000000080000000, 0x0000000100000000)
  region size 1024K, 9 young (9216K), 3 survivors (3072K)
 Metaspace       used 118264K, capacity 121078K, committed 121248K, reserved 1155072K
  class space    used 14864K, capacity 15920K, committed 16032K, reserved 1048576K
}
Event: 148.485 GC heap after
{Heap after GC invocations=39 (full 0):
 garbage-first heap   total 187392K, used 102731K [0x0000000080000000, 0x0000000100000000)
  region size 1024K, 1 young (1024K), 1 survivors (1024K)
 Metaspace       used 118264K, capacity 121078K, committed 121248K, reserved 1155072K
  class space    used 14864K, capacity 15920K, committed 16032K, reserved 1048576K
}

Deoptimization events (20 events):
Event: 148.382 Thread 0x0000025f1c194000 Uncommon trap: trap_request=0xffffffde fr.pc=0x0000025f0bb0f4bc relative=0x000000000000129c
Event: 148.382 Thread 0x0000025f1c194000 Uncommon trap: reason=class_check action=maybe_recompile pc=0x0000025f0bb0f4bc method=org.gradle.internal.snapshot.ChildMap$Entry.handleAncestorDescendantOrExactMatch(Lorg/gradle/internal/snapshot/VfsRelativePath;Lorg/gradle/internal/snapshot/CaseSensitiv
Event: 148.382 Thread 0x0000025f1c194000 DEOPT PACKING pc=0x0000025f0bb0f4bc sp=0x000000bba92f93f0
Event: 148.382 Thread 0x0000025f1c194000 DEOPT UNPACKING pc=0x0000025f03a56ca9 sp=0x000000bba92f93c0 mode 2
Event: 148.383 Thread 0x0000025f1c194000 Uncommon trap: trap_request=0xffffff4d fr.pc=0x0000025f0bb5b1dc relative=0x00000000000009dc
Event: 148.383 Thread 0x0000025f1c194000 Uncommon trap: reason=unstable_if action=reinterpret pc=0x0000025f0bb5b1dc method=org.gradle.internal.snapshot.VfsRelativePath.lengthOfCommonPrefix(Ljava/lang/String;Lorg/gradle/internal/snapshot/CaseSensitivity;)I @ 117 c2
Event: 148.383 Thread 0x0000025f1c194000 DEOPT PACKING pc=0x0000025f0bb5b1dc sp=0x000000bba92f8d60
Event: 148.383 Thread 0x0000025f1c194000 DEOPT UNPACKING pc=0x0000025f03a56ca9 sp=0x000000bba92f8ce8 mode 2
Event: 148.383 Thread 0x0000025f1c194000 Uncommon trap: trap_request=0xffffff4d fr.pc=0x0000025f0bb8830c relative=0x0000000000002b0c
Event: 148.383 Thread 0x0000025f1c194000 Uncommon trap: reason=unstable_if action=reinterpret pc=0x0000025f0bb8830c method=org.gradle.internal.snapshot.ChildMap$Entry.handlePath(Lorg/gradle/internal/snapshot/VfsRelativePath;Lorg/gradle/internal/snapshot/CaseSensitivity;Lorg/gradle/internal/snaps
Event: 148.383 Thread 0x0000025f1c194000 DEOPT PACKING pc=0x0000025f0bb8830c sp=0x000000bba92f8dc0
Event: 148.383 Thread 0x0000025f1c194000 DEOPT UNPACKING pc=0x0000025f03a56ca9 sp=0x000000bba92f8d10 mode 2
Event: 148.403 Thread 0x0000025f1c194000 Uncommon trap: trap_request=0xffffffc6 fr.pc=0x0000025f0baf8e34 relative=0x00000000000000f4
Event: 148.403 Thread 0x0000025f1c194000 Uncommon trap: reason=bimorphic_or_optimized_type_check action=maybe_recompile pc=0x0000025f0baf8e34 method=org.gradle.internal.snapshot.SingletonChildMap.visitChildren(Ljava/util/function/BiConsumer;)V @ 15 c2
Event: 148.403 Thread 0x0000025f1c194000 DEOPT PACKING pc=0x0000025f0baf8e34 sp=0x000000bba92f79d0
Event: 148.403 Thread 0x0000025f1c194000 DEOPT UNPACKING pc=0x0000025f03a56ca9 sp=0x000000bba92f7960 mode 2
Event: 148.448 Thread 0x0000025f1c194000 Uncommon trap: trap_request=0xffffff4d fr.pc=0x0000025f0be66790 relative=0x0000000000000250
Event: 148.448 Thread 0x0000025f1c194000 Uncommon trap: reason=unstable_if action=reinterpret pc=0x0000025f0be66790 method=java.lang.Integer.getChars(II[B)I @ 4 c2
Event: 148.448 Thread 0x0000025f1c194000 DEOPT PACKING pc=0x0000025f0be66790 sp=0x000000bba92f7670
Event: 148.448 Thread 0x0000025f1c194000 DEOPT UNPACKING pc=0x0000025f03a56ca9 sp=0x000000bba92f75e8 mode 2

Classes redefined (0 events):
No events

Internal exceptions (20 events):
Event: 144.767 Thread 0x0000025f1cecc800 Exception <a 'sun/nio/fs/WindowsException'{0x000000008b6f1c40}> (0x000000008b6f1c40) thrown at [./src/hotspot/share/prims/jni.cpp, line 615]
Event: 145.034 Thread 0x0000025f1cecc800 Exception <a 'sun/nio/fs/WindowsException'{0x000000008afcb938}> (0x000000008afcb938) thrown at [./src/hotspot/share/prims/jni.cpp, line 615]
Event: 145.080 Thread 0x0000025f1cecc800 Exception <a 'sun/nio/fs/WindowsException'{0x000000008afd9160}> (0x000000008afd9160) thrown at [./src/hotspot/share/prims/jni.cpp, line 615]
Event: 145.113 Thread 0x0000025f1cecc800 Exception <a 'sun/nio/fs/WindowsException'{0x000000008afe0ca8}> (0x000000008afe0ca8) thrown at [./src/hotspot/share/prims/jni.cpp, line 615]
Event: 145.125 Thread 0x0000025f1cecc800 Exception <a 'sun/nio/fs/WindowsException'{0x000000008afec748}> (0x000000008afec748) thrown at [./src/hotspot/share/prims/jni.cpp, line 615]
Event: 145.144 Thread 0x0000025f1cecc800 Exception <a 'sun/nio/fs/WindowsException'{0x000000008aff71f0}> (0x000000008aff71f0) thrown at [./src/hotspot/share/prims/jni.cpp, line 615]
Event: 145.151 Thread 0x0000025f1cecc800 Exception <a 'sun/nio/fs/WindowsException'{0x000000008affde88}> (0x000000008affde88) thrown at [./src/hotspot/share/prims/jni.cpp, line 615]
Event: 145.162 Thread 0x0000025f1cecc800 Exception <a 'sun/nio/fs/WindowsException'{0x000000008adcaf20}> (0x000000008adcaf20) thrown at [./src/hotspot/share/prims/jni.cpp, line 615]
Event: 145.610 Thread 0x0000025f1cecc800 Exception <a 'sun/nio/fs/WindowsException'{0x000000008a8014f0}> (0x000000008a8014f0) thrown at [./src/hotspot/share/prims/jni.cpp, line 615]
Event: 146.523 Thread 0x0000025f206a5000 Exception <a 'sun/nio/fs/WindowsException'{0x0000000089aae858}> (0x0000000089aae858) thrown at [./src/hotspot/share/prims/jni.cpp, line 615]
Event: 146.615 Thread 0x0000025f206a5000 Exception <a 'sun/nio/fs/WindowsException'{0x00000000896a1bf0}> (0x00000000896a1bf0) thrown at [./src/hotspot/share/prims/jni.cpp, line 615]
Event: 147.256 Thread 0x0000025f1cecc800 Exception <a 'sun/nio/fs/WindowsException'{0x000000008929dd50}> (0x000000008929dd50) thrown at [./src/hotspot/share/prims/jni.cpp, line 615]
Event: 147.285 Thread 0x0000025f206a5000 Exception <a 'sun/nio/fs/WindowsException'{0x00000000896a9800}> (0x00000000896a9800) thrown at [./src/hotspot/share/prims/jni.cpp, line 615]
Event: 147.330 Thread 0x0000025f1cecc800 Exception <a 'sun/nio/fs/WindowsException'{0x00000000892ab040}> (0x00000000892ab040) thrown at [./src/hotspot/share/prims/jni.cpp, line 615]
Event: 147.391 Thread 0x0000025f206a5000 Exception <a 'sun/nio/fs/WindowsException'{0x000000008b64a2a8}> (0x000000008b64a2a8) thrown at [./src/hotspot/share/prims/jni.cpp, line 615]
Event: 147.405 Thread 0x0000025f1cecc800 Exception <a 'sun/nio/fs/WindowsException'{0x000000008b6ea180}> (0x000000008b6ea180) thrown at [./src/hotspot/share/prims/jni.cpp, line 615]
Event: 147.471 Thread 0x0000025f206a5000 Exception <a 'sun/nio/fs/WindowsException'{0x000000008b5333a8}> (0x000000008b5333a8) thrown at [./src/hotspot/share/prims/jni.cpp, line 615]
Event: 147.490 Thread 0x0000025f206a5000 Exception <a 'sun/nio/fs/WindowsException'{0x000000008b5d7490}> (0x000000008b5d7490) thrown at [./src/hotspot/share/prims/jni.cpp, line 615]
Event: 147.563 Thread 0x0000025f1cecc800 Exception <a 'sun/nio/fs/WindowsException'{0x000000008b5dfd88}> (0x000000008b5dfd88) thrown at [./src/hotspot/share/prims/jni.cpp, line 615]
Event: 147.642 Thread 0x0000025f1cecc800 Exception <a 'sun/nio/fs/WindowsException'{0x000000008b356cc8}> (0x000000008b356cc8) thrown at [./src/hotspot/share/prims/jni.cpp, line 615]

Events (20 events):
Event: 148.470 Executing VM operation: G1CollectForAllocation
Event: 148.485 Executing VM operation: G1CollectForAllocation done
Event: 148.494 loading class com/android/tools/build/apkzlib/zip/compress/Zip64NotSupportedException
Event: 148.494 loading class com/android/tools/build/apkzlib/zip/compress/Zip64NotSupportedException done
Event: 148.495 Executing VM operation: RevokeBias
Event: 148.495 Executing VM operation: RevokeBias done
Event: 148.496 loading class org/gradle/internal/work/DefaultAsyncWorkTracker$2
Event: 148.496 loading class org/gradle/internal/work/DefaultAsyncWorkTracker$2 done
Event: 148.497 Executing VM operation: RevokeBias
Event: 148.507 Executing VM operation: RevokeBias done
Event: 148.508 loading class kotlin/jvm/JvmDefault
Event: 148.508 loading class kotlin/jvm/JvmDefault done
Event: 148.509 loading class kotlin/jvm/JvmDefault
Event: 148.509 loading class kotlin/jvm/JvmDefault done
Event: 148.512 Executing VM operation: RevokeBias
Event: 148.513 Executing VM operation: RevokeBias done
Event: 148.514 loading class com/android/builder/files/IncrementalChanges
Event: 148.514 loading class com/android/builder/files/IncrementalChanges done
Event: 148.516 loading class com/android/builder/files/RelativeFile$Type
Event: 148.516 loading class com/android/builder/files/RelativeFile$Type done


Dynamic libraries:
0x00007ff7d3590000 - 0x00007ff7d359a000 	C:\Program Files\Android\Android Studio\jre\bin\java.exe
0x00007fffbc0e0000 - 0x00007fffbc2d0000 	C:\Windows\SYSTEM32\ntdll.dll
0x00007fffbbc30000 - 0x00007fffbbce2000 	C:\Windows\System32\KERNEL32.DLL
0x00007fffb9d30000 - 0x00007fffb9fd3000 	C:\Windows\System32\KERNELBASE.dll
0x00007fffb9210000 - 0x00007fffb930a000 	C:\Windows\System32\ucrtbase.dll
0x00007fff9c4c0000 - 0x00007fff9c4d7000 	C:\Program Files\Android\Android Studio\jre\bin\VCRUNTIME140.dll
0x00007fff9d220000 - 0x00007fff9d239000 	C:\Program Files\Android\Android Studio\jre\bin\jli.dll
0x00007fffbbe50000 - 0x00007fffbbfe3000 	C:\Windows\System32\USER32.dll
0x00007fffa6f20000 - 0x00007fffa71a5000 	C:\Windows\WinSxS\amd64_microsoft.windows.common-controls_6595b64144ccf1df_6.0.18362.207_none_e6c5ae95130e4267\COMCTL32.dll
0x00007fffb91e0000 - 0x00007fffb9201000 	C:\Windows\System32\win32u.dll
0x00007fffbbba0000 - 0x00007fffbbbc6000 	C:\Windows\System32\GDI32.dll
0x00007fffbb270000 - 0x00007fffbb30e000 	C:\Windows\System32\msvcrt.dll
0x00007fffba000000 - 0x00007fffba194000 	C:\Windows\System32\gdi32full.dll
0x00007fffbace0000 - 0x00007fffbb016000 	C:\Windows\System32\combase.dll
0x00007fffb9c90000 - 0x00007fffb9d2e000 	C:\Windows\System32\msvcp_win.dll
0x00007fffba200000 - 0x00007fffba320000 	C:\Windows\System32\RPCRT4.dll
0x00007fffb9150000 - 0x00007fffb91d1000 	C:\Windows\System32\bcryptPrimitives.dll
0x00007fffbbb70000 - 0x00007fffbbb9e000 	C:\Windows\System32\IMM32.DLL
0x00007fff55b50000 - 0x00007fff55bed000 	C:\Program Files\Android\Android Studio\jre\bin\msvcp140.dll
0x00007fff887c0000 - 0x00007fff8928f000 	C:\Program Files\Android\Android Studio\jre\bin\server\jvm.dll
0x00007fffbbff0000 - 0x00007fffbc093000 	C:\Windows\System32\ADVAPI32.dll
0x00007fffbbab0000 - 0x00007fffbbb47000 	C:\Windows\System32\sechost.dll
0x00007fffbbb60000 - 0x00007fffbbb68000 	C:\Windows\System32\PSAPI.DLL
0x00007fffb5860000 - 0x00007fffb5869000 	C:\Windows\SYSTEM32\WSOCK32.dll
0x00007fffbb5d0000 - 0x00007fffbb63f000 	C:\Windows\System32\WS2_32.dll
0x00007fffb7050000 - 0x00007fffb7074000 	C:\Windows\SYSTEM32\WINMM.dll
0x00007fffa8570000 - 0x00007fffa857a000 	C:\Windows\SYSTEM32\VERSION.dll
0x00007fffb58b0000 - 0x00007fffb58dd000 	C:\Windows\SYSTEM32\WINMMBASE.dll
0x00007fffb9070000 - 0x00007fffb90ba000 	C:\Windows\System32\cfgmgr32.dll
0x00007fffb9030000 - 0x00007fffb9041000 	C:\Windows\System32\kernel.appcore.dll
0x00007fffa8f20000 - 0x00007fffa8f31000 	C:\Program Files\Android\Android Studio\jre\bin\verify.dll
0x00007fffa80e0000 - 0x00007fffa82d4000 	C:\Windows\SYSTEM32\DBGHELP.DLL
0x00007fffa7720000 - 0x00007fffa774a000 	C:\Windows\SYSTEM32\dbgcore.DLL
0x00007fffa8ef0000 - 0x00007fffa8f19000 	C:\Program Files\Android\Android Studio\jre\bin\java.dll
0x00007fffb4990000 - 0x00007fffb499b000 	C:\Program Files\Android\Android Studio\jre\bin\jimage.dll
0x00007fffa8e30000 - 0x00007fffa8e48000 	C:\Program Files\Android\Android Studio\jre\bin\zip.dll
0x00007fffba5a0000 - 0x00007fffbac80000 	C:\Windows\System32\SHELL32.dll
0x00007fffbbda0000 - 0x00007fffbbe49000 	C:\Windows\System32\shcore.dll
0x00007fffb9310000 - 0x00007fffb9a8b000 	C:\Windows\System32\windows.storage.dll
0x00007fffb9010000 - 0x00007fffb902f000 	C:\Windows\System32\profapi.dll
0x00007fffb8fc0000 - 0x00007fffb900a000 	C:\Windows\System32\powrprof.dll
0x00007fffb8fb0000 - 0x00007fffb8fc0000 	C:\Windows\System32\UMPDC.dll
0x00007fffbbbd0000 - 0x00007fffbbc22000 	C:\Windows\System32\shlwapi.dll
0x00007fffb9fe0000 - 0x00007fffb9ff7000 	C:\Windows\System32\cryptsp.dll
0x00007fffa8dd0000 - 0x00007fffa8dea000 	C:\Program Files\Android\Android Studio\jre\bin\net.dll
0x00007fffad480000 - 0x00007fffad570000 	C:\Windows\SYSTEM32\WINHTTP.dll
0x00007fffb87c0000 - 0x00007fffb8827000 	C:\Windows\system32\mswsock.dll
0x00007fffa8d90000 - 0x00007fffa8da4000 	C:\Program Files\Android\Android Studio\jre\bin\nio.dll
0x00007fff9a4e0000 - 0x00007fff9a507000 	C:\Users\ACER\.gradle\native\8bec1ad78214c89d9ad589b4d07fe93259594b29d510b10fafb7a158f7737e5d\windows-amd64\native-platform.dll
0x00007fff54fc0000 - 0x00007fff550fd000 	C:\Users\ACER\.gradle\native\53dbd7edfb1c66fb8903c78663c9afc45aea4f116125fa6feffd364cf09443e8\windows-amd64\native-platform-file-events.dll
0x00007fffb07e0000 - 0x00007fffb07ea000 	C:\Program Files\Android\Android Studio\jre\bin\management.dll
0x00007fffb0620000 - 0x00007fffb062c000 	C:\Program Files\Android\Android Studio\jre\bin\management_ext.dll
0x00007fffb8380000 - 0x00007fffb83b3000 	C:\Windows\system32\rsaenh.dll
0x00007fffb9120000 - 0x00007fffb9146000 	C:\Windows\System32\bcrypt.dll
0x00007fffb8ea0000 - 0x00007fffb8ec5000 	C:\Windows\SYSTEM32\USERENV.dll
0x00007fffb8990000 - 0x00007fffb899c000 	C:\Windows\SYSTEM32\CRYPTBASE.dll
0x00007fffb8520000 - 0x00007fffb855a000 	C:\Windows\SYSTEM32\IPHLPAPI.DLL
0x00007fffbb480000 - 0x00007fffbb488000 	C:\Windows\System32\NSI.dll
0x00007fffad6c0000 - 0x00007fffad6d6000 	C:\Windows\SYSTEM32\dhcpcsvc6.DLL
0x00007fffadae0000 - 0x00007fffadafc000 	C:\Windows\SYSTEM32\dhcpcsvc.DLL
0x00007fffb8560000 - 0x00007fffb862a000 	C:\Windows\SYSTEM32\DNSAPI.dll

dbghelp: loaded successfully - version: 4.0.5 - missing functions: none
symbol engine: initialized successfully - sym options: 0x614 - pdb path: .;C:\Program Files\Android\Android Studio\jre\bin;C:\Windows\SYSTEM32;C:\Windows\WinSxS\amd64_microsoft.windows.common-controls_6595b64144ccf1df_6.0.18362.207_none_e6c5ae95130e4267;C:\Program Files\Android\Android Studio\jre\bin\server;C:\Users\ACER\.gradle\native\8bec1ad78214c89d9ad589b4d07fe93259594b29d510b10fafb7a158f7737e5d\windows-amd64;C:\Users\ACER\.gradle\native\53dbd7edfb1c66fb8903c78663c9afc45aea4f116125fa6feffd364cf09443e8\windows-amd64

VM Arguments:
jvm_args: --add-opens=java.base/java.util=ALL-UNNAMED --add-opens=java.base/java.lang=ALL-UNNAMED --add-opens=java.base/java.lang.invoke=ALL-UNNAMED --add-opens=java.base/java.util=ALL-UNNAMED --add-opens=java.prefs/java.util.prefs=ALL-UNNAMED --add-opens=java.prefs/java.util.prefs=ALL-UNNAMED --add-opens=java.base/java.nio.charset=ALL-UNNAMED --add-opens=java.base/java.net=ALL-UNNAMED --add-opens=java.base/java.util.concurrent.atomic=ALL-UNNAMED -Xmx2048m -Dfile.encoding=UTF-8 -Duser.country=ID -Duser.language=en -Duser.variant 
java_command: org.gradle.launcher.daemon.bootstrap.GradleDaemon 7.0.2
java_class_path (initial): C:\Users\ACER\.gradle\wrapper\dists\gradle-7.0.2-bin\857tjihv64xamwrf0h14cai3r\gradle-7.0.2\lib\gradle-launcher-7.0.2.jar
Launcher Type: SUN_STANDARD

[Global flags]
     intx CICompilerCount                          = 2                                         {product} {ergonomic}
     uint ConcGCThreads                            = 1                                         {product} {ergonomic}
     uint G1ConcRefinementThreads                  = 2                                         {product} {ergonomic}
   size_t G1HeapRegionSize                         = 1048576                                   {product} {ergonomic}
    uintx GCDrainStackTargetSize                   = 64                                        {product} {ergonomic}
   size_t InitialHeapSize                          = 132120576                                 {product} {ergonomic}
   size_t MarkStackSize                            = 4194304                                   {product} {ergonomic}
   size_t MaxHeapSize                              = 2147483648                                {product} {command line}
   size_t MaxNewSize                               = 1287651328                                {product} {ergonomic}
   size_t MinHeapDeltaBytes                        = 1048576                                   {product} {ergonomic}
    uintx NonNMethodCodeHeapSize                   = 5825164                                {pd product} {ergonomic}
    uintx NonProfiledCodeHeapSize                  = 122916538                              {pd product} {ergonomic}
    uintx ProfiledCodeHeapSize                     = 122916538                              {pd product} {ergonomic}
    uintx ReservedCodeCacheSize                    = 251658240                              {pd product} {ergonomic}
     bool SegmentedCodeCache                       = true                                      {product} {ergonomic}
     bool UseCompressedClassPointers               = true                                 {lp64_product} {ergonomic}
     bool UseCompressedOops                        = true                                 {lp64_product} {ergonomic}
     bool UseG1GC                                  = true                                      {product} {ergonomic}
     bool UseLargePagesIndividualAllocation        = false                                  {pd product} {ergonomic}

Logging:
Log output configuration:
 #0: stdout all=warning uptime,level,tags
 #1: stderr all=off uptime,level,tags

Environment Variables:
PATH=C:\Program Files (x86)\Common Files\Oracle\Java\javapath;C:\ProgramData\Oracle\Java\javapath;C:\Windows\system32;C:\Windows;C:\Windows\System32\Wbem;C:\Windows\System32\WindowsPowerShell\v1.0\;C:\Windows\System32\OpenSSH\;C:\Program Files\Java\jdk1.8.0_111\bin;C:\Program Files\Git\cmd;C:\Program Files\Git\mingw64\bin;C:\Program Files\Git\usr\bin;C:\xampp\mysql\bin;C:\Users\ACER\AppData\Local\Microsoft\WindowsApps;C:\Users\ACER\AppData\Local\GitHubDesktop\bin;C:\Users\ACER\AppData\Local\Programs\Microsoft VS Code\bin;
USERNAME=ACER
OS=Windows_NT
PROCESSOR_IDENTIFIER=Intel64 Family 6 Model 122 Stepping 1, GenuineIntel



---------------  S Y S T E M  ---------------

OS: Windows 10 , 64 bit Build 18362 (10.0.18362.86)
OS uptime: 0 days 22:55 hours

CPU:total 2 (initial active 2) (2 cores per cpu, 1 threads per core) family 6 model 122 stepping 1 microcode 0x2e, cmov, cx8, fxsr, mmx, sse, sse2, sse3, ssse3, sse4.1, sse4.2, popcnt, aes, clmul, erms, 3dnowpref, tsc, tscinvbit, sha

Memory: 4k page, system-wide physical 8014M (1243M free)
TotalPageFile size 13558M (AvailPageFile size 3746M)
current process WorkingSet (physical memory assigned to process): 479M, peak: 483M
current process commit charge ("private bytes"): 503M, peak: 507M

vm_info: OpenJDK 64-Bit Server VM (11.0.10+0-b96-7249189) for windows-amd64 JRE (11.0.10+0-b96-7249189), built on Mar 31 2021 21:44:00 by "builder" with MS VC++ 14.0 (VS2015)

END.
