#
# A fatal error has been detected by the Java Runtime Environment:
#
#  EXCEPTION_ACCESS_VIOLATION (0xc0000005) at pc=0x00000195f973fd50, pid=11320, tid=8504
#
# JRE version: OpenJDK Runtime Environment (11.0.10) (build 11.0.10+0-b96-7249189)
# Java VM: OpenJDK 64-Bit Server VM (11.0.10+0-b96-7249189, mixed mode, tiered, compressed oops, g1 gc, windows-amd64)
# Problematic frame:
# C  0x00000195f973fd50
#
# No core dump will be written. Minidumps are not enabled by default on client versions of Windows
#
# If you would like to submit a bug report, please visit:
#   https://bugreport.java.com/bugreport/crash.jsp
#

---------------  S U M M A R Y ------------

Command Line: --add-opens=java.base/java.util=ALL-UNNAMED --add-opens=java.base/java.lang=ALL-UNNAMED --add-opens=java.base/java.lang.invoke=ALL-UNNAMED --add-opens=java.base/java.util=ALL-UNNAMED --add-opens=java.prefs/java.util.prefs=ALL-UNNAMED --add-opens=java.prefs/java.util.prefs=ALL-UNNAMED --add-opens=java.base/java.nio.charset=ALL-UNNAMED --add-opens=java.base/java.net=ALL-UNNAMED --add-opens=java.base/java.util.concurrent.atomic=ALL-UNNAMED -Xmx2048m -Dfile.encoding=UTF-8 -Duser.country=ID -Duser.language=en -Duser.variant org.gradle.launcher.daemon.bootstrap.GradleDaemon 7.0.2

Host: Intel(R) Celeron(R) N4000 CPU @ 1.10GHz, 2 cores, 7G,  Windows 10 , 64 bit Build 18362 (10.0.18362.86)
Time: Wed Dec  8 00:20:46 2021 SE Asia Standard Time elapsed time: 3363.407685 seconds (0d 0h 56m 3s)

---------------  T H R E A D  ---------------

Current thread (0x00000195f2118800):  JavaThread "C2 CompilerThread0" daemon [_thread_in_native, id=8504, stack(0x0000003b6c500000,0x0000003b6c600000)]


Current CompileTask:
C2:3363407 28093       4       com.android.ide.common.resources.NodeUtils::duplicateNode (315 bytes)

Stack: [0x0000003b6c500000,0x0000003b6c600000],  sp=0x0000003b6c5fae28,  free space=1003k
Native frames: (J=compiled Java code, j=interpreted, Vv=VM code, C=native code)
C  0x00000195f973fd50


siginfo: EXCEPTION_ACCESS_VIOLATION (0xc0000005), data execution prevention violation at address 0x00000195f973fd50


Register to memory mapping:

RIP=0x00000195f973fd50 points into unknown readable memory: 0x00007fff4da471f0 | f0 71 a4 4d ff 7f 00 00
RAX=0x00000195f97406e8 points into unknown readable memory: 0x00000195f9740c70 | 70 0c 74 f9 95 01 00 00
RBX=0x00000195f973fd50 points into unknown readable memory: 0x00007fff4da471f0 | f0 71 a4 4d ff 7f 00 00
RCX=0x0000000000000d9c is an unknown value
RDX=0x00000195fb5c4ad0 points into unknown readable memory: 0x0000000000000000 | 00 00 00 00 00 00 00 00
RSP=0x0000003b6c5fae28 is pointing into the stack for thread: 0x00000195f2118800
RBP=0x0000003b6c5fafd0 is pointing into the stack for thread: 0x00000195f2118800
RSI=0x000000000000013b is an unknown value
RDI=0x0000003b6c5fb350 is pointing into the stack for thread: 0x00000195f2118800
R8 =0x0000000000010000 is an unknown value
R9 =0x0000003b6c5fb350 is pointing into the stack for thread: 0x00000195f2118800
R10=0xfefefefefefefeff is an unknown value
R11=0x00000195fb173ac0 points into unknown readable memory: 0x00000195fbbd2ec8 | c8 2e bd fb 95 01 00 00
R12=0x0000003b6c5faf18 is pointing into the stack for thread: 0x00000195f2118800
R13=0x0000003b6c5faef0 is pointing into the stack for thread: 0x00000195f2118800
R14=0x00000195f973fd00 points into unknown readable memory: 0x00007fff4da48480 | 80 84 a4 4d ff 7f 00 00
R15=0x00000195f973fd00 points into unknown readable memory: 0x00007fff4da48480 | 80 84 a4 4d ff 7f 00 00


Registers:
RAX=0x00000195f97406e8, RBX=0x00000195f973fd50, RCX=0x0000000000000d9c, RDX=0x00000195fb5c4ad0
RSP=0x0000003b6c5fae28, RBP=0x0000003b6c5fafd0, RSI=0x000000000000013b, RDI=0x0000003b6c5fb350
R8 =0x0000000000010000, R9 =0x0000003b6c5fb350, R10=0xfefefefefefefeff, R11=0x00000195fb173ac0
R12=0x0000003b6c5faf18, R13=0x0000003b6c5faef0, R14=0x00000195f973fd00, R15=0x00000195f973fd00
RIP=0x00000195f973fd50, EFLAGS=0x0000000000010202

Top of Stack: (sp=0x0000003b6c5fae28)
0x0000003b6c5fae28:   000000000000013b 00000195f9736e38
0x0000003b6c5fae38:   0000019500000004 00000195f973f3f8
0x0000003b6c5fae48:   0000000000000001 0000003b6c5faf80
0x0000003b6c5fae58:   00007fff4d726e28 00000195f973fd50
0x0000003b6c5fae68:   0000003b6c5fafd0 000000000000013b
0x0000003b6c5fae78:   0000003b6c5faf18 0000003b6c5fbd28
0x0000003b6c5fae88:   00007fff4d7ec470 00000195f2a828a0
0x0000003b6c5fae98:   000000000000000a 00000195fd3903a0
0x0000003b6c5faea8:   0000003b6c5fafd0 0000000000000000
0x0000003b6c5faeb8:   0000000000000002 0000003b6c5fb350
0x0000003b6c5faec8:   00007fff4d726347 0000003b6c5fb350
0x0000003b6c5faed8:   0000000000000001 0000000000000001
0x0000003b6c5faee8:   0000003b6c5faf80 00000195f2a828a0
0x0000003b6c5faef8:   0000019500000200 00000195f8df0960
0x0000003b6c5faf08:   000000000000013c 000000000000000a
0x0000003b6c5faf18:   00007fff4da8de48 00000195f2a828a0 

Instructions: (pc=0x00000195f973fd50)
0x00000195f973fc50:   88 42 a0 4d ff 7f 00 00 90 fc 73 f9 95 01 00 00
0x00000195f973fc60:   ff ff ff ff ff ff ff ff 01 00 00 00 01 00 00 00
0x00000195f973fc70:   00 00 00 00 00 00 00 00 6a 08 00 00 c8 00 00 00
0x00000195f973fc80:   40 00 00 00 00 00 00 00 01 00 00 00 00 00 00 00
0x00000195f973fc90:   00 fc 73 f9 95 01 00 00 50 fc 73 f9 95 01 00 00
0x00000195f973fca0:   b8 fc 73 f9 95 01 00 00 00 00 00 00 00 00 00 00
0x00000195f973fcb0:   00 00 00 00 00 00 00 00 50 43 a0 4d ff 7f 00 00
0x00000195f973fcc0:   f8 fc 73 f9 95 01 00 00 ff ff ff ff ff ff ff ff
0x00000195f973fcd0:   01 00 00 00 01 00 00 00 00 00 00 00 00 00 00 00
0x00000195f973fce0:   6b 08 00 00 48 01 00 00 40 00 00 00 00 00 00 00
0x00000195f973fcf0:   00 00 00 00 00 00 00 00 00 fc 73 f9 95 01 00 00
0x00000195f973fd00:   80 84 a4 4d ff 7f 00 00 38 fd 73 f9 95 01 00 00
0x00000195f973fd10:   a0 fd 73 f9 95 01 00 00 03 00 00 00 03 00 00 00
0x00000195f973fd20:   01 00 00 00 04 00 00 00 9f 15 00 00 00 00 00 00
0x00000195f973fd30:   00 00 00 00 00 00 00 00 c0 f9 b4 f8 95 01 00 00
0x00000195f973fd40:   b0 f1 73 f9 95 01 00 00 10 ed 73 f9 95 01 00 00
0x00000195f973fd50:   f0 71 a4 4d ff 7f 00 00 88 fd 73 f9 95 01 00 00
0x00000195f973fd60:   10 fe 73 f9 95 01 00 00 03 00 00 00 03 00 00 00
0x00000195f973fd70:   01 00 00 00 04 00 00 00 10 12 00 00 c0 00 00 00
0x00000195f973fd80:   00 00 00 00 00 00 00 00 00 00 00 00 00 00 00 00
0x00000195f973fd90:   00 fd 73 f9 95 01 00 00 18 01 bb fb 95 01 00 00
0x00000195f973fda0:   50 fd 73 f9 95 01 00 00 00 00 00 00 00 00 00 00
0x00000195f973fdb0:   00 00 00 00 00 00 00 00 00 00 00 00 00 00 00 00
0x00000195f973fdc0:   20 3d a0 4d ff 7f 00 00 00 fe 73 f9 95 01 00 00
0x00000195f973fdd0:   80 fe 73 f9 95 01 00 00 02 00 00 00 02 00 00 00
0x00000195f973fde0:   01 00 00 00 04 00 00 00 9d 0d 00 00 00 01 00 00
0x00000195f973fdf0:   00 00 00 00 00 00 00 00 04 00 00 00 00 00 00 00
0x00000195f973fe00:   00 00 00 00 00 00 00 00 50 fd 73 f9 95 01 00 00
0x00000195f973fe10:   c0 fd 73 f9 95 01 00 00 00 00 00 00 00 00 00 00
0x00000195f973fe20:   00 00 00 00 00 00 00 00 00 00 00 00 00 00 00 00
0x00000195f973fe30:   f0 40 a0 4d ff 7f 00 00 70 fe 73 f9 95 01 00 00
0x00000195f973fe40:   e8 fe 73 f9 95 01 00 00 02 00 00 00 02 00 00 00 


Stack slot to memory mapping:
stack at sp + 0 slots: 0x000000000000013b is an unknown value
stack at sp + 1 slots: 0x00000195f9736e38 points into unknown readable memory: 0x00007fff4da3a1f8 | f8 a1 a3 4d ff 7f 00 00
stack at sp + 2 slots: 0x0000019500000004 is an unknown value
stack at sp + 3 slots: 0x00000195f973f3f8 points into unknown readable memory: 0x00007fff4d9fddc8 | c8 dd 9f 4d ff 7f 00 00
stack at sp + 4 slots: 0x0000000000000001 is an unknown value
stack at sp + 5 slots: 0x0000003b6c5faf80 is pointing into the stack for thread: 0x00000195f2118800
stack at sp + 6 slots: 0x00007fff4d726e28 jvm.dll
stack at sp + 7 slots: 0x00000195f973fd50 points into unknown readable memory: 0x00007fff4da471f0 | f0 71 a4 4d ff 7f 00 00


---------------  P R O C E S S  ---------------

Threads class SMR info:
_java_thread_list=0x00000195fb97ab50, length=47, elements={
0x00000195d8a2d000, 0x00000195f20f5000, 0x00000195f20f6800, 0x00000195f210f000,
0x00000195f2111000, 0x00000195f2113800, 0x00000195f2118800, 0x00000195f211a800,
0x00000195f2acc800, 0x00000195f2bb9000, 0x00000195f460e800, 0x00000195f2d47000,
0x00000195f4487000, 0x00000195f4228000, 0x00000195f4229000, 0x00000195f4226800,
0x00000195f4e9a800, 0x00000195f4e9b800, 0x00000195f4e9e000, 0x00000195f4e99000,
0x00000195f4e9f800, 0x00000195f4ea4800, 0x00000195f4ea1000, 0x00000195f4ea2000,
0x00000195f75e7800, 0x00000195f75f0800, 0x00000195f75e5000, 0x00000195f75ea000,
0x00000195f75e4800, 0x00000195f4e9c800, 0x00000195f4e9d000, 0x00000195f4e98000,
0x00000195f4e9e800, 0x00000195f4ea0800, 0x00000195f4ea7000, 0x00000195f4ea3000,
0x00000195f4ea3800, 0x00000195f4ea6000, 0x00000195f75e8800, 0x00000195f75eb800,
0x00000195f75e9000, 0x00000195f75e6000, 0x00000195f75ec800, 0x00000195f75e6800,
0x00000195f75f1800, 0x00000195f75f2000, 0x00000195f75f3000
}

Java Threads: ( => current thread )
  0x00000195d8a2d000 JavaThread "main" [_thread_blocked, id=4880, stack(0x0000003b6b900000,0x0000003b6ba00000)]
  0x00000195f20f5000 JavaThread "Reference Handler" daemon [_thread_blocked, id=13056, stack(0x0000003b6c000000,0x0000003b6c100000)]
  0x00000195f20f6800 JavaThread "Finalizer" daemon [_thread_blocked, id=9332, stack(0x0000003b6c100000,0x0000003b6c200000)]
  0x00000195f210f000 JavaThread "Signal Dispatcher" daemon [_thread_blocked, id=8928, stack(0x0000003b6c200000,0x0000003b6c300000)]
  0x00000195f2111000 JavaThread "Attach Listener" daemon [_thread_blocked, id=14400, stack(0x0000003b6c300000,0x0000003b6c400000)]
  0x00000195f2113800 JavaThread "Service Thread" daemon [_thread_blocked, id=3376, stack(0x0000003b6c400000,0x0000003b6c500000)]
=>0x00000195f2118800 JavaThread "C2 CompilerThread0" daemon [_thread_in_native, id=8504, stack(0x0000003b6c500000,0x0000003b6c600000)]
  0x00000195f211a800 JavaThread "C1 CompilerThread0" daemon [_thread_blocked, id=8136, stack(0x0000003b6c600000,0x0000003b6c700000)]
  0x00000195f2acc800 JavaThread "Sweeper thread" daemon [_thread_blocked, id=3724, stack(0x0000003b6c700000,0x0000003b6c800000)]
  0x00000195f2bb9000 JavaThread "Common-Cleaner" daemon [_thread_blocked, id=10844, stack(0x0000003b6c800000,0x0000003b6c900000)]
  0x00000195f460e800 JavaThread "Daemon health stats" [_thread_blocked, id=4736, stack(0x0000003b6cb00000,0x0000003b6cc00000)]
  0x00000195f2d47000 JavaThread "Incoming local TCP Connector on port 49209" [_thread_in_native, id=704, stack(0x0000003b6cd00000,0x0000003b6ce00000)]
  0x00000195f4487000 JavaThread "Daemon periodic checks" [_thread_blocked, id=11612, stack(0x0000003b6cf00000,0x0000003b6d000000)]
  0x00000195f4228000 JavaThread "Cache worker for file hash cache (C:\Users\ACER\.gradle\caches\7.0.2\fileHashes)" [_thread_blocked, id=7444, stack(0x0000003b6d600000,0x0000003b6d700000)]
  0x00000195f4229000 JavaThread "File lock request listener" [_thread_in_native, id=12656, stack(0x0000003b6d700000,0x0000003b6d800000)]
  0x00000195f4226800 JavaThread "Cache worker for journal cache (C:\Users\ACER\.gradle\caches\journal-1)" [_thread_blocked, id=1520, stack(0x0000003b6d800000,0x0000003b6d900000)]
  0x00000195f4e9a800 JavaThread "File watcher server" daemon [_thread_in_native, id=7040, stack(0x0000003b6da00000,0x0000003b6db00000)]
  0x00000195f4e9b800 JavaThread "File watcher consumer" daemon [_thread_blocked, id=4468, stack(0x0000003b6db00000,0x0000003b6dc00000)]
  0x00000195f4e9e000 JavaThread "jar transforms" [_thread_blocked, id=11652, stack(0x0000003b6dc00000,0x0000003b6dd00000)]
  0x00000195f4e99000 JavaThread "jar transforms Thread 2" [_thread_blocked, id=14032, stack(0x0000003b6dd00000,0x0000003b6de00000)]
  0x00000195f4e9f800 JavaThread "Cache worker for execution history cache (C:\Users\ACER\.gradle\caches\7.0.2\executionHistory)" [_thread_blocked, id=11840, stack(0x0000003b6e100000,0x0000003b6e200000)]
  0x00000195f4ea4800 JavaThread "Cache worker for file content cache (C:\Users\ACER\.gradle\caches\7.0.2\fileContent)" [_thread_blocked, id=2568, stack(0x0000003b6e200000,0x0000003b6e300000)]
  0x00000195f4ea1000 JavaThread "Memory manager" [_thread_blocked, id=5248, stack(0x0000003b6d400000,0x0000003b6d500000)]
  0x00000195f4ea2000 JavaThread "pool-3-thread-1" [_thread_blocked, id=424, stack(0x0000003b6e700000,0x0000003b6e800000)]
  0x00000195f75e7800 JavaThread "pool-9-thread-1" [_thread_blocked, id=5240, stack(0x0000003b6e600000,0x0000003b6e700000)]
  0x00000195f75f0800 JavaThread "pool-12-thread-1" [_thread_blocked, id=1168, stack(0x0000003b6e800000,0x0000003b6e900000)]
  0x00000195f75e5000 JavaThread "pool-15-thread-1" [_thread_blocked, id=8792, stack(0x0000003b6e900000,0x0000003b6ea00000)]
  0x00000195f75ea000 JavaThread "Daemon Thread 6" [_thread_blocked, id=4608, stack(0x0000003b6b700000,0x0000003b6b800000)]
  0x00000195f75e4800 JavaThread "Daemon worker Thread 6" [_thread_in_native, id=1976, stack(0x0000003b6d000000,0x0000003b6d100000)]
  0x00000195f4e9c800 JavaThread "pool-19-thread-1" [_thread_blocked, id=15264, stack(0x0000003b6ea00000,0x0000003b6eb00000)]
  0x00000195f4e9d000 JavaThread "Handler for socket connection from /127.0.0.1:49209 to /127.0.0.1:49793" [_thread_in_native, id=1380, stack(0x0000003b6b800000,0x0000003b6b900000)]
  0x00000195f4e98000 JavaThread "Cancel handler" [_thread_blocked, id=9688, stack(0x0000003b6ce00000,0x0000003b6cf00000)]
  0x00000195f4e9e800 JavaThread "Asynchronous log dispatcher for DefaultDaemonConnection: socket connection from /127.0.0.1:49209 to /127.0.0.1:49793" [_thread_blocked, id=8772, stack(0x0000003b6d100000,0x0000003b6d200000)]
  0x00000195f4ea0800 JavaThread "Stdin handler" [_thread_blocked, id=2896, stack(0x0000003b6d200000,0x0000003b6d300000)]
  0x00000195f4ea7000 JavaThread "Daemon client event forwarder" [_thread_blocked, id=11988, stack(0x0000003b6d300000,0x0000003b6d400000)]
  0x00000195f4ea3000 JavaThread "Cache worker for file hash cache (C:\Users\ACER\AndroidStudioProjects\SIBOSS\.gradle\7.0.2\fileHashes)" [_thread_blocked, id=5752, stack(0x0000003b6d500000,0x0000003b6d600000)]
  0x00000195f4ea3800 JavaThread "Cache worker for checksums cache (C:\Users\ACER\AndroidStudioProjects\SIBOSS\.gradle\checksums)" [_thread_blocked, id=5008, stack(0x0000003b6d900000,0x0000003b6da00000)]
  0x00000195f4ea6000 JavaThread "Cache worker for cache directory md-supplier (C:\Users\ACER\.gradle\caches\7.0.2\md-supplier)" [_thread_blocked, id=1060, stack(0x0000003b6de00000,0x0000003b6df00000)]
  0x00000195f75e8800 JavaThread "Cache worker for cache directory md-rule (C:\Users\ACER\.gradle\caches\7.0.2\md-rule)" [_thread_blocked, id=12160, stack(0x0000003b6df00000,0x0000003b6e000000)]
  0x00000195f75eb800 JavaThread "Cache worker for dependencies-accessors (C:\Users\ACER\AndroidStudioProjects\SIBOSS\.gradle\7.0.2\dependencies-accessors)" [_thread_blocked, id=10884, stack(0x0000003b6e000000,0x0000003b6e100000)]
  0x00000195f75e9000 JavaThread "Cache worker for Build Output Cleanup Cache (C:\Users\ACER\AndroidStudioProjects\SIBOSS\.gradle\buildOutputCleanup)" [_thread_blocked, id=13984, stack(0x0000003b6e300000,0x0000003b6e400000)]
  0x00000195f75e6000 JavaThread "Build operations" [_thread_blocked, id=14612, stack(0x0000003b6e400000,0x0000003b6e500000)]
  0x00000195f75ec800 JavaThread "Build operations Thread 2" [_thread_blocked, id=200, stack(0x0000003b6e500000,0x0000003b6e600000)]
  0x00000195f75e6800 JavaThread "pool-23-thread-1" [_thread_blocked, id=8124, stack(0x0000003b6eb00000,0x0000003b6ec00000)]
  0x00000195f75f1800 JavaThread "build event listener" [_thread_blocked, id=12048, stack(0x0000003b6ec00000,0x0000003b6ed00000)]
  0x00000195f75f2000 JavaThread "Execution worker for ':'" [_thread_blocked, id=6548, stack(0x0000003b6ed00000,0x0000003b6ee00000)]
  0x00000195f75f3000 JavaThread "Cache worker for execution history cache (C:\Users\ACER\AndroidStudioProjects\SIBOSS\.gradle\7.0.2\executionHistory)" [_thread_blocked, id=3768, stack(0x0000003b6ee00000,0x0000003b6ef00000)]

Other Threads:
  0x00000195f20f1800 VMThread "VM Thread" [stack: 0x0000003b6bf00000,0x0000003b6c000000] [id=12028]
  0x00000195f2be3800 WatcherThread [stack: 0x0000003b6c900000,0x0000003b6ca00000] [id=12332]
  0x00000195d8a44000 GCTaskThread "GC Thread#0" [stack: 0x0000003b6ba00000,0x0000003b6bb00000] [id=6888]
  0x00000195f2c5a000 GCTaskThread "GC Thread#1" [stack: 0x0000003b6ca00000,0x0000003b6cb00000] [id=13804]
  0x00000195d8a75000 ConcurrentGCThread "G1 Main Marker" [stack: 0x0000003b6bb00000,0x0000003b6bc00000] [id=10776]
  0x00000195d8a77800 ConcurrentGCThread "G1 Conc#0" [stack: 0x0000003b6bc00000,0x0000003b6bd00000] [id=12616]
  0x00000195f1f50800 ConcurrentGCThread "G1 Refine#0" [stack: 0x0000003b6bd00000,0x0000003b6be00000] [id=3524]
  0x00000195f2ee6800 ConcurrentGCThread "G1 Refine#1" [stack: 0x0000003b6cc00000,0x0000003b6cd00000] [id=15292]
  0x00000195f1f51000 ConcurrentGCThread "G1 Young RemSet Sampling" [stack: 0x0000003b6be00000,0x0000003b6bf00000] [id=7340]

Threads with active compile tasks:
C2 CompilerThread03363528 28093       4       com.android.ide.common.resources.NodeUtils::duplicateNode (315 bytes)

VM state:not at safepoint (normal execution)

VM Mutex/Monitor currently owned by a thread: None

Heap address: 0x0000000080000000, size: 2048 MB, Compressed Oops mode: 32-bit
Narrow klass base: 0x0000000000000000, Narrow klass shift: 3
Compressed class space size: 1073741824 Address: 0x0000000100000000

Heap:
 garbage-first heap   total 359424K, used 166740K [0x0000000080000000, 0x0000000100000000)
  region size 1024K, 13 young (13312K), 11 survivors (11264K)
 Metaspace       used 147364K, capacity 151589K, committed 151884K, reserved 1181696K
  class space    used 17934K, capacity 19471K, committed 19584K, reserved 1048576K
Heap Regions: E=young(eden), S=young(survivor), O=old, HS=humongous(starts), HC=humongous(continues), CS=collection set, F=free, A=archive, TAMS=top-at-mark-start (previous, next)
|   0|0x0000000080000000, 0x0000000080100000, 0x0000000080100000|100%| O|  |TAMS 0x0000000080100000, 0x0000000080000000| Updating 
|   1|0x0000000080100000, 0x0000000080200000, 0x0000000080200000|100%| O|  |TAMS 0x0000000080200000, 0x0000000080100000| Updating 
|   2|0x0000000080200000, 0x0000000080300000, 0x0000000080300000|100%| O|  |TAMS 0x0000000080300000, 0x0000000080200000| Updating 
|   3|0x0000000080300000, 0x0000000080400000, 0x0000000080400000|100%| O|  |TAMS 0x0000000080400000, 0x0000000080300000| Updating 
|   4|0x0000000080400000, 0x0000000080500000, 0x0000000080500000|100%|HS|  |TAMS 0x0000000080500000, 0x0000000080400000| Complete 
|   5|0x0000000080500000, 0x0000000080600000, 0x0000000080600000|100%|HC|  |TAMS 0x0000000080600000, 0x0000000080500000| Complete 
|   6|0x0000000080600000, 0x0000000080700000, 0x0000000080700000|100%|HC|  |TAMS 0x0000000080700000, 0x0000000080600000| Complete 
|   7|0x0000000080700000, 0x0000000080800000, 0x0000000080800000|100%| O|  |TAMS 0x0000000080800000, 0x0000000080700000| Updating 
|   8|0x0000000080800000, 0x0000000080900000, 0x0000000080900000|100%| O|  |TAMS 0x0000000080900000, 0x0000000080800000| Updating 
|   9|0x0000000080900000, 0x0000000080a00000, 0x0000000080a00000|100%| O|  |TAMS 0x0000000080a00000, 0x0000000080900000| Updating 
|  10|0x0000000080a00000, 0x0000000080b00000, 0x0000000080b00000|100%| O|  |TAMS 0x0000000080b00000, 0x0000000080a00000| Updating 
|  11|0x0000000080b00000, 0x0000000080c00000, 0x0000000080c00000|100%| O|  |TAMS 0x0000000080c00000, 0x0000000080b00000| Updating 
|  12|0x0000000080c00000, 0x0000000080d00000, 0x0000000080d00000|100%| O|  |TAMS 0x0000000080d00000, 0x0000000080c00000| Updating 
|  13|0x0000000080d00000, 0x0000000080e00000, 0x0000000080e00000|100%| O|  |TAMS 0x0000000080e00000, 0x0000000080d00000| Updating 
|  14|0x0000000080e00000, 0x0000000080f00000, 0x0000000080f00000|100%| O|  |TAMS 0x0000000080f00000, 0x0000000080e00000| Updating 
|  15|0x0000000080f00000, 0x0000000081000000, 0x0000000081000000|100%|HS|  |TAMS 0x0000000081000000, 0x0000000080f00000| Complete 
|  16|0x0000000081000000, 0x0000000081100000, 0x0000000081100000|100%|HC|  |TAMS 0x0000000081100000, 0x0000000081000000| Complete 
|  17|0x0000000081100000, 0x0000000081200000, 0x0000000081200000|100%|HS|  |TAMS 0x0000000081200000, 0x0000000081100000| Complete 
|  18|0x0000000081200000, 0x0000000081300000, 0x0000000081300000|100%|HC|  |TAMS 0x0000000081300000, 0x0000000081200000| Complete 
|  19|0x0000000081300000, 0x0000000081400000, 0x0000000081400000|100%|HC|  |TAMS 0x0000000081400000, 0x0000000081300000| Complete 
|  20|0x0000000081400000, 0x0000000081500000, 0x0000000081500000|100%|HS|  |TAMS 0x0000000081500000, 0x0000000081400000| Complete 
|  21|0x0000000081500000, 0x0000000081600000, 0x0000000081600000|100%|HC|  |TAMS 0x0000000081600000, 0x0000000081500000| Complete 
|  22|0x0000000081600000, 0x0000000081700000, 0x0000000081700000|100%|HC|  |TAMS 0x0000000081700000, 0x0000000081600000| Complete 
|  23|0x0000000081700000, 0x0000000081800000, 0x0000000081800000|100%|HC|  |TAMS 0x0000000081800000, 0x0000000081700000| Complete 
|  24|0x0000000081800000, 0x0000000081900000, 0x0000000081900000|100%|HC|  |TAMS 0x0000000081900000, 0x0000000081800000| Complete 
|  25|0x0000000081900000, 0x0000000081a00000, 0x0000000081a00000|100%| O|  |TAMS 0x0000000081a00000, 0x0000000081900000| Updating 
|  26|0x0000000081a00000, 0x0000000081b00000, 0x0000000081b00000|100%| O|  |TAMS 0x0000000081b00000, 0x0000000081a00000| Updating 
|  27|0x0000000081b00000, 0x0000000081c00000, 0x0000000081c00000|100%| O|  |TAMS 0x0000000081c00000, 0x0000000081b00000| Updating 
|  28|0x0000000081c00000, 0x0000000081d00000, 0x0000000081d00000|100%| O|  |TAMS 0x0000000081d00000, 0x0000000081c00000| Updating 
|  29|0x0000000081d00000, 0x0000000081e00000, 0x0000000081e00000|100%| O|  |TAMS 0x0000000081e00000, 0x0000000081d00000| Updating 
|  30|0x0000000081e00000, 0x0000000081f00000, 0x0000000081f00000|100%| O|  |TAMS 0x0000000081f00000, 0x0000000081e00000| Updating 
|  31|0x0000000081f00000, 0x0000000082000000, 0x0000000082000000|100%| O|  |TAMS 0x0000000082000000, 0x0000000081f00000| Updating 
|  32|0x0000000082000000, 0x0000000082100000, 0x0000000082100000|100%| O|  |TAMS 0x0000000082100000, 0x0000000082000000| Updating 
|  33|0x0000000082100000, 0x0000000082200000, 0x0000000082200000|100%| O|  |TAMS 0x0000000082200000, 0x0000000082100000| Updating 
|  34|0x0000000082200000, 0x0000000082300000, 0x0000000082300000|100%| O|  |TAMS 0x0000000082300000, 0x0000000082200000| Updating 
|  35|0x0000000082300000, 0x0000000082400000, 0x0000000082400000|100%| O|  |TAMS 0x0000000082400000, 0x0000000082300000| Updating 
|  36|0x0000000082400000, 0x0000000082500000, 0x0000000082500000|100%| O|  |TAMS 0x0000000082500000, 0x0000000082400000| Updating 
|  37|0x0000000082500000, 0x0000000082600000, 0x0000000082600000|100%| O|  |TAMS 0x0000000082600000, 0x0000000082500000| Updating 
|  38|0x0000000082600000, 0x0000000082700000, 0x0000000082700000|100%| O|  |TAMS 0x0000000082700000, 0x0000000082600000| Updating 
|  39|0x0000000082700000, 0x0000000082800000, 0x0000000082800000|100%| O|  |TAMS 0x0000000082800000, 0x0000000082700000| Updating 
|  40|0x0000000082800000, 0x0000000082900000, 0x0000000082900000|100%| O|  |TAMS 0x0000000082900000, 0x0000000082800000| Updating 
|  41|0x0000000082900000, 0x0000000082a00000, 0x0000000082a00000|100%| O|  |TAMS 0x0000000082a00000, 0x0000000082900000| Updating 
|  42|0x0000000082a00000, 0x0000000082b00000, 0x0000000082b00000|100%| O|  |TAMS 0x0000000082b00000, 0x0000000082a00000| Updating 
|  43|0x0000000082b00000, 0x0000000082c00000, 0x0000000082c00000|100%| O|  |TAMS 0x0000000082c00000, 0x0000000082b00000| Updating 
|  44|0x0000000082c00000, 0x0000000082d00000, 0x0000000082d00000|100%| O|  |TAMS 0x0000000082d00000, 0x0000000082c00000| Updating 
|  45|0x0000000082d00000, 0x0000000082e00000, 0x0000000082e00000|100%| O|  |TAMS 0x0000000082e00000, 0x0000000082d00000| Updating 
|  46|0x0000000082e00000, 0x0000000082f00000, 0x0000000082f00000|100%| O|  |TAMS 0x0000000082f00000, 0x0000000082e00000| Updating 
|  47|0x0000000082f00000, 0x0000000083000000, 0x0000000083000000|100%| O|  |TAMS 0x0000000083000000, 0x0000000082f00000| Updating 
|  48|0x0000000083000000, 0x0000000083100000, 0x0000000083100000|100%| O|  |TAMS 0x0000000083100000, 0x0000000083000000| Updating 
|  49|0x0000000083100000, 0x0000000083200000, 0x0000000083200000|100%|HS|  |TAMS 0x0000000083100000, 0x0000000083100000| Complete 
|  50|0x0000000083200000, 0x0000000083300000, 0x0000000083300000|100%| O|  |TAMS 0x0000000083300000, 0x0000000083200000| Updating 
|  51|0x0000000083300000, 0x0000000083400000, 0x0000000083400000|100%| O|  |TAMS 0x0000000083400000, 0x0000000083300000| Updating 
|  52|0x0000000083400000, 0x0000000083500000, 0x0000000083500000|100%| O|  |TAMS 0x0000000083500000, 0x0000000083400000| Updating 
|  53|0x0000000083500000, 0x0000000083600000, 0x0000000083600000|100%| O|  |TAMS 0x0000000083600000, 0x0000000083500000| Updating 
|  54|0x0000000083600000, 0x0000000083700000, 0x0000000083700000|100%| O|  |TAMS 0x0000000083700000, 0x0000000083600000| Updating 
|  55|0x0000000083700000, 0x0000000083800000, 0x0000000083800000|100%| O|  |TAMS 0x0000000083800000, 0x0000000083700000| Updating 
|  56|0x0000000083800000, 0x0000000083900000, 0x0000000083900000|100%|HS|  |TAMS 0x0000000083900000, 0x0000000083800000| Complete 
|  57|0x0000000083900000, 0x0000000083a00000, 0x0000000083a00000|100%|HS|  |TAMS 0x0000000083a00000, 0x0000000083900000| Complete 
|  58|0x0000000083a00000, 0x0000000083b00000, 0x0000000083b00000|100%| O|  |TAMS 0x0000000083b00000, 0x0000000083a00000| Updating 
|  59|0x0000000083b00000, 0x0000000083c00000, 0x0000000083c00000|100%|HS|  |TAMS 0x0000000083c00000, 0x0000000083b00000| Complete 
|  60|0x0000000083c00000, 0x0000000083d00000, 0x0000000083d00000|100%|HC|  |TAMS 0x0000000083d00000, 0x0000000083c00000| Complete 
|  61|0x0000000083d00000, 0x0000000083e00000, 0x0000000083e00000|100%| O|  |TAMS 0x0000000083e00000, 0x0000000083d00000| Updating 
|  62|0x0000000083e00000, 0x0000000083f00000, 0x0000000083f00000|100%| O|  |TAMS 0x0000000083f00000, 0x0000000083e00000| Updating 
|  63|0x0000000083f00000, 0x0000000084000000, 0x0000000084000000|100%| O|  |TAMS 0x0000000084000000, 0x0000000083f00000| Updating 
|  64|0x0000000084000000, 0x0000000084100000, 0x0000000084100000|100%| O|  |TAMS 0x0000000084100000, 0x0000000084000000| Updating 
|  65|0x0000000084100000, 0x0000000084200000, 0x0000000084200000|100%| O|  |TAMS 0x0000000084200000, 0x0000000084100000| Updating 
|  66|0x0000000084200000, 0x0000000084300000, 0x0000000084300000|100%| O|  |TAMS 0x0000000084300000, 0x0000000084200000| Updating 
|  67|0x0000000084300000, 0x0000000084400000, 0x0000000084400000|100%| O|  |TAMS 0x0000000084400000, 0x0000000084300000| Updating 
|  68|0x0000000084400000, 0x0000000084500000, 0x0000000084500000|100%| O|  |TAMS 0x0000000084500000, 0x0000000084400000| Updating 
|  69|0x0000000084500000, 0x0000000084600000, 0x0000000084600000|100%| O|  |TAMS 0x0000000084600000, 0x0000000084500000| Updating 
|  70|0x0000000084600000, 0x0000000084700000, 0x0000000084700000|100%| O|  |TAMS 0x0000000084700000, 0x0000000084600000| Updating 
|  71|0x0000000084700000, 0x0000000084800000, 0x0000000084800000|100%| O|  |TAMS 0x0000000084800000, 0x0000000084700000| Updating 
|  72|0x0000000084800000, 0x0000000084900000, 0x0000000084900000|100%| O|  |TAMS 0x0000000084900000, 0x0000000084800000| Updating 
|  73|0x0000000084900000, 0x0000000084900000, 0x0000000084a00000|  0%| F|  |TAMS 0x0000000084900000, 0x0000000084900000| Untracked 
|  74|0x0000000084a00000, 0x0000000084b00000, 0x0000000084b00000|100%| O|  |TAMS 0x0000000084b00000, 0x0000000084a00000| Updating 
|  75|0x0000000084b00000, 0x0000000084c00000, 0x0000000084c00000|100%| O|  |TAMS 0x0000000084c00000, 0x0000000084b00000| Updating 
|  76|0x0000000084c00000, 0x0000000084d00000, 0x0000000084d00000|100%| O|  |TAMS 0x0000000084d00000, 0x0000000084c00000| Updating 
|  77|0x0000000084d00000, 0x0000000084e00000, 0x0000000084e00000|100%| O|  |TAMS 0x0000000084e00000, 0x0000000084d00000| Updating 
|  78|0x0000000084e00000, 0x0000000084f00000, 0x0000000084f00000|100%|HS|  |TAMS 0x0000000084f00000, 0x0000000084e00000| Complete 
|  79|0x0000000084f00000, 0x0000000085000000, 0x0000000085000000|100%|HC|  |TAMS 0x0000000085000000, 0x0000000084f00000| Complete 
|  80|0x0000000085000000, 0x0000000085100000, 0x0000000085100000|100%|HC|  |TAMS 0x0000000085100000, 0x0000000085000000| Complete 
|  81|0x0000000085100000, 0x0000000085200000, 0x0000000085200000|100%| O|  |TAMS 0x0000000085200000, 0x0000000085100000| Updating 
|  82|0x0000000085200000, 0x0000000085300000, 0x0000000085300000|100%| O|  |TAMS 0x0000000085300000, 0x0000000085200000| Updating 
|  83|0x0000000085300000, 0x0000000085400000, 0x0000000085400000|100%| O|  |TAMS 0x0000000085400000, 0x0000000085300000| Updating 
|  84|0x0000000085400000, 0x0000000085500000, 0x0000000085500000|100%| O|  |TAMS 0x0000000085500000, 0x0000000085400000| Updating 
|  85|0x0000000085500000, 0x0000000085600000, 0x0000000085600000|100%| O|  |TAMS 0x0000000085600000, 0x0000000085500000| Updating 
|  86|0x0000000085600000, 0x0000000085700000, 0x0000000085700000|100%| O|  |TAMS 0x0000000085700000, 0x0000000085600000| Updating 
|  87|0x0000000085700000, 0x0000000085800000, 0x0000000085800000|100%|HS|  |TAMS 0x0000000085800000, 0x0000000085700000| Complete 
|  88|0x0000000085800000, 0x0000000085900000, 0x0000000085900000|100%|HC|  |TAMS 0x0000000085900000, 0x0000000085800000| Complete 
|  89|0x0000000085900000, 0x0000000085a00000, 0x0000000085a00000|100%|HC|  |TAMS 0x0000000085a00000, 0x0000000085900000| Complete 
|  90|0x0000000085a00000, 0x0000000085b00000, 0x0000000085b00000|100%|HC|  |TAMS 0x0000000085b00000, 0x0000000085a00000| Complete 
|  91|0x0000000085b00000, 0x0000000085c00000, 0x0000000085c00000|100%|HC|  |TAMS 0x0000000085c00000, 0x0000000085b00000| Complete 
|  92|0x0000000085c00000, 0x0000000085d00000, 0x0000000085d00000|100%| O|  |TAMS 0x0000000085d00000, 0x0000000085c00000| Updating 
|  93|0x0000000085d00000, 0x0000000085d00000, 0x0000000085e00000|  0%| F|  |TAMS 0x0000000085d00000, 0x0000000085d00000| Untracked 
|  94|0x0000000085e00000, 0x0000000085f00000, 0x0000000085f00000|100%| O|  |TAMS 0x0000000085f00000, 0x0000000085e00000| Updating 
|  95|0x0000000085f00000, 0x0000000085f00000, 0x0000000086000000|  0%| F|  |TAMS 0x0000000085f00000, 0x0000000085f00000| Untracked 
|  96|0x0000000086000000, 0x0000000086100000, 0x0000000086100000|100%| O|  |TAMS 0x0000000086100000, 0x0000000086000000| Updating 
|  97|0x0000000086100000, 0x0000000086200000, 0x0000000086200000|100%| O|  |TAMS 0x0000000086200000, 0x0000000086100000| Updating 
|  98|0x0000000086200000, 0x0000000086300000, 0x0000000086300000|100%| O|  |TAMS 0x0000000086300000, 0x0000000086200000| Updating 
|  99|0x0000000086300000, 0x0000000086400000, 0x0000000086400000|100%| O|  |TAMS 0x0000000086400000, 0x0000000086300000| Updating 
| 100|0x0000000086400000, 0x0000000086500000, 0x0000000086500000|100%| O|  |TAMS 0x0000000086500000, 0x0000000086400000| Updating 
| 101|0x0000000086500000, 0x0000000086600000, 0x0000000086600000|100%|HS|  |TAMS 0x0000000086500000, 0x0000000086500000| Complete 
| 102|0x0000000086600000, 0x0000000086700000, 0x0000000086700000|100%|HC|  |TAMS 0x0000000086600000, 0x0000000086600000| Complete 
| 103|0x0000000086700000, 0x0000000086800000, 0x0000000086800000|100%| O|  |TAMS 0x0000000086800000, 0x0000000086700000| Updating 
| 104|0x0000000086800000, 0x0000000086900000, 0x0000000086900000|100%| O|  |TAMS 0x0000000086900000, 0x0000000086800000| Updating 
| 105|0x0000000086900000, 0x0000000086a00000, 0x0000000086a00000|100%| O|  |TAMS 0x0000000086a00000, 0x0000000086900000| Updating 
| 106|0x0000000086a00000, 0x0000000086b00000, 0x0000000086b00000|100%| O|  |TAMS 0x0000000086b00000, 0x0000000086a00000| Updating 
| 107|0x0000000086b00000, 0x0000000086c00000, 0x0000000086c00000|100%| O|  |TAMS 0x0000000086c00000, 0x0000000086b00000| Updating 
| 108|0x0000000086c00000, 0x0000000086d00000, 0x0000000086d00000|100%| O|  |TAMS 0x0000000086d00000, 0x0000000086c00000| Updating 
| 109|0x0000000086d00000, 0x0000000086e00000, 0x0000000086e00000|100%| O|  |TAMS 0x0000000086e00000, 0x0000000086d00000| Updating 
| 110|0x0000000086e00000, 0x0000000086f00000, 0x0000000086f00000|100%| O|  |TAMS 0x0000000086f00000, 0x0000000086e00000| Updating 
| 111|0x0000000086f00000, 0x0000000087000000, 0x0000000087000000|100%| O|  |TAMS 0x0000000087000000, 0x0000000086f00000| Updating 
| 112|0x0000000087000000, 0x0000000087100000, 0x0000000087100000|100%| O|  |TAMS 0x0000000087100000, 0x0000000087000000| Updating 
| 113|0x0000000087100000, 0x0000000087200000, 0x0000000087200000|100%| O|  |TAMS 0x0000000087200000, 0x0000000087100000| Updating 
| 114|0x0000000087200000, 0x0000000087300000, 0x0000000087300000|100%| O|  |TAMS 0x0000000087300000, 0x0000000087200000| Updating 
| 115|0x0000000087300000, 0x0000000087400000, 0x0000000087400000|100%| O|  |TAMS 0x0000000087400000, 0x0000000087300000| Updating 
| 116|0x0000000087400000, 0x0000000087500000, 0x0000000087500000|100%| O|  |TAMS 0x0000000087500000, 0x0000000087400000| Updating 
| 117|0x0000000087500000, 0x0000000087600000, 0x0000000087600000|100%| O|  |TAMS 0x0000000087600000, 0x0000000087500000| Updating 
| 118|0x0000000087600000, 0x0000000087700000, 0x0000000087700000|100%| O|  |TAMS 0x0000000087700000, 0x0000000087600000| Updating 
| 119|0x0000000087700000, 0x0000000087800000, 0x0000000087800000|100%| O|  |TAMS 0x0000000087800000, 0x0000000087700000| Updating 
| 120|0x0000000087800000, 0x0000000087900000, 0x0000000087900000|100%| O|  |TAMS 0x0000000087900000, 0x0000000087800000| Updating 
| 121|0x0000000087900000, 0x0000000087a00000, 0x0000000087a00000|100%| O|  |TAMS 0x0000000087a00000, 0x0000000087900000| Updating 
| 122|0x0000000087a00000, 0x0000000087a00000, 0x0000000087b00000|  0%| F|  |TAMS 0x0000000087a00000, 0x0000000087a00000| Untracked 
| 123|0x0000000087b00000, 0x0000000087c00000, 0x0000000087c00000|100%| O|  |TAMS 0x0000000087c00000, 0x0000000087b00000| Updating 
| 124|0x0000000087c00000, 0x0000000087d00000, 0x0000000087d00000|100%| O|  |TAMS 0x0000000087d00000, 0x0000000087c00000| Updating 
| 125|0x0000000087d00000, 0x0000000087e00000, 0x0000000087e00000|100%| O|  |TAMS 0x0000000087e00000, 0x0000000087d00000| Updating 
| 126|0x0000000087e00000, 0x0000000087f00000, 0x0000000087f00000|100%| O|  |TAMS 0x0000000087f00000, 0x0000000087e00000| Updating 
| 127|0x0000000087f00000, 0x0000000088000000, 0x0000000088000000|100%| O|  |TAMS 0x0000000088000000, 0x0000000087f00000| Updating 
| 128|0x0000000088000000, 0x0000000088100000, 0x0000000088100000|100%| O|  |TAMS 0x0000000088100000, 0x0000000088000000| Updating 
| 129|0x0000000088100000, 0x0000000088200000, 0x0000000088200000|100%| O|  |TAMS 0x0000000088200000, 0x0000000088100000| Updating 
| 130|0x0000000088200000, 0x0000000088300000, 0x0000000088300000|100%| O|  |TAMS 0x0000000088300000, 0x0000000088200000| Updating 
| 131|0x0000000088300000, 0x0000000088400000, 0x0000000088400000|100%| O|  |TAMS 0x0000000088400000, 0x0000000088300000| Updating 
| 132|0x0000000088400000, 0x0000000088500000, 0x0000000088500000|100%| O|  |TAMS 0x0000000088500000, 0x0000000088400000| Updating 
| 133|0x0000000088500000, 0x00000000885f0a00, 0x0000000088600000| 93%| O|  |TAMS 0x00000000885f0a00, 0x0000000088500000| Updating 
| 134|0x0000000088600000, 0x0000000088700000, 0x0000000088700000|100%|HS|  |TAMS 0x0000000088600000, 0x0000000088600000| Complete 
| 135|0x0000000088700000, 0x0000000088800000, 0x0000000088800000|100%|HC|  |TAMS 0x0000000088700000, 0x0000000088700000| Complete 
| 136|0x0000000088800000, 0x0000000088900000, 0x0000000088900000|100%| O|  |TAMS 0x0000000088900000, 0x0000000088800000| Updating 
| 137|0x0000000088900000, 0x0000000088a00000, 0x0000000088a00000|100%| O|  |TAMS 0x0000000088a00000, 0x0000000088900000| Updating 
| 138|0x0000000088a00000, 0x0000000088b00000, 0x0000000088b00000|100%|HS|  |TAMS 0x0000000088a00000, 0x0000000088a00000| Complete 
| 139|0x0000000088b00000, 0x0000000088c00000, 0x0000000088c00000|100%|HC|  |TAMS 0x0000000088b00000, 0x0000000088b00000| Complete 
| 140|0x0000000088c00000, 0x0000000088d00000, 0x0000000088d00000|100%|HC|  |TAMS 0x0000000088c00000, 0x0000000088c00000| Complete 
| 141|0x0000000088d00000, 0x0000000088e00000, 0x0000000088e00000|100%|HC|  |TAMS 0x0000000088d00000, 0x0000000088d00000| Complete 
| 142|0x0000000088e00000, 0x0000000088e00000, 0x0000000088f00000|  0%| F|  |TAMS 0x0000000088e00000, 0x0000000088e00000| Untracked 
| 143|0x0000000088f00000, 0x0000000088f00000, 0x0000000089000000|  0%| F|  |TAMS 0x0000000088f00000, 0x0000000088f00000| Untracked 
| 144|0x0000000089000000, 0x0000000089100000, 0x0000000089100000|100%| O|  |TAMS 0x0000000089100000, 0x0000000089000000| Updating 
| 145|0x0000000089100000, 0x0000000089200000, 0x0000000089200000|100%|HS|  |TAMS 0x0000000089100000, 0x0000000089100000| Complete 
| 146|0x0000000089200000, 0x0000000089300000, 0x0000000089300000|100%|HC|  |TAMS 0x0000000089200000, 0x0000000089200000| Complete 
| 147|0x0000000089300000, 0x0000000089400000, 0x0000000089400000|100%|HC|  |TAMS 0x0000000089300000, 0x0000000089300000| Complete 
| 148|0x0000000089400000, 0x0000000089500000, 0x0000000089500000|100%|HS|  |TAMS 0x0000000089400000, 0x0000000089400000| Complete 
| 149|0x0000000089500000, 0x0000000089600000, 0x0000000089600000|100%|HC|  |TAMS 0x0000000089500000, 0x0000000089500000| Complete 
| 150|0x0000000089600000, 0x0000000089700000, 0x0000000089700000|100%|HC|  |TAMS 0x0000000089600000, 0x0000000089600000| Complete 
| 151|0x0000000089700000, 0x0000000089800000, 0x0000000089800000|100%| O|  |TAMS 0x0000000089800000, 0x0000000089700000| Updating 
| 152|0x0000000089800000, 0x0000000089800000, 0x0000000089900000|  0%| F|  |TAMS 0x0000000089800000, 0x0000000089800000| Untracked 
| 153|0x0000000089900000, 0x0000000089900000, 0x0000000089a00000|  0%| F|  |TAMS 0x0000000089900000, 0x0000000089900000| Untracked 
| 154|0x0000000089a00000, 0x0000000089a00000, 0x0000000089b00000|  0%| F|  |TAMS 0x0000000089a00000, 0x0000000089a00000| Untracked 
| 155|0x0000000089b00000, 0x0000000089c00000, 0x0000000089c00000|100%| O|  |TAMS 0x0000000089c00000, 0x0000000089b00000| Updating 
| 156|0x0000000089c00000, 0x0000000089d00000, 0x0000000089d00000|100%| O|  |TAMS 0x0000000089d00000, 0x0000000089c00000| Updating 
| 157|0x0000000089d00000, 0x0000000089d00000, 0x0000000089e00000|  0%| F|  |TAMS 0x0000000089d00000, 0x0000000089d00000| Untracked 
| 158|0x0000000089e00000, 0x0000000089f00000, 0x0000000089f00000|100%| O|  |TAMS 0x0000000089f00000, 0x0000000089e00000| Updating 
| 159|0x0000000089f00000, 0x0000000089f00000, 0x000000008a000000|  0%| F|  |TAMS 0x0000000089f00000, 0x0000000089f00000| Untracked 
| 160|0x000000008a000000, 0x000000008a000000, 0x000000008a100000|  0%| F|  |TAMS 0x000000008a000000, 0x000000008a000000| Untracked 
| 161|0x000000008a100000, 0x000000008a100000, 0x000000008a200000|  0%| F|  |TAMS 0x000000008a100000, 0x000000008a100000| Untracked 
| 162|0x000000008a200000, 0x000000008a200000, 0x000000008a300000|  0%| F|  |TAMS 0x000000008a200000, 0x000000008a200000| Untracked 
| 163|0x000000008a300000, 0x000000008a300000, 0x000000008a400000|  0%| F|  |TAMS 0x000000008a300000, 0x000000008a300000| Untracked 
| 164|0x000000008a400000, 0x000000008a400000, 0x000000008a500000|  0%| F|  |TAMS 0x000000008a400000, 0x000000008a400000| Untracked 
| 165|0x000000008a500000, 0x000000008a500000, 0x000000008a600000|  0%| F|  |TAMS 0x000000008a500000, 0x000000008a500000| Untracked 
| 166|0x000000008a600000, 0x000000008a600000, 0x000000008a700000|  0%| F|  |TAMS 0x000000008a600000, 0x000000008a600000| Untracked 
| 167|0x000000008a700000, 0x000000008a700000, 0x000000008a800000|  0%| F|  |TAMS 0x000000008a700000, 0x000000008a700000| Untracked 
| 168|0x000000008a800000, 0x000000008a800000, 0x000000008a900000|  0%| F|  |TAMS 0x000000008a800000, 0x000000008a800000| Untracked 
| 169|0x000000008a900000, 0x000000008a900000, 0x000000008aa00000|  0%| F|  |TAMS 0x000000008a900000, 0x000000008a900000| Untracked 
| 170|0x000000008aa00000, 0x000000008aa00000, 0x000000008ab00000|  0%| F|  |TAMS 0x000000008aa00000, 0x000000008aa00000| Untracked 
| 171|0x000000008ab00000, 0x000000008ab00000, 0x000000008ac00000|  0%| F|  |TAMS 0x000000008ab00000, 0x000000008ab00000| Untracked 
| 172|0x000000008ac00000, 0x000000008ac00000, 0x000000008ad00000|  0%| F|  |TAMS 0x000000008ac00000, 0x000000008ac00000| Untracked 
| 173|0x000000008ad00000, 0x000000008ad00000, 0x000000008ae00000|  0%| F|  |TAMS 0x000000008ad00000, 0x000000008ad00000| Untracked 
| 174|0x000000008ae00000, 0x000000008ae00000, 0x000000008af00000|  0%| F|  |TAMS 0x000000008ae00000, 0x000000008ae00000| Untracked 
| 175|0x000000008af00000, 0x000000008af00000, 0x000000008b000000|  0%| F|  |TAMS 0x000000008af00000, 0x000000008af00000| Untracked 
| 176|0x000000008b000000, 0x000000008b000000, 0x000000008b100000|  0%| F|  |TAMS 0x000000008b000000, 0x000000008b000000| Untracked 
| 177|0x000000008b100000, 0x000000008b100000, 0x000000008b200000|  0%| F|  |TAMS 0x000000008b100000, 0x000000008b100000| Untracked 
| 178|0x000000008b200000, 0x000000008b200000, 0x000000008b300000|  0%| F|  |TAMS 0x000000008b200000, 0x000000008b200000| Untracked 
| 179|0x000000008b300000, 0x000000008b300000, 0x000000008b400000|  0%| F|  |TAMS 0x000000008b300000, 0x000000008b300000| Untracked 
| 180|0x000000008b400000, 0x000000008b500000, 0x000000008b500000|100%| O|  |TAMS 0x000000008b500000, 0x000000008b400000| Updating 
| 181|0x000000008b500000, 0x000000008b600000, 0x000000008b600000|100%| O|  |TAMS 0x000000008b600000, 0x000000008b500000| Updating 
| 182|0x000000008b600000, 0x000000008b600000, 0x000000008b700000|  0%| F|  |TAMS 0x000000008b600000, 0x000000008b600000| Untracked 
| 183|0x000000008b700000, 0x000000008b700000, 0x000000008b800000|  0%| F|  |TAMS 0x000000008b700000, 0x000000008b700000| Untracked 
| 184|0x000000008b800000, 0x000000008b800000, 0x000000008b900000|  0%| F|  |TAMS 0x000000008b800000, 0x000000008b800000| Untracked 
| 185|0x000000008b900000, 0x000000008b900000, 0x000000008ba00000|  0%| F|  |TAMS 0x000000008b900000, 0x000000008b900000| Untracked 
| 186|0x000000008ba00000, 0x000000008ba00000, 0x000000008bb00000|  0%| F|  |TAMS 0x000000008ba00000, 0x000000008ba00000| Untracked 
| 187|0x000000008bb00000, 0x000000008bb00000, 0x000000008bc00000|  0%| F|  |TAMS 0x000000008bb00000, 0x000000008bb00000| Untracked 
| 188|0x000000008bc00000, 0x000000008bc00000, 0x000000008bd00000|  0%| F|  |TAMS 0x000000008bc00000, 0x000000008bc00000| Untracked 
| 189|0x000000008bd00000, 0x000000008bd00000, 0x000000008be00000|  0%| F|  |TAMS 0x000000008bd00000, 0x000000008bd00000| Untracked 
| 190|0x000000008be00000, 0x000000008be00000, 0x000000008bf00000|  0%| F|  |TAMS 0x000000008be00000, 0x000000008be00000| Untracked 
| 191|0x000000008bf00000, 0x000000008bf00000, 0x000000008c000000|  0%| F|  |TAMS 0x000000008bf00000, 0x000000008bf00000| Untracked 
| 192|0x000000008c000000, 0x000000008c000000, 0x000000008c100000|  0%| F|  |TAMS 0x000000008c000000, 0x000000008c000000| Untracked 
| 193|0x000000008c100000, 0x000000008c100000, 0x000000008c200000|  0%| F|  |TAMS 0x000000008c100000, 0x000000008c100000| Untracked 
| 194|0x000000008c200000, 0x000000008c200000, 0x000000008c300000|  0%| F|  |TAMS 0x000000008c200000, 0x000000008c200000| Untracked 
| 195|0x000000008c300000, 0x000000008c300000, 0x000000008c400000|  0%| F|  |TAMS 0x000000008c300000, 0x000000008c300000| Untracked 
| 196|0x000000008c400000, 0x000000008c400000, 0x000000008c500000|  0%| F|  |TAMS 0x000000008c400000, 0x000000008c400000| Untracked 
| 197|0x000000008c500000, 0x000000008c500000, 0x000000008c600000|  0%| F|  |TAMS 0x000000008c500000, 0x000000008c500000| Untracked 
| 198|0x000000008c600000, 0x000000008c600000, 0x000000008c700000|  0%| F|  |TAMS 0x000000008c600000, 0x000000008c600000| Untracked 
| 199|0x000000008c700000, 0x000000008c700000, 0x000000008c800000|  0%| F|  |TAMS 0x000000008c700000, 0x000000008c700000| Untracked 
| 200|0x000000008c800000, 0x000000008c800000, 0x000000008c900000|  0%| F|  |TAMS 0x000000008c800000, 0x000000008c800000| Untracked 
| 201|0x000000008c900000, 0x000000008c900000, 0x000000008ca00000|  0%| F|  |TAMS 0x000000008c900000, 0x000000008c900000| Untracked 
| 202|0x000000008ca00000, 0x000000008ca00000, 0x000000008cb00000|  0%| F|  |TAMS 0x000000008ca00000, 0x000000008ca00000| Untracked 
| 203|0x000000008cb00000, 0x000000008cb00000, 0x000000008cc00000|  0%| F|  |TAMS 0x000000008cb00000, 0x000000008cb00000| Untracked 
| 204|0x000000008cc00000, 0x000000008cc00000, 0x000000008cd00000|  0%| F|  |TAMS 0x000000008cc00000, 0x000000008cc00000| Untracked 
| 205|0x000000008cd00000, 0x000000008cd00000, 0x000000008ce00000|  0%| F|  |TAMS 0x000000008cd00000, 0x000000008cd00000| Untracked 
| 206|0x000000008ce00000, 0x000000008ce00000, 0x000000008cf00000|  0%| F|  |TAMS 0x000000008ce00000, 0x000000008ce00000| Untracked 
| 207|0x000000008cf00000, 0x000000008cf00000, 0x000000008d000000|  0%| F|  |TAMS 0x000000008cf00000, 0x000000008cf00000| Untracked 
| 208|0x000000008d000000, 0x000000008d000000, 0x000000008d100000|  0%| F|  |TAMS 0x000000008d000000, 0x000000008d000000| Untracked 
| 209|0x000000008d100000, 0x000000008d100000, 0x000000008d200000|  0%| F|  |TAMS 0x000000008d100000, 0x000000008d100000| Untracked 
| 210|0x000000008d200000, 0x000000008d200000, 0x000000008d300000|  0%| F|  |TAMS 0x000000008d200000, 0x000000008d200000| Untracked 
| 211|0x000000008d300000, 0x000000008d300000, 0x000000008d400000|  0%| F|  |TAMS 0x000000008d300000, 0x000000008d300000| Untracked 
| 212|0x000000008d400000, 0x000000008d400000, 0x000000008d500000|  0%| F|  |TAMS 0x000000008d400000, 0x000000008d400000| Untracked 
| 213|0x000000008d500000, 0x000000008d500000, 0x000000008d600000|  0%| F|  |TAMS 0x000000008d500000, 0x000000008d500000| Untracked 
| 214|0x000000008d600000, 0x000000008d600000, 0x000000008d700000|  0%| F|  |TAMS 0x000000008d600000, 0x000000008d600000| Untracked 
| 215|0x000000008d700000, 0x000000008d700000, 0x000000008d800000|  0%| F|  |TAMS 0x000000008d700000, 0x000000008d700000| Untracked 
| 216|0x000000008d800000, 0x000000008d800000, 0x000000008d900000|  0%| F|  |TAMS 0x000000008d800000, 0x000000008d800000| Untracked 
| 217|0x000000008d900000, 0x000000008d900000, 0x000000008da00000|  0%| F|  |TAMS 0x000000008d900000, 0x000000008d900000| Untracked 
| 218|0x000000008da00000, 0x000000008da00000, 0x000000008db00000|  0%| F|  |TAMS 0x000000008da00000, 0x000000008da00000| Untracked 
| 219|0x000000008db00000, 0x000000008db00000, 0x000000008dc00000|  0%| F|  |TAMS 0x000000008db00000, 0x000000008db00000| Untracked 
| 220|0x000000008dc00000, 0x000000008dc00000, 0x000000008dd00000|  0%| F|  |TAMS 0x000000008dc00000, 0x000000008dc00000| Untracked 
| 221|0x000000008dd00000, 0x000000008dd00000, 0x000000008de00000|  0%| F|  |TAMS 0x000000008dd00000, 0x000000008dd00000| Untracked 
| 222|0x000000008de00000, 0x000000008de00000, 0x000000008df00000|  0%| F|  |TAMS 0x000000008de00000, 0x000000008de00000| Untracked 
| 223|0x000000008df00000, 0x000000008df00000, 0x000000008e000000|  0%| F|  |TAMS 0x000000008df00000, 0x000000008df00000| Untracked 
| 224|0x000000008e000000, 0x000000008e000000, 0x000000008e100000|  0%| F|  |TAMS 0x000000008e000000, 0x000000008e000000| Untracked 
| 225|0x000000008e100000, 0x000000008e100000, 0x000000008e200000|  0%| F|  |TAMS 0x000000008e100000, 0x000000008e100000| Untracked 
| 226|0x000000008e200000, 0x000000008e200000, 0x000000008e300000|  0%| F|  |TAMS 0x000000008e200000, 0x000000008e200000| Untracked 
| 227|0x000000008e300000, 0x000000008e300000, 0x000000008e400000|  0%| F|  |TAMS 0x000000008e300000, 0x000000008e300000| Untracked 
| 228|0x000000008e400000, 0x000000008e400000, 0x000000008e500000|  0%| F|  |TAMS 0x000000008e400000, 0x000000008e400000| Untracked 
| 229|0x000000008e500000, 0x000000008e500000, 0x000000008e600000|  0%| F|  |TAMS 0x000000008e500000, 0x000000008e500000| Untracked 
| 230|0x000000008e600000, 0x000000008e600000, 0x000000008e700000|  0%| F|  |TAMS 0x000000008e600000, 0x000000008e600000| Untracked 
| 231|0x000000008e700000, 0x000000008e700000, 0x000000008e800000|  0%| F|  |TAMS 0x000000008e700000, 0x000000008e700000| Untracked 
| 232|0x000000008e800000, 0x000000008e800000, 0x000000008e900000|  0%| F|  |TAMS 0x000000008e800000, 0x000000008e800000| Untracked 
| 233|0x000000008e900000, 0x000000008e900000, 0x000000008ea00000|  0%| F|  |TAMS 0x000000008e900000, 0x000000008e900000| Untracked 
| 234|0x000000008ea00000, 0x000000008ea00000, 0x000000008eb00000|  0%| F|  |TAMS 0x000000008ea00000, 0x000000008ea00000| Untracked 
| 235|0x000000008eb00000, 0x000000008eb00000, 0x000000008ec00000|  0%| F|  |TAMS 0x000000008eb00000, 0x000000008eb00000| Untracked 
| 236|0x000000008ec00000, 0x000000008ec00000, 0x000000008ed00000|  0%| F|  |TAMS 0x000000008ec00000, 0x000000008ec00000| Untracked 
| 237|0x000000008ed00000, 0x000000008ed00000, 0x000000008ee00000|  0%| F|  |TAMS 0x000000008ed00000, 0x000000008ed00000| Untracked 
| 238|0x000000008ee00000, 0x000000008ee00000, 0x000000008ef00000|  0%| F|  |TAMS 0x000000008ee00000, 0x000000008ee00000| Untracked 
| 239|0x000000008ef00000, 0x000000008ef00000, 0x000000008f000000|  0%| F|  |TAMS 0x000000008ef00000, 0x000000008ef00000| Untracked 
| 240|0x000000008f000000, 0x000000008f000000, 0x000000008f100000|  0%| F|  |TAMS 0x000000008f000000, 0x000000008f000000| Untracked 
| 241|0x000000008f100000, 0x000000008f100000, 0x000000008f200000|  0%| F|  |TAMS 0x000000008f100000, 0x000000008f100000| Untracked 
| 242|0x000000008f200000, 0x000000008f200000, 0x000000008f300000|  0%| F|  |TAMS 0x000000008f200000, 0x000000008f200000| Untracked 
| 243|0x000000008f300000, 0x000000008f300000, 0x000000008f400000|  0%| F|  |TAMS 0x000000008f300000, 0x000000008f300000| Untracked 
| 244|0x000000008f400000, 0x000000008f400000, 0x000000008f500000|  0%| F|  |TAMS 0x000000008f400000, 0x000000008f400000| Untracked 
| 245|0x000000008f500000, 0x000000008f500000, 0x000000008f600000|  0%| F|  |TAMS 0x000000008f500000, 0x000000008f500000| Untracked 
| 246|0x000000008f600000, 0x000000008f600000, 0x000000008f700000|  0%| F|  |TAMS 0x000000008f600000, 0x000000008f600000| Untracked 
| 247|0x000000008f700000, 0x000000008f700000, 0x000000008f800000|  0%| F|  |TAMS 0x000000008f700000, 0x000000008f700000| Untracked 
| 248|0x000000008f800000, 0x000000008f800000, 0x000000008f900000|  0%| F|  |TAMS 0x000000008f800000, 0x000000008f800000| Untracked 
| 249|0x000000008f900000, 0x000000008f900000, 0x000000008fa00000|  0%| F|  |TAMS 0x000000008f900000, 0x000000008f900000| Untracked 
| 250|0x000000008fa00000, 0x000000008fa00000, 0x000000008fb00000|  0%| F|  |TAMS 0x000000008fa00000, 0x000000008fa00000| Untracked 
| 251|0x000000008fb00000, 0x000000008fb00000, 0x000000008fc00000|  0%| F|  |TAMS 0x000000008fb00000, 0x000000008fb00000| Untracked 
| 252|0x000000008fc00000, 0x000000008fc00000, 0x000000008fd00000|  0%| F|  |TAMS 0x000000008fc00000, 0x000000008fc00000| Untracked 
| 253|0x000000008fd00000, 0x000000008fd00000, 0x000000008fe00000|  0%| F|  |TAMS 0x000000008fd00000, 0x000000008fd00000| Untracked 
| 254|0x000000008fe00000, 0x000000008fe00000, 0x000000008ff00000|  0%| F|  |TAMS 0x000000008fe00000, 0x000000008fe00000| Untracked 
| 255|0x000000008ff00000, 0x000000008ff00000, 0x0000000090000000|  0%| F|  |TAMS 0x000000008ff00000, 0x000000008ff00000| Untracked 
| 256|0x0000000090000000, 0x0000000090000000, 0x0000000090100000|  0%| F|  |TAMS 0x0000000090000000, 0x0000000090000000| Untracked 
| 257|0x0000000090100000, 0x0000000090100000, 0x0000000090200000|  0%| F|  |TAMS 0x0000000090100000, 0x0000000090100000| Untracked 
| 258|0x0000000090200000, 0x0000000090200000, 0x0000000090300000|  0%| F|  |TAMS 0x0000000090200000, 0x0000000090200000| Untracked 
| 259|0x0000000090300000, 0x0000000090300000, 0x0000000090400000|  0%| F|  |TAMS 0x0000000090300000, 0x0000000090300000| Untracked 
| 260|0x0000000090400000, 0x0000000090400000, 0x0000000090500000|  0%| F|  |TAMS 0x0000000090400000, 0x0000000090400000| Untracked 
| 261|0x0000000090500000, 0x0000000090500000, 0x0000000090600000|  0%| F|  |TAMS 0x0000000090500000, 0x0000000090500000| Untracked 
| 262|0x0000000090600000, 0x0000000090600000, 0x0000000090700000|  0%| F|  |TAMS 0x0000000090600000, 0x0000000090600000| Untracked 
| 263|0x0000000090700000, 0x0000000090700000, 0x0000000090800000|  0%| F|  |TAMS 0x0000000090700000, 0x0000000090700000| Untracked 
| 264|0x0000000090800000, 0x0000000090800000, 0x0000000090900000|  0%| F|  |TAMS 0x0000000090800000, 0x0000000090800000| Untracked 
| 265|0x0000000090900000, 0x0000000090900000, 0x0000000090a00000|  0%| F|  |TAMS 0x0000000090900000, 0x0000000090900000| Untracked 
| 266|0x0000000090a00000, 0x0000000090a00000, 0x0000000090b00000|  0%| F|  |TAMS 0x0000000090a00000, 0x0000000090a00000| Untracked 
| 267|0x0000000090b00000, 0x0000000090b00000, 0x0000000090c00000|  0%| F|  |TAMS 0x0000000090b00000, 0x0000000090b00000| Untracked 
| 268|0x0000000090c00000, 0x0000000090c00000, 0x0000000090d00000|  0%| F|  |TAMS 0x0000000090c00000, 0x0000000090c00000| Untracked 
| 269|0x0000000090d00000, 0x0000000090d00000, 0x0000000090e00000|  0%| F|  |TAMS 0x0000000090d00000, 0x0000000090d00000| Untracked 
| 270|0x0000000090e00000, 0x0000000090e00000, 0x0000000090f00000|  0%| F|  |TAMS 0x0000000090e00000, 0x0000000090e00000| Untracked 
| 271|0x0000000090f00000, 0x0000000090f00000, 0x0000000091000000|  0%| F|  |TAMS 0x0000000090f00000, 0x0000000090f00000| Untracked 
| 272|0x0000000091000000, 0x0000000091000000, 0x0000000091100000|  0%| F|  |TAMS 0x0000000091000000, 0x0000000091000000| Untracked 
| 273|0x0000000091100000, 0x0000000091100000, 0x0000000091200000|  0%| F|  |TAMS 0x0000000091100000, 0x0000000091100000| Untracked 
| 274|0x0000000091200000, 0x0000000091200000, 0x0000000091300000|  0%| F|  |TAMS 0x0000000091200000, 0x0000000091200000| Untracked 
| 275|0x0000000091300000, 0x0000000091300000, 0x0000000091400000|  0%| F|  |TAMS 0x0000000091300000, 0x0000000091300000| Untracked 
| 276|0x0000000091400000, 0x0000000091400000, 0x0000000091500000|  0%| F|  |TAMS 0x0000000091400000, 0x0000000091400000| Untracked 
| 277|0x0000000091500000, 0x0000000091500000, 0x0000000091600000|  0%| F|  |TAMS 0x0000000091500000, 0x0000000091500000| Untracked 
| 278|0x0000000091600000, 0x0000000091600000, 0x0000000091700000|  0%| F|  |TAMS 0x0000000091600000, 0x0000000091600000| Untracked 
| 279|0x0000000091700000, 0x0000000091700000, 0x0000000091800000|  0%| F|  |TAMS 0x0000000091700000, 0x0000000091700000| Untracked 
| 280|0x0000000091800000, 0x0000000091800000, 0x0000000091900000|  0%| F|  |TAMS 0x0000000091800000, 0x0000000091800000| Untracked 
| 281|0x0000000091900000, 0x0000000091900000, 0x0000000091a00000|  0%| F|  |TAMS 0x0000000091900000, 0x0000000091900000| Untracked 
| 282|0x0000000091a00000, 0x0000000091a00000, 0x0000000091b00000|  0%| F|  |TAMS 0x0000000091a00000, 0x0000000091a00000| Untracked 
| 283|0x0000000091b00000, 0x0000000091b00000, 0x0000000091c00000|  0%| F|  |TAMS 0x0000000091b00000, 0x0000000091b00000| Untracked 
| 284|0x0000000091c00000, 0x0000000091c00000, 0x0000000091d00000|  0%| F|  |TAMS 0x0000000091c00000, 0x0000000091c00000| Untracked 
| 285|0x0000000091d00000, 0x0000000091d00000, 0x0000000091e00000|  0%| F|  |TAMS 0x0000000091d00000, 0x0000000091d00000| Untracked 
| 286|0x0000000091e00000, 0x0000000091e00000, 0x0000000091f00000|  0%| F|  |TAMS 0x0000000091e00000, 0x0000000091e00000| Untracked 
| 287|0x0000000091f00000, 0x0000000091f00000, 0x0000000092000000|  0%| F|  |TAMS 0x0000000091f00000, 0x0000000091f00000| Untracked 
| 288|0x0000000092000000, 0x0000000092000000, 0x0000000092100000|  0%| F|  |TAMS 0x0000000092000000, 0x0000000092000000| Untracked 
| 289|0x0000000092100000, 0x0000000092100000, 0x0000000092200000|  0%| F|  |TAMS 0x0000000092100000, 0x0000000092100000| Untracked 
| 290|0x0000000092200000, 0x0000000092200000, 0x0000000092300000|  0%| F|  |TAMS 0x0000000092200000, 0x0000000092200000| Untracked 
| 291|0x0000000092300000, 0x0000000092300000, 0x0000000092400000|  0%| F|  |TAMS 0x0000000092300000, 0x0000000092300000| Untracked 
| 292|0x0000000092400000, 0x0000000092400000, 0x0000000092500000|  0%| F|  |TAMS 0x0000000092400000, 0x0000000092400000| Untracked 
| 293|0x0000000092500000, 0x0000000092500000, 0x0000000092600000|  0%| F|  |TAMS 0x0000000092500000, 0x0000000092500000| Untracked 
| 294|0x0000000092600000, 0x0000000092600000, 0x0000000092700000|  0%| F|  |TAMS 0x0000000092600000, 0x0000000092600000| Untracked 
| 295|0x0000000092700000, 0x0000000092700000, 0x0000000092800000|  0%| F|  |TAMS 0x0000000092700000, 0x0000000092700000| Untracked 
| 296|0x0000000092800000, 0x0000000092800000, 0x0000000092900000|  0%| F|  |TAMS 0x0000000092800000, 0x0000000092800000| Untracked 
| 297|0x0000000092900000, 0x0000000092900000, 0x0000000092a00000|  0%| F|  |TAMS 0x0000000092900000, 0x0000000092900000| Untracked 
| 298|0x0000000092a00000, 0x0000000092a00000, 0x0000000092b00000|  0%| F|  |TAMS 0x0000000092a00000, 0x0000000092a00000| Untracked 
| 299|0x0000000092b00000, 0x0000000092b00000, 0x0000000092c00000|  0%| F|  |TAMS 0x0000000092b00000, 0x0000000092b00000| Untracked 
| 300|0x0000000092c00000, 0x0000000092c00000, 0x0000000092d00000|  0%| F|  |TAMS 0x0000000092c00000, 0x0000000092c00000| Untracked 
| 301|0x0000000092d00000, 0x0000000092d00000, 0x0000000092e00000|  0%| F|  |TAMS 0x0000000092d00000, 0x0000000092d00000| Untracked 
| 302|0x0000000092e00000, 0x0000000092e00000, 0x0000000092f00000|  0%| F|  |TAMS 0x0000000092e00000, 0x0000000092e00000| Untracked 
| 303|0x0000000092f00000, 0x0000000092f00000, 0x0000000093000000|  0%| F|  |TAMS 0x0000000092f00000, 0x0000000092f00000| Untracked 
| 304|0x0000000093000000, 0x0000000093000000, 0x0000000093100000|  0%| F|  |TAMS 0x0000000093000000, 0x0000000093000000| Untracked 
| 305|0x0000000093100000, 0x0000000093100000, 0x0000000093200000|  0%| F|  |TAMS 0x0000000093100000, 0x0000000093100000| Untracked 
| 306|0x0000000093200000, 0x0000000093200000, 0x0000000093300000|  0%| F|  |TAMS 0x0000000093200000, 0x0000000093200000| Untracked 
| 307|0x0000000093300000, 0x0000000093300000, 0x0000000093400000|  0%| F|  |TAMS 0x0000000093300000, 0x0000000093300000| Untracked 
| 308|0x0000000093400000, 0x0000000093400000, 0x0000000093500000|  0%| F|  |TAMS 0x0000000093400000, 0x0000000093400000| Untracked 
| 309|0x0000000093500000, 0x0000000093500000, 0x0000000093600000|  0%| F|  |TAMS 0x0000000093500000, 0x0000000093500000| Untracked 
| 310|0x0000000093600000, 0x0000000093600000, 0x0000000093700000|  0%| F|  |TAMS 0x0000000093600000, 0x0000000093600000| Untracked 
| 311|0x0000000093700000, 0x0000000093700000, 0x0000000093800000|  0%| F|  |TAMS 0x0000000093700000, 0x0000000093700000| Untracked 
| 312|0x0000000093800000, 0x0000000093800000, 0x0000000093900000|  0%| F|  |TAMS 0x0000000093800000, 0x0000000093800000| Untracked 
| 313|0x0000000093900000, 0x0000000093900000, 0x0000000093a00000|  0%| F|  |TAMS 0x0000000093900000, 0x0000000093900000| Untracked 
| 314|0x0000000093a00000, 0x0000000093a00000, 0x0000000093b00000|  0%| F|  |TAMS 0x0000000093a00000, 0x0000000093a00000| Untracked 
| 315|0x0000000093b00000, 0x0000000093b00000, 0x0000000093c00000|  0%| F|  |TAMS 0x0000000093b00000, 0x0000000093b00000| Untracked 
| 316|0x0000000093c00000, 0x0000000093c00000, 0x0000000093d00000|  0%| F|  |TAMS 0x0000000093c00000, 0x0000000093c00000| Untracked 
| 317|0x0000000093d00000, 0x0000000093de4880, 0x0000000093e00000| 89%| S|CS|TAMS 0x0000000093d00000, 0x0000000093d00000| Complete 
| 318|0x0000000093e00000, 0x0000000093f00000, 0x0000000093f00000|100%| S|CS|TAMS 0x0000000093e00000, 0x0000000093e00000| Complete 
| 319|0x0000000093f00000, 0x0000000094000000, 0x0000000094000000|100%| S|CS|TAMS 0x0000000093f00000, 0x0000000093f00000| Complete 
| 320|0x0000000094000000, 0x0000000094100000, 0x0000000094100000|100%| S|CS|TAMS 0x0000000094000000, 0x0000000094000000| Complete 
| 321|0x0000000094100000, 0x0000000094200000, 0x0000000094200000|100%| S|CS|TAMS 0x0000000094100000, 0x0000000094100000| Complete 
| 322|0x0000000094200000, 0x0000000094300000, 0x0000000094300000|100%| S|CS|TAMS 0x0000000094200000, 0x0000000094200000| Complete 
| 323|0x0000000094300000, 0x0000000094400000, 0x0000000094400000|100%| S|CS|TAMS 0x0000000094300000, 0x0000000094300000| Complete 
| 324|0x0000000094400000, 0x0000000094500000, 0x0000000094500000|100%| S|CS|TAMS 0x0000000094400000, 0x0000000094400000| Complete 
| 325|0x0000000094500000, 0x0000000094600000, 0x0000000094600000|100%| S|CS|TAMS 0x0000000094500000, 0x0000000094500000| Complete 
| 326|0x0000000094600000, 0x0000000094700000, 0x0000000094700000|100%| S|CS|TAMS 0x0000000094600000, 0x0000000094600000| Complete 
| 327|0x0000000094700000, 0x0000000094800000, 0x0000000094800000|100%| S|CS|TAMS 0x0000000094700000, 0x0000000094700000| Complete 
| 328|0x0000000094800000, 0x0000000094800000, 0x0000000094900000|  0%| F|  |TAMS 0x0000000094800000, 0x0000000094800000| Untracked 
| 329|0x0000000094900000, 0x0000000094900000, 0x0000000094a00000|  0%| F|  |TAMS 0x0000000094900000, 0x0000000094900000| Untracked 
| 330|0x0000000094a00000, 0x0000000094a00000, 0x0000000094b00000|  0%| F|  |TAMS 0x0000000094a00000, 0x0000000094a00000| Untracked 
| 331|0x0000000094b00000, 0x0000000094b00000, 0x0000000094c00000|  0%| F|  |TAMS 0x0000000094b00000, 0x0000000094b00000| Untracked 
| 332|0x0000000094c00000, 0x0000000094c00000, 0x0000000094d00000|  0%| F|  |TAMS 0x0000000094c00000, 0x0000000094c00000| Untracked 
| 333|0x0000000094d00000, 0x0000000094d00000, 0x0000000094e00000|  0%| F|  |TAMS 0x0000000094d00000, 0x0000000094d00000| Untracked 
| 334|0x0000000094e00000, 0x0000000094e00000, 0x0000000094f00000|  0%| F|  |TAMS 0x0000000094e00000, 0x0000000094e00000| Untracked 
| 335|0x0000000094f00000, 0x0000000094f00000, 0x0000000095000000|  0%| F|  |TAMS 0x0000000094f00000, 0x0000000094f00000| Untracked 
| 336|0x0000000095000000, 0x0000000095000000, 0x0000000095100000|  0%| F|  |TAMS 0x0000000095000000, 0x0000000095000000| Untracked 
| 337|0x0000000095100000, 0x0000000095100000, 0x0000000095200000|  0%| F|  |TAMS 0x0000000095100000, 0x0000000095100000| Untracked 
| 338|0x0000000095200000, 0x0000000095200000, 0x0000000095300000|  0%| F|  |TAMS 0x0000000095200000, 0x0000000095200000| Untracked 
| 339|0x0000000095300000, 0x0000000095300000, 0x0000000095400000|  0%| F|  |TAMS 0x0000000095300000, 0x0000000095300000| Untracked 
| 340|0x0000000095400000, 0x0000000095400000, 0x0000000095500000|  0%| F|  |TAMS 0x0000000095400000, 0x0000000095400000| Untracked 
| 341|0x0000000095500000, 0x0000000095500000, 0x0000000095600000|  0%| F|  |TAMS 0x0000000095500000, 0x0000000095500000| Untracked 
| 342|0x0000000095600000, 0x0000000095600000, 0x0000000095700000|  0%| F|  |TAMS 0x0000000095600000, 0x0000000095600000| Untracked 
| 343|0x0000000095700000, 0x0000000095700000, 0x0000000095800000|  0%| F|  |TAMS 0x0000000095700000, 0x0000000095700000| Untracked 
| 344|0x0000000095800000, 0x0000000095800000, 0x0000000095900000|  0%| F|  |TAMS 0x0000000095800000, 0x0000000095800000| Untracked 
| 345|0x0000000095900000, 0x0000000095900000, 0x0000000095a00000|  0%| F|  |TAMS 0x0000000095900000, 0x0000000095900000| Untracked 
| 346|0x0000000095a00000, 0x0000000095a00000, 0x0000000095b00000|  0%| F|  |TAMS 0x0000000095a00000, 0x0000000095a00000| Untracked 
| 347|0x0000000095b00000, 0x0000000095b00000, 0x0000000095c00000|  0%| F|  |TAMS 0x0000000095b00000, 0x0000000095b00000| Untracked 
| 348|0x0000000095c00000, 0x0000000095c00000, 0x0000000095d00000|  0%| F|  |TAMS 0x0000000095c00000, 0x0000000095c00000| Untracked 
| 349|0x0000000095d00000, 0x0000000095d11968, 0x0000000095e00000|  6%| E|  |TAMS 0x0000000095d00000, 0x0000000095d00000| Complete 
| 350|0x0000000095e00000, 0x0000000095f00000, 0x0000000095f00000|100%| E|CS|TAMS 0x0000000095e00000, 0x0000000095e00000| Complete 

Card table byte_map: [0x00000195eb510000,0x00000195eb910000] _byte_map_base: 0x00000195eb110000

Marking Bits (Prev, Next): (CMBitMap*) 0x00000195d8a6c610, (CMBitMap*) 0x00000195d8a6c5d8
 Prev Bits: [0x00000195edd10000, 0x00000195efd10000)
 Next Bits: [0x00000195ebd10000, 0x00000195edd10000)

Polling page: 0x00000195d6890000

Metaspace:

Usage:
  Non-class:    129.02 MB capacity,   126.40 MB ( 98%) used,     2.15 MB (  2%) free+waste,   490.06 KB ( <1%) overhead. 
      Class:     19.01 MB capacity,    17.51 MB ( 92%) used,     1.29 MB (  7%) free+waste,   212.69 KB (  1%) overhead. 
       Both:    148.04 MB capacity,   143.91 MB ( 97%) used,     3.44 MB (  2%) free+waste,   702.75 KB ( <1%) overhead. 

Virtual space:
  Non-class space:      130.00 MB reserved,     129.20 MB (>99%) committed 
      Class space:        1.00 GB reserved,      19.13 MB (  2%) committed 
             Both:        1.13 GB reserved,     148.32 MB ( 13%) committed 

Chunk freelists:
   Non-Class:  54.00 KB
       Class:  0 bytes
        Both:  54.00 KB

MaxMetaspaceSize: 17179869184.00 GB
CompressedClassSpaceSize: 1.00 GB

CodeHeap 'non-profiled nmethods': size=120064Kb used=20043Kb max_used=20043Kb free=100020Kb
 bounds [0x00000195e3fd0000, 0x00000195e5370000, 0x00000195eb510000]
CodeHeap 'profiled nmethods': size=120000Kb used=55645Kb max_used=55645Kb free=64354Kb
 bounds [0x00000195dcaa0000, 0x00000195e0140000, 0x00000195e3fd0000]
CodeHeap 'non-nmethods': size=5696Kb used=2376Kb max_used=2444Kb free=3319Kb
 bounds [0x00000195dc510000, 0x00000195dc790000, 0x00000195dcaa0000]
 total_blobs=25189 nmethods=24171 adapters=929
 compilation: enabled
              stopped_count=0, restarted_count=0
 full_count=0

Compilation events (20 events):
Event: 3362.838 Thread 0x00000195f211a800 28085       2       org.antlr.v4.runtime.misc.IntegerList::get (27 bytes)
Event: 3362.838 Thread 0x00000195f211a800 nmethod 28085 0x00000195e012ce10 code [0x00000195e012cfe0, 0x00000195e012d1c8]
Event: 3362.838 Thread 0x00000195f211a800 28086       2       android.databinding.parser.XMLParser$ChardataContext::accept (26 bytes)
Event: 3362.839 Thread 0x00000195f211a800 nmethod 28086 0x00000195e012d310 code [0x00000195e012d4e0, 0x00000195e012d758]
Event: 3362.839 Thread 0x00000195f211a800 28087       2       android.databinding.parser.XMLParser$ElementContext::content (11 bytes)
Event: 3362.839 Thread 0x00000195f211a800 nmethod 28087 0x00000195e012d890 code [0x00000195e012da40, 0x00000195e012dbc8]
Event: 3362.858 Thread 0x00000195f211a800 28088       2       com.sun.xml.bind.v2.util.CollisionCheckStack::push (86 bytes)
Event: 3362.859 Thread 0x00000195f211a800 nmethod 28088 0x00000195e012dd10 code [0x00000195e012df00, 0x00000195e012e258]
Event: 3362.859 Thread 0x00000195f211a800 28089   !   2       com.sun.xml.bind.v2.runtime.ClassBeanInfoImpl::serializeURIs (151 bytes)
Event: 3362.860 Thread 0x00000195f211a800 nmethod 28089 0x00000195e012e510 code [0x00000195e012e780, 0x00000195e012ee08]
Event: 3362.868 Thread 0x00000195f211a800 28090       2       com.sun.xml.bind.v2.runtime.property.SingleElementNodeProperty::serializeBody (289 bytes)
Event: 3362.870 Thread 0x00000195f211a800 nmethod 28090 0x00000195e012f490 code [0x00000195e012f7c0, 0x00000195e0130368]
Event: 3362.870 Thread 0x00000195f211a800 28091       2       com.sun.xml.bind.v2.runtime.XMLSerializer::pushObject (99 bytes)
Event: 3362.871 Thread 0x00000195f211a800 nmethod 28091 0x00000195e0130b10 code [0x00000195e0130da0, 0x00000195e0131538]
Event: 3362.884 Thread 0x00000195f211a800 28095       1       com.android.ide.common.rendering.api.ResourceNamespace::getXmlNamespaceUri (5 bytes)
Event: 3362.884 Thread 0x00000195f211a800 nmethod 28095 0x00000195e535e490 code [0x00000195e535e640, 0x00000195e535e6f8]
Event: 3363.025 Thread 0x00000195f211a800 28102       2       com.android.utils.XmlUtils::appendXmlAttributeValue (11 bytes)
Event: 3363.026 Thread 0x00000195f211a800 nmethod 28102 0x00000195e0131990 code [0x00000195e0131b40, 0x00000195e0131c68]
Event: 3363.030 Thread 0x00000195f2118800 nmethod 28023 0x00000195e535e790 code [0x00000195e535eaa0, 0x00000195e5362e88]
Event: 3363.030 Thread 0x00000195f2118800 28093       4       com.android.ide.common.resources.NodeUtils::duplicateNode (315 bytes)

GC Heap History (20 events):
Event: 3121.547 GC heap before
{Heap before GC invocations=263 (full 0):
 garbage-first heap   total 359424K, used 247676K [0x0000000080000000, 0x0000000100000000)
  region size 1024K, 64 young (65536K), 8 survivors (8192K)
 Metaspace       used 137702K, capacity 141617K, committed 141900K, reserved 1173504K
  class space    used 17040K, capacity 18463K, committed 18560K, reserved 1048576K
}
Event: 3121.603 GC heap after
{Heap after GC invocations=264 (full 0):
 garbage-first heap   total 359424K, used 194253K [0x0000000080000000, 0x0000000100000000)
  region size 1024K, 8 young (8192K), 8 survivors (8192K)
 Metaspace       used 137702K, capacity 141617K, committed 141900K, reserved 1173504K
  class space    used 17040K, capacity 18463K, committed 18560K, reserved 1048576K
}
Event: 3122.284 GC heap before
{Heap before GC invocations=264 (full 0):
 garbage-first heap   total 359424K, used 203469K [0x0000000080000000, 0x0000000100000000)
  region size 1024K, 17 young (17408K), 8 survivors (8192K)
 Metaspace       used 137707K, capacity 141617K, committed 141900K, reserved 1173504K
  class space    used 17040K, capacity 18463K, committed 18560K, reserved 1048576K
}
Event: 3122.330 GC heap after
{Heap after GC invocations=265 (full 0):
 garbage-first heap   total 359424K, used 159744K [0x0000000080000000, 0x0000000100000000)
  region size 1024K, 2 young (2048K), 2 survivors (2048K)
 Metaspace       used 137707K, capacity 141617K, committed 141900K, reserved 1173504K
  class space    used 17040K, capacity 18463K, committed 18560K, reserved 1048576K
}
Event: 3124.750 GC heap before
{Heap before GC invocations=265 (full 0):
 garbage-first heap   total 359424K, used 175104K [0x0000000080000000, 0x0000000100000000)
  region size 1024K, 17 young (17408K), 2 survivors (2048K)
 Metaspace       used 138938K, capacity 142941K, committed 143052K, reserved 1173504K
  class space    used 17218K, capacity 18652K, committed 18688K, reserved 1048576K
}
Event: 3124.778 GC heap after
{Heap after GC invocations=266 (full 0):
 garbage-first heap   total 359424K, used 150016K [0x0000000080000000, 0x0000000100000000)
  region size 1024K, 3 young (3072K), 3 survivors (3072K)
 Metaspace       used 138938K, capacity 142941K, committed 143052K, reserved 1173504K
  class space    used 17218K, capacity 18652K, committed 18688K, reserved 1048576K
}
Event: 3128.287 GC heap before
{Heap before GC invocations=266 (full 0):
 garbage-first heap   total 359424K, used 228864K [0x0000000080000000, 0x0000000100000000)
  region size 1024K, 81 young (82944K), 3 survivors (3072K)
 Metaspace       used 140090K, capacity 144150K, committed 144332K, reserved 1175552K
  class space    used 17331K, capacity 18818K, committed 18944K, reserved 1048576K
}
Event: 3128.317 GC heap after
{Heap after GC invocations=267 (full 0):
 garbage-first heap   total 359424K, used 155136K [0x0000000080000000, 0x0000000100000000)
  region size 1024K, 8 young (8192K), 8 survivors (8192K)
 Metaspace       used 140090K, capacity 144150K, committed 144332K, reserved 1175552K
  class space    used 17331K, capacity 18818K, committed 18944K, reserved 1048576K
}
Event: 3133.589 GC heap before
{Heap before GC invocations=268 (full 0):
 garbage-first heap   total 359424K, used 257536K [0x0000000080000000, 0x0000000100000000)
  region size 1024K, 93 young (95232K), 8 survivors (8192K)
 Metaspace       used 143940K, capacity 147984K, committed 148172K, reserved 1177600K
  class space    used 17623K, capacity 19119K, committed 19200K, reserved 1048576K
}
Event: 3133.628 GC heap after
{Heap after GC invocations=269 (full 0):
 garbage-first heap   total 359424K, used 154469K [0x0000000080000000, 0x0000000100000000)
  region size 1024K, 5 young (5120K), 5 survivors (5120K)
 Metaspace       used 143940K, capacity 147984K, committed 148172K, reserved 1177600K
  class space    used 17623K, capacity 19119K, committed 19200K, reserved 1048576K
}
Event: 3133.946 GC heap before
{Heap before GC invocations=269 (full 0):
 garbage-first heap   total 359424K, used 166757K [0x0000000080000000, 0x0000000100000000)
  region size 1024K, 17 young (17408K), 5 survivors (5120K)
 Metaspace       used 143959K, capacity 147984K, committed 148172K, reserved 1177600K
  class space    used 17623K, capacity 19119K, committed 19200K, reserved 1048576K
}
Event: 3133.962 GC heap after
{Heap after GC invocations=270 (full 0):
 garbage-first heap   total 359424K, used 152370K [0x0000000080000000, 0x0000000100000000)
  region size 1024K, 1 young (1024K), 1 survivors (1024K)
 Metaspace       used 143959K, capacity 147984K, committed 148172K, reserved 1177600K
  class space    used 17623K, capacity 19119K, committed 19200K, reserved 1048576K
}
Event: 3307.195 GC heap before
{Heap before GC invocations=270 (full 0):
 garbage-first heap   total 359424K, used 269106K [0x0000000080000000, 0x0000000100000000)
  region size 1024K, 116 young (118784K), 1 survivors (1024K)
 Metaspace       used 146595K, capacity 150788K, committed 150988K, reserved 1181696K
  class space    used 17879K, capacity 19411K, committed 19456K, reserved 1048576K
}
Event: 3307.221 GC heap after
{Heap after GC invocations=271 (full 0):
 garbage-first heap   total 359424K, used 155539K [0x0000000080000000, 0x0000000100000000)
  region size 1024K, 4 young (4096K), 4 survivors (4096K)
 Metaspace       used 146595K, capacity 150788K, committed 150988K, reserved 1181696K
  class space    used 17879K, capacity 19411K, committed 19456K, reserved 1048576K
}
Event: 3362.075 GC heap before
{Heap before GC invocations=272 (full 0):
 garbage-first heap   total 359424K, used 285587K [0x0000000080000000, 0x0000000100000000)
  region size 1024K, 126 young (129024K), 4 survivors (4096K)
 Metaspace       used 147307K, capacity 151525K, committed 151884K, reserved 1181696K
  class space    used 17934K, capacity 19471K, committed 19584K, reserved 1048576K
}
Event: 3362.124 GC heap after
{Heap after GC invocations=273 (full 0):
 garbage-first heap   total 359424K, used 151403K [0x0000000080000000, 0x0000000100000000)
  region size 1024K, 13 young (13312K), 13 survivors (13312K)
 Metaspace       used 147307K, capacity 151525K, committed 151884K, reserved 1181696K
  class space    used 17934K, capacity 19471K, committed 19584K, reserved 1048576K
}
Event: 3362.215 GC heap before
{Heap before GC invocations=273 (full 0):
 garbage-first heap   total 359424K, used 155499K [0x0000000080000000, 0x0000000100000000)
  region size 1024K, 17 young (17408K), 13 survivors (13312K)
 Metaspace       used 147307K, capacity 151525K, committed 151884K, reserved 1181696K
  class space    used 17934K, capacity 19471K, committed 19584K, reserved 1048576K
}
Event: 3362.273 GC heap after
{Heap after GC invocations=274 (full 0):
 garbage-first heap   total 359424K, used 143298K [0x0000000080000000, 0x0000000100000000)
  region size 1024K, 3 young (3072K), 3 survivors (3072K)
 Metaspace       used 147307K, capacity 151525K, committed 151884K, reserved 1181696K
  class space    used 17934K, capacity 19471K, committed 19584K, reserved 1048576K
}
Event: 3363.042 GC heap before
{Heap before GC invocations=274 (full 0):
 garbage-first heap   total 359424K, used 161730K [0x0000000080000000, 0x0000000100000000)
  region size 1024K, 23 young (23552K), 3 survivors (3072K)
 Metaspace       used 147364K, capacity 151589K, committed 151884K, reserved 1181696K
  class space    used 17934K, capacity 19471K, committed 19584K, reserved 1048576K
}
Event: 3363.083 GC heap after
{Heap after GC invocations=275 (full 0):
 garbage-first heap   total 359424K, used 151380K [0x0000000080000000, 0x0000000100000000)
  region size 1024K, 11 young (11264K), 11 survivors (11264K)
 Metaspace       used 147364K, capacity 151589K, committed 151884K, reserved 1181696K
  class space    used 17934K, capacity 19471K, committed 19584K, reserved 1048576K
}

Deoptimization events (20 events):
Event: 3360.623 Thread 0x00000195f75e4800 DEOPT PACKING pc=0x00000195dde3bbbb sp=0x0000003b6d0f8900
Event: 3360.623 Thread 0x00000195f75e4800 DEOPT UNPACKING pc=0x00000195dc536abf sp=0x0000003b6d0f7e40 mode 0
Event: 3362.139 Thread 0x00000195f2bb9000 Uncommon trap: trap_request=0xffffffde fr.pc=0x00000195e41086ec relative=0x000000000000052c
Event: 3362.139 Thread 0x00000195f2bb9000 Uncommon trap: reason=class_check action=maybe_recompile pc=0x00000195e41086ec method=jdk.internal.ref.PhantomCleanable.clean()V @ 12 c2
Event: 3362.139 Thread 0x00000195f2bb9000 DEOPT PACKING pc=0x00000195e41086ec sp=0x0000003b6c8ff190
Event: 3362.139 Thread 0x00000195f2bb9000 DEOPT UNPACKING pc=0x00000195dc536ca9 sp=0x0000003b6c8ff170 mode 2
Event: 3362.303 Thread 0x00000195f75e4800 DEOPT PACKING pc=0x00000195dfff12cf sp=0x0000003b6d0f71e0
Event: 3362.303 Thread 0x00000195f75e4800 DEOPT UNPACKING pc=0x00000195dc536abf sp=0x0000003b6d0f68a0 mode 0
Event: 3362.372 Thread 0x00000195f75e4800 Uncommon trap: trap_request=0xffffffc6 fr.pc=0x00000195e5155d2c relative=0x000000000000034c
Event: 3362.372 Thread 0x00000195f75e4800 Uncommon trap: reason=bimorphic_or_optimized_type_check action=maybe_recompile pc=0x00000195e5155d2c method=org.apache.xerces.dom.ElementImpl.getAttributes()Lorg/w3c/dom/NamedNodeMap; @ 8 c2
Event: 3362.372 Thread 0x00000195f75e4800 DEOPT PACKING pc=0x00000195e5155d2c sp=0x0000003b6d0f7170
Event: 3362.372 Thread 0x00000195f75e4800 DEOPT UNPACKING pc=0x00000195dc536ca9 sp=0x0000003b6d0f7148 mode 2
Event: 3362.588 Thread 0x00000195f75e4800 DEOPT PACKING pc=0x00000195dcad0391 sp=0x0000003b6d0f75f0
Event: 3362.588 Thread 0x00000195f75e4800 DEOPT UNPACKING pc=0x00000195dc536abf sp=0x0000003b6d0f6ac8 mode 0
Event: 3362.588 Thread 0x00000195f75e4800 DEOPT PACKING pc=0x00000195dcad0391 sp=0x0000003b6d0f75f0
Event: 3362.588 Thread 0x00000195f75e4800 DEOPT UNPACKING pc=0x00000195dc536abf sp=0x0000003b6d0f6ac8 mode 0
Event: 3362.875 Thread 0x00000195f75e4800 Uncommon trap: trap_request=0xfffffff4 fr.pc=0x00000195e52e1edc relative=0x000000000000647c
Event: 3362.875 Thread 0x00000195f75e4800 Uncommon trap: reason=null_check action=make_not_entrant pc=0x00000195e52e1edc method=org.apache.xerces.dom.DeferredElementNSImpl.synchronizeData()V @ 95 c2
Event: 3362.876 Thread 0x00000195f75e4800 DEOPT PACKING pc=0x00000195e52e1edc sp=0x0000003b6d0f7310
Event: 3362.876 Thread 0x00000195f75e4800 DEOPT UNPACKING pc=0x00000195dc536ca9 sp=0x0000003b6d0f7220 mode 2

Classes redefined (0 events):
No events

Internal exceptions (20 events):
Event: 3309.643 Thread 0x00000195f75e4800 Implicit null exception at 0x00000195e4aff499 to 0x00000195e4aff748
Event: 3314.256 Thread 0x00000195f4e98000 Implicit null exception at 0x00000195e45404b9 to 0x00000195e45405f1
Event: 3314.557 Thread 0x00000195f4e98000 Exception <a 'sun/nio/fs/WindowsException'{0x0000000091852588}> (0x0000000091852588) thrown at [./src/hotspot/share/prims/jni.cpp, line 615]
Event: 3314.557 Thread 0x00000195f4e98000 Exception <a 'sun/nio/fs/WindowsException'{0x0000000091853440}> (0x0000000091853440) thrown at [./src/hotspot/share/prims/jni.cpp, line 615]
Event: 3314.584 Thread 0x00000195f4e98000 Exception <a 'sun/nio/fs/WindowsException'{0x0000000091854a50}> (0x0000000091854a50) thrown at [./src/hotspot/share/prims/jni.cpp, line 615]
Event: 3314.584 Thread 0x00000195f4e98000 Exception <a 'sun/nio/fs/WindowsException'{0x0000000091855900}> (0x0000000091855900) thrown at [./src/hotspot/share/prims/jni.cpp, line 615]
Event: 3314.584 Thread 0x00000195f4e98000 Exception <a 'sun/nio/fs/WindowsException'{0x0000000091855bd0}> (0x0000000091855bd0) thrown at [./src/hotspot/share/prims/jni.cpp, line 615]
Event: 3314.584 Thread 0x00000195f4e98000 Exception <a 'sun/nio/fs/WindowsException'{0x0000000091856a50}> (0x0000000091856a50) thrown at [./src/hotspot/share/prims/jni.cpp, line 615]
Event: 3317.013 Thread 0x00000195f4ea0800 Exception <a 'sun/nio/fs/WindowsException'{0x000000009177e3e0}> (0x000000009177e3e0) thrown at [./src/hotspot/share/prims/jni.cpp, line 615]
Event: 3317.013 Thread 0x00000195f4ea0800 Exception <a 'sun/nio/fs/WindowsException'{0x000000009177e688}> (0x000000009177e688) thrown at [./src/hotspot/share/prims/jni.cpp, line 615]
Event: 3317.550 Thread 0x00000195f4e9d000 Exception <a 'sun/nio/fs/WindowsException'{0x0000000091241860}> (0x0000000091241860) thrown at [./src/hotspot/share/prims/jni.cpp, line 615]
Event: 3360.225 Thread 0x00000195f75e4800 Exception <a 'sun/nio/fs/WindowsException'{0x000000008fe38c20}> (0x000000008fe38c20) thrown at [./src/hotspot/share/prims/jni.cpp, line 615]
Event: 3360.438 Thread 0x00000195f75e4800 Exception <a 'java/lang/NoClassDefFoundError'{0x000000008fb17170}: org/jetbrains/kotlin/gradle/plugin/KotlinBasePluginWrapper> (0x000000008fb17170) thrown at [./src/hotspot/share/oops/constantPool.cpp, line 775]
Event: 3360.507 Thread 0x00000195f75e4800 Exception <a 'sun/nio/fs/WindowsException'{0x000000008fbde4b8}> (0x000000008fbde4b8) thrown at [./src/hotspot/share/prims/jni.cpp, line 615]
Event: 3360.517 Thread 0x00000195f75e4800 Exception <a 'sun/nio/fs/WindowsException'{0x000000008fa795f8}> (0x000000008fa795f8) thrown at [./src/hotspot/share/prims/jni.cpp, line 615]
Event: 3360.517 Thread 0x00000195f75e4800 Exception <a 'sun/nio/fs/WindowsException'{0x000000008fa7a5b8}> (0x000000008fa7a5b8) thrown at [./src/hotspot/share/prims/jni.cpp, line 615]
Event: 3360.517 Thread 0x00000195f75e4800 Exception <a 'sun/nio/fs/WindowsException'{0x000000008fa7b5c8}> (0x000000008fa7b5c8) thrown at [./src/hotspot/share/prims/jni.cpp, line 615]
Event: 3360.517 Thread 0x00000195f75e4800 Exception <a 'sun/nio/fs/WindowsException'{0x000000008fa7c5d8}> (0x000000008fa7c5d8) thrown at [./src/hotspot/share/prims/jni.cpp, line 615]
Event: 3360.761 Thread 0x00000195f75e4800 Exception <a 'sun/nio/fs/WindowsException'{0x000000008f64bd08}> (0x000000008f64bd08) thrown at [./src/hotspot/share/prims/jni.cpp, line 615]
Event: 3362.875 Thread 0x00000195f75e4800 Implicit null exception at 0x00000195e52dc4a7 to 0x00000195e52e1ed0

Events (20 events):
Event: 3361.759 Executing VM operation: RevokeBias
Event: 3361.759 Executing VM operation: RevokeBias done
Event: 3361.759 Executing VM operation: RevokeBias
Event: 3361.759 Executing VM operation: RevokeBias done
Event: 3361.759 Executing VM operation: RevokeBias
Event: 3361.759 Executing VM operation: RevokeBias done
Event: 3361.763 Executing VM operation: RevokeBias
Event: 3361.763 Executing VM operation: RevokeBias done
Event: 3361.763 Executing VM operation: RevokeBias
Event: 3361.763 Executing VM operation: RevokeBias done
Event: 3361.778 Executing VM operation: RevokeBias
Event: 3361.778 Executing VM operation: RevokeBias done
Event: 3362.075 Executing VM operation: G1CollectForAllocation
Event: 3362.124 Executing VM operation: G1CollectForAllocation done
Event: 3362.215 Executing VM operation: G1CollectForAllocation
Event: 3362.273 Executing VM operation: G1CollectForAllocation done
Event: 3362.675 Executing VM operation: RevokeBias
Event: 3362.675 Executing VM operation: RevokeBias done
Event: 3363.041 Executing VM operation: G1CollectForAllocation
Event: 3363.083 Executing VM operation: G1CollectForAllocation done


Dynamic libraries:
0x00007ff71b830000 - 0x00007ff71b83a000 	C:\Program Files\Android\Android Studio\jre\bin\java.exe
0x00007fffbc0e0000 - 0x00007fffbc2d0000 	C:\Windows\SYSTEM32\ntdll.dll
0x00007fffbbc30000 - 0x00007fffbbce2000 	C:\Windows\System32\KERNEL32.DLL
0x00007fffb9d30000 - 0x00007fffb9fd3000 	C:\Windows\System32\KERNELBASE.dll
0x00007fffb9210000 - 0x00007fffb930a000 	C:\Windows\System32\ucrtbase.dll
0x00007fffb0fb0000 - 0x00007fffb0fc9000 	C:\Program Files\Android\Android Studio\jre\bin\jli.dll
0x00007fffbbe50000 - 0x00007fffbbfe3000 	C:\Windows\System32\USER32.dll
0x00007fffb91e0000 - 0x00007fffb9201000 	C:\Windows\System32\win32u.dll
0x00007fffbbba0000 - 0x00007fffbbbc6000 	C:\Windows\System32\GDI32.dll
0x00007fffba000000 - 0x00007fffba194000 	C:\Windows\System32\gdi32full.dll
0x00007fffb9c90000 - 0x00007fffb9d2e000 	C:\Windows\System32\msvcp_win.dll
0x00007fffae470000 - 0x00007fffae487000 	C:\Program Files\Android\Android Studio\jre\bin\VCRUNTIME140.dll
0x00007fffa6f20000 - 0x00007fffa71a5000 	C:\Windows\WinSxS\amd64_microsoft.windows.common-controls_6595b64144ccf1df_6.0.18362.207_none_e6c5ae95130e4267\COMCTL32.dll
0x00007fffbb270000 - 0x00007fffbb30e000 	C:\Windows\System32\msvcrt.dll
0x00007fffbace0000 - 0x00007fffbb016000 	C:\Windows\System32\combase.dll
0x00007fffba200000 - 0x00007fffba320000 	C:\Windows\System32\RPCRT4.dll
0x00007fffb9150000 - 0x00007fffb91d1000 	C:\Windows\System32\bcryptPrimitives.dll
0x00007fffbbb70000 - 0x00007fffbbb9e000 	C:\Windows\System32\IMM32.DLL
0x00007fff63000000 - 0x00007fff6309d000 	C:\Program Files\Android\Android Studio\jre\bin\msvcp140.dll
0x00007fff4d220000 - 0x00007fff4dcef000 	C:\Program Files\Android\Android Studio\jre\bin\server\jvm.dll
0x00007fffbbff0000 - 0x00007fffbc093000 	C:\Windows\System32\ADVAPI32.dll
0x00007fffbbab0000 - 0x00007fffbbb47000 	C:\Windows\System32\sechost.dll
0x00007fffbbb60000 - 0x00007fffbbb68000 	C:\Windows\System32\PSAPI.DLL
0x00007fffb4180000 - 0x00007fffb4189000 	C:\Windows\SYSTEM32\WSOCK32.dll
0x00007fffbb5d0000 - 0x00007fffbb63f000 	C:\Windows\System32\WS2_32.dll
0x00007fffb7050000 - 0x00007fffb7074000 	C:\Windows\SYSTEM32\WINMM.dll
0x00007fffa8570000 - 0x00007fffa857a000 	C:\Windows\SYSTEM32\VERSION.dll
0x00007fffb58b0000 - 0x00007fffb58dd000 	C:\Windows\SYSTEM32\WINMMBASE.dll
0x00007fffb9070000 - 0x00007fffb90ba000 	C:\Windows\System32\cfgmgr32.dll
0x00007fffb9030000 - 0x00007fffb9041000 	C:\Windows\System32\kernel.appcore.dll
0x00007fffb2ce0000 - 0x00007fffb2cf1000 	C:\Program Files\Android\Android Studio\jre\bin\verify.dll
0x00007fffa80e0000 - 0x00007fffa82d4000 	C:\Windows\SYSTEM32\DBGHELP.DLL
0x00007fffa7720000 - 0x00007fffa774a000 	C:\Windows\SYSTEM32\dbgcore.DLL
0x00007fffb1510000 - 0x00007fffb1539000 	C:\Program Files\Android\Android Studio\jre\bin\java.dll
0x00007fffb4170000 - 0x00007fffb417b000 	C:\Program Files\Android\Android Studio\jre\bin\jimage.dll
0x00007fffb14f0000 - 0x00007fffb1508000 	C:\Program Files\Android\Android Studio\jre\bin\zip.dll
0x00007fffba5a0000 - 0x00007fffbac80000 	C:\Windows\System32\SHELL32.dll
0x00007fffbbda0000 - 0x00007fffbbe49000 	C:\Windows\System32\shcore.dll
0x00007fffb9310000 - 0x00007fffb9a8b000 	C:\Windows\System32\windows.storage.dll
0x00007fffb9010000 - 0x00007fffb902f000 	C:\Windows\System32\profapi.dll
0x00007fffb8fc0000 - 0x00007fffb900a000 	C:\Windows\System32\powrprof.dll
0x00007fffb8fb0000 - 0x00007fffb8fc0000 	C:\Windows\System32\UMPDC.dll
0x00007fffbbbd0000 - 0x00007fffbbc22000 	C:\Windows\System32\shlwapi.dll
0x00007fffb9fe0000 - 0x00007fffb9ff7000 	C:\Windows\System32\cryptsp.dll
0x00007fffb14d0000 - 0x00007fffb14ea000 	C:\Program Files\Android\Android Studio\jre\bin\net.dll
0x00007fffad480000 - 0x00007fffad570000 	C:\Windows\SYSTEM32\WINHTTP.dll
0x00007fffb87c0000 - 0x00007fffb8827000 	C:\Windows\system32\mswsock.dll
0x00007fffb14b0000 - 0x00007fffb14c4000 	C:\Program Files\Android\Android Studio\jre\bin\nio.dll
0x00007fffae7f0000 - 0x00007fffae817000 	C:\Users\ACER\.gradle\native\8bec1ad78214c89d9ad589b4d07fe93259594b29d510b10fafb7a158f7737e5d\windows-amd64\native-platform.dll
0x00007fff67410000 - 0x00007fff6754d000 	C:\Users\ACER\.gradle\native\53dbd7edfb1c66fb8903c78663c9afc45aea4f116125fa6feffd364cf09443e8\windows-amd64\native-platform-file-events.dll
0x00007fffb2390000 - 0x00007fffb239a000 	C:\Program Files\Android\Android Studio\jre\bin\management.dll
0x00007fffb14a0000 - 0x00007fffb14ac000 	C:\Program Files\Android\Android Studio\jre\bin\management_ext.dll
0x00007fffb8380000 - 0x00007fffb83b3000 	C:\Windows\system32\rsaenh.dll
0x00007fffb9120000 - 0x00007fffb9146000 	C:\Windows\System32\bcrypt.dll
0x00007fffb8ea0000 - 0x00007fffb8ec5000 	C:\Windows\SYSTEM32\USERENV.dll
0x00007fffb8990000 - 0x00007fffb899c000 	C:\Windows\SYSTEM32\CRYPTBASE.dll
0x00007fffb8520000 - 0x00007fffb855a000 	C:\Windows\SYSTEM32\IPHLPAPI.DLL
0x00007fffbb480000 - 0x00007fffbb488000 	C:\Windows\System32\NSI.dll
0x00007fffad6c0000 - 0x00007fffad6d6000 	C:\Windows\SYSTEM32\dhcpcsvc6.DLL
0x00007fffadae0000 - 0x00007fffadafc000 	C:\Windows\SYSTEM32\dhcpcsvc.DLL
0x00007fffb8560000 - 0x00007fffb862a000 	C:\Windows\SYSTEM32\DNSAPI.dll
0x00007fffa8310000 - 0x00007fffa8337000 	C:\Program Files\Android\Android Studio\jre\bin\sunec.dll
0x00007fffa9d30000 - 0x00007fffa9d3a000 	C:\Windows\System32\rasadhlp.dll
0x00007fffad5d0000 - 0x00007fffad647000 	C:\Windows\System32\fwpuclnt.dll
0x00007fffb8060000 - 0x00007fffb8091000 	C:\Windows\SYSTEM32\ntmarta.dll

dbghelp: loaded successfully - version: 4.0.5 - missing functions: none
symbol engine: initialized successfully - sym options: 0x614 - pdb path: .;C:\Program Files\Android\Android Studio\jre\bin;C:\Windows\SYSTEM32;C:\Windows\WinSxS\amd64_microsoft.windows.common-controls_6595b64144ccf1df_6.0.18362.207_none_e6c5ae95130e4267;C:\Program Files\Android\Android Studio\jre\bin\server;C:\Users\ACER\.gradle\native\8bec1ad78214c89d9ad589b4d07fe93259594b29d510b10fafb7a158f7737e5d\windows-amd64;C:\Users\ACER\.gradle\native\53dbd7edfb1c66fb8903c78663c9afc45aea4f116125fa6feffd364cf09443e8\windows-amd64

VM Arguments:
jvm_args: --add-opens=java.base/java.util=ALL-UNNAMED --add-opens=java.base/java.lang=ALL-UNNAMED --add-opens=java.base/java.lang.invoke=ALL-UNNAMED --add-opens=java.base/java.util=ALL-UNNAMED --add-opens=java.prefs/java.util.prefs=ALL-UNNAMED --add-opens=java.prefs/java.util.prefs=ALL-UNNAMED --add-opens=java.base/java.nio.charset=ALL-UNNAMED --add-opens=java.base/java.net=ALL-UNNAMED --add-opens=java.base/java.util.concurrent.atomic=ALL-UNNAMED -Xmx2048m -Dfile.encoding=UTF-8 -Duser.country=ID -Duser.language=en -Duser.variant 
java_command: org.gradle.launcher.daemon.bootstrap.GradleDaemon 7.0.2
java_class_path (initial): C:\Users\ACER\.gradle\wrapper\dists\gradle-7.0.2-bin\857tjihv64xamwrf0h14cai3r\gradle-7.0.2\lib\gradle-launcher-7.0.2.jar
Launcher Type: SUN_STANDARD

[Global flags]
     intx CICompilerCount                          = 2                                         {product} {ergonomic}
     uint ConcGCThreads                            = 1                                         {product} {ergonomic}
     uint G1ConcRefinementThreads                  = 2                                         {product} {ergonomic}
   size_t G1HeapRegionSize                         = 1048576                                   {product} {ergonomic}
    uintx GCDrainStackTargetSize                   = 64                                        {product} {ergonomic}
   size_t InitialHeapSize                          = 132120576                                 {product} {ergonomic}
   size_t MarkStackSize                            = 4194304                                   {product} {ergonomic}
   size_t MaxHeapSize                              = 2147483648                                {product} {command line}
   size_t MaxNewSize                               = 1287651328                                {product} {ergonomic}
   size_t MinHeapDeltaBytes                        = 1048576                                   {product} {ergonomic}
    uintx NonNMethodCodeHeapSize                   = 5825164                                {pd product} {ergonomic}
    uintx NonProfiledCodeHeapSize                  = 122916538                              {pd product} {ergonomic}
    uintx ProfiledCodeHeapSize                     = 122916538                              {pd product} {ergonomic}
    uintx ReservedCodeCacheSize                    = 251658240                              {pd product} {ergonomic}
     bool SegmentedCodeCache                       = true                                      {product} {ergonomic}
     bool UseCompressedClassPointers               = true                                 {lp64_product} {ergonomic}
     bool UseCompressedOops                        = true                                 {lp64_product} {ergonomic}
     bool UseG1GC                                  = true                                      {product} {ergonomic}
     bool UseLargePagesIndividualAllocation        = false                                  {pd product} {ergonomic}

Logging:
Log output configuration:
 #0: stdout all=warning uptime,level,tags
 #1: stderr all=off uptime,level,tags

Environment Variables:
PATH=C:\Program Files (x86)\Common Files\Oracle\Java\javapath;C:\ProgramData\Oracle\Java\javapath;C:\Windows\system32;C:\Windows;C:\Windows\System32\Wbem;C:\Windows\System32\WindowsPowerShell\v1.0\;C:\Windows\System32\OpenSSH\;C:\Program Files\Java\jdk1.8.0_111\bin;C:\Program Files\Git\cmd;C:\Program Files\Git\mingw64\bin;C:\Program Files\Git\usr\bin;C:\xampp\mysql\bin;C:\Users\ACER\AppData\Local\Microsoft\WindowsApps;C:\Users\ACER\AppData\Local\GitHubDesktop\bin;C:\Users\ACER\AppData\Local\Programs\Microsoft VS Code\bin;
USERNAME=ACER
OS=Windows_NT
PROCESSOR_IDENTIFIER=Intel64 Family 6 Model 122 Stepping 1, GenuineIntel



---------------  S Y S T E M  ---------------

OS: Windows 10 , 64 bit Build 18362 (10.0.18362.86)
OS uptime: 1 days 6:31 hours

CPU:total 2 (initial active 2) (2 cores per cpu, 1 threads per core) family 6 model 122 stepping 1 microcode 0x2e, cmov, cx8, fxsr, mmx, sse, sse2, sse3, ssse3, sse4.1, sse4.2, popcnt, aes, clmul, erms, 3dnowpref, tsc, tscinvbit, sha

Memory: 4k page, system-wide physical 8014M (489M free)
TotalPageFile size 13536M (AvailPageFile size 3471M)
current process WorkingSet (physical memory assigned to process): 685M, peak: 686M
current process commit charge ("private bytes"): 765M, peak: 769M

vm_info: OpenJDK 64-Bit Server VM (11.0.10+0-b96-7249189) for windows-amd64 JRE (11.0.10+0-b96-7249189), built on Mar 31 2021 21:44:00 by "builder" with MS VC++ 14.0 (VS2015)

END.
